
===========================================================================
report_checks -unconstrained
===========================================================================
======================= Typical Corner ===================================

Startpoint: _3536_ (rising edge-triggered flip-flop clocked by clk)
Endpoint: _3577_ (rising edge-triggered flip-flop clocked by clk)
Path Group: clk
Path Type: max

Fanout     Cap    Slew   Delay    Time   Description
-----------------------------------------------------------------------------
                  0.15    0.00    0.00   clock clk (rise edge)
                          0.00    0.00   clock network delay (ideal)
                  0.15    0.00    0.00 ^ _3536_/CLK (sky130_fd_sc_hd__dfrtp_2)
     6    0.02    0.08    0.48    0.48 v _3536_/Q (sky130_fd_sc_hd__dfrtp_2)
                                         u_piso.data_serial_o[1] (net)
                  0.08    0.00    0.48 v _2449_/A (sky130_fd_sc_hd__xor2_2)
     4    0.01    0.14    0.18    0.66 ^ _2449_/X (sky130_fd_sc_hd__xor2_2)
                                         _0879_ (net)
                  0.14    0.00    0.66 ^ _2450_/A_N (sky130_fd_sc_hd__and2b_2)
     1    0.00    0.03    0.22    0.88 v _2450_/X (sky130_fd_sc_hd__and2b_2)
                                         _0880_ (net)
                  0.03    0.00    0.88 v _2451_/A (sky130_fd_sc_hd__buf_1)
     6    0.03    0.16    0.19    1.07 v _2451_/X (sky130_fd_sc_hd__buf_1)
                                         _0881_ (net)
                  0.16    0.00    1.07 v _2454_/B1 (sky130_fd_sc_hd__a22o_2)
     6    0.03    0.10    0.32    1.39 v _2454_/X (sky130_fd_sc_hd__a22o_2)
                                         _0884_ (net)
                  0.10    0.00    1.39 v _2455_/D (sky130_fd_sc_hd__and4_2)
     1    0.00    0.04    0.24    1.63 v _2455_/X (sky130_fd_sc_hd__and4_2)
                                         _0885_ (net)
                  0.04    0.00    1.63 v _2456_/A (sky130_fd_sc_hd__buf_1)
     6    0.03    0.15    0.18    1.81 v _2456_/X (sky130_fd_sc_hd__buf_1)
                                         _0886_ (net)
                  0.15    0.00    1.81 v _2457_/C (sky130_fd_sc_hd__and3_2)
     2    0.01    0.06    0.27    2.09 v _2457_/X (sky130_fd_sc_hd__and3_2)
                                         _0887_ (net)
                  0.06    0.00    2.09 v _2504_/A (sky130_fd_sc_hd__or2_2)
     3    0.01    0.07    0.32    2.41 v _2504_/X (sky130_fd_sc_hd__or2_2)
                                         _0934_ (net)
                  0.07    0.00    2.41 v _2508_/B2 (sky130_fd_sc_hd__a221o_2)
     1    0.00    0.05    0.35    2.76 v _2508_/X (sky130_fd_sc_hd__a221o_2)
                                         _0938_ (net)
                  0.05    0.00    2.76 v _2510_/B1 (sky130_fd_sc_hd__a22o_2)
     6    0.02    0.08    0.25    3.01 v _2510_/X (sky130_fd_sc_hd__a22o_2)
                                         _0940_ (net)
                  0.08    0.00    3.01 v _2511_/A (sky130_fd_sc_hd__buf_1)
    10    0.03    0.17    0.22    3.23 v _2511_/X (sky130_fd_sc_hd__buf_1)
                                         _0941_ (net)
                  0.17    0.00    3.23 v _2875_/S (sky130_fd_sc_hd__mux2_2)
     4    0.01    0.07    0.34    3.57 v _2875_/X (sky130_fd_sc_hd__mux2_2)
                                         _1232_ (net)
                  0.07    0.00    3.57 v _2879_/A1 (sky130_fd_sc_hd__a21o_2)
     2    0.00    0.04    0.19    3.76 v _2879_/X (sky130_fd_sc_hd__a21o_2)
                                         _1236_ (net)
                  0.04    0.00    3.76 v _2885_/B (sky130_fd_sc_hd__or4_2)
     2    0.01    0.12    0.66    4.42 v _2885_/X (sky130_fd_sc_hd__or4_2)
                                         _1242_ (net)
                  0.12    0.00    4.42 v _2907_/A1 (sky130_fd_sc_hd__o211a_2)
     2    0.01    0.05    0.29    4.72 v _2907_/X (sky130_fd_sc_hd__o211a_2)
                                         _1264_ (net)
                  0.05    0.00    4.72 v _3047_/A1 (sky130_fd_sc_hd__o221a_2)
     2    0.01    0.05    0.30    5.01 v _3047_/X (sky130_fd_sc_hd__o221a_2)
                                         _1404_ (net)
                  0.05    0.00    5.01 v _3048_/B1 (sky130_fd_sc_hd__a31o_2)
     1    0.00    0.04    0.21    5.22 v _3048_/X (sky130_fd_sc_hd__a31o_2)
                                         _1405_ (net)
                  0.04    0.00    5.22 v _3066_/A2 (sky130_fd_sc_hd__o211a_2)
     1    0.00    0.05    0.23    5.45 v _3066_/X (sky130_fd_sc_hd__o211a_2)
                                         _1423_ (net)
                  0.05    0.00    5.45 v _3068_/B1 (sky130_fd_sc_hd__o22ai_2)
     1    0.00    0.10    0.09    5.55 ^ _3068_/Y (sky130_fd_sc_hd__o22ai_2)
                                         _0345_ (net)
                  0.10    0.00    5.55 ^ _3577_/D (sky130_fd_sc_hd__dfrtp_2)
                                  5.55   data arrival time

                  0.15   20.00   20.00   clock clk (rise edge)
                          0.00   20.00   clock network delay (ideal)
                         -0.25   19.75   clock uncertainty
                          0.00   19.75   clock reconvergence pessimism
                                 19.75 ^ _3577_/CLK (sky130_fd_sc_hd__dfrtp_2)
                         -0.06   19.69   library setup time
                                 19.69   data required time
-----------------------------------------------------------------------------
                                 19.69   data required time
                                 -5.55   data arrival time
-----------------------------------------------------------------------------
                                 14.14   slack (MET)




===========================================================================
report_checks --slack_max -0.01
============================================================================
======================= Typical Corner ===================================

No paths found.


===========================================================================
 report_check_types -max_slew -max_cap -max_fanout -violators
============================================================================
======================= Typical Corner ===================================

max slew

Pin                                    Limit    Slew   Slack
------------------------------------------------------------
_2468_/X                                0.50    0.63   -0.13 (VIOLATED)
_2469_/A                                0.50    0.63   -0.13 (VIOLATED)
_2481_/B                                0.50    0.63   -0.13 (VIOLATED)
_2482_/A1                               0.50    0.63   -0.13 (VIOLATED)
_2488_/A                                0.50    0.63   -0.13 (VIOLATED)
_2492_/A2                               0.50    0.63   -0.13 (VIOLATED)
_2493_/C                                0.50    0.63   -0.13 (VIOLATED)
_2719_/A                                0.50    0.63   -0.13 (VIOLATED)
_2729_/A                                0.50    0.63   -0.13 (VIOLATED)
_2737_/A2                               0.50    0.63   -0.13 (VIOLATED)
_3204_/B                                0.50    0.63   -0.13 (VIOLATED)
_2839_/Y                                0.50    0.57   -0.07 (VIOLATED)
_2840_/B                                0.50    0.57   -0.07 (VIOLATED)
_2869_/A2                               0.50    0.57   -0.07 (VIOLATED)
_2870_/A2                               0.50    0.57   -0.07 (VIOLATED)
_2878_/B                                0.50    0.57   -0.07 (VIOLATED)
_2904_/A2                               0.50    0.57   -0.07 (VIOLATED)
_2905_/A2                               0.50    0.57   -0.07 (VIOLATED)
_2952_/A                                0.50    0.57   -0.07 (VIOLATED)
_2980_/A1                               0.50    0.57   -0.07 (VIOLATED)
_2982_/A1                               0.50    0.57   -0.07 (VIOLATED)
_3214_/A1                               0.50    0.57   -0.07 (VIOLATED)

max fanout

Pin                                   Limit Fanout  Slack
---------------------------------------------------------
rst_n                                    10    166   -156 (VIOLATED)


max slew violations count Typical: 22
max fanout violations count Typical: 1
max cap violations count Typical: 0

===========================================================================
report_parasitic_annotation -report_unannotated
============================================================================
Found 2051 unannotated drivers.
 clk
 data_i[0]
 data_i[10]
 data_i[11]
 data_i[12]
 data_i[13]
 data_i[14]
 data_i[15]
 data_i[1]
 data_i[2]
 data_i[3]
 data_i[4]
 data_i[5]
 data_i[6]
 data_i[7]
 data_i[8]
 data_i[9]
 dvalid_i
 rst_n
 _1616_/Y
 _1617_/X
 _1618_/X
 _1619_/Y
 _1620_/X
 _1621_/X
 _1622_/X
 _1623_/X
 _1624_/X
 _1625_/X
 _1626_/X
 _1627_/X
 _1628_/X
 _1629_/X
 _1630_/X
 _1631_/X
 _1632_/X
 _1633_/Y
 _1634_/X
 _1635_/X
 _1636_/X
 _1637_/X
 _1638_/X
 _1639_/X
 _1640_/X
 _1641_/X
 _1642_/X
 _1643_/X
 _1644_/X
 _1645_/X
 _1646_/X
 _1647_/X
 _1648_/X
 _1649_/X
 _1650_/X
 _1651_/X
 _1652_/X
 _1653_/X
 _1654_/X
 _1655_/X
 _1656_/X
 _1657_/X
 _1658_/X
 _1659_/X
 _1660_/X
 _1661_/X
 _1662_/X
 _1663_/X
 _1664_/X
 _1665_/X
 _1666_/X
 _1667_/X
 _1668_/X
 _1669_/X
 _1670_/X
 _1671_/X
 _1672_/X
 _1673_/X
 _1674_/X
 _1675_/X
 _1676_/X
 _1677_/X
 _1678_/X
 _1679_/X
 _1680_/X
 _1681_/X
 _1682_/Y
 _1683_/Y
 _1684_/Y
 _1685_/X
 _1686_/X
 _1687_/X
 _1688_/X
 _1689_/X
 _1690_/X
 _1691_/X
 _1692_/X
 _1693_/X
 _1694_/X
 _1695_/X
 _1696_/X
 _1697_/X
 _1698_/X
 _1699_/X
 _1700_/X
 _1701_/X
 _1702_/X
 _1703_/X
 _1704_/X
 _1705_/X
 _1706_/X
 _1707_/X
 _1708_/X
 _1709_/X
 _1710_/X
 _1711_/X
 _1712_/X
 _1713_/X
 _1714_/X
 _1715_/X
 _1716_/X
 _1717_/X
 _1718_/Y
 _1719_/Y
 _1720_/Y
 _1721_/X
 _1722_/X
 _1723_/X
 _1724_/X
 _1725_/X
 _1726_/X
 _1727_/X
 _1728_/X
 _1729_/X
 _1730_/X
 _1731_/X
 _1732_/X
 _1733_/X
 _1734_/X
 _1735_/X
 _1736_/X
 _1737_/X
 _1738_/X
 _1739_/X
 _1740_/X
 _1741_/X
 _1742_/X
 _1743_/X
 _1744_/X
 _1745_/X
 _1746_/X
 _1747_/X
 _1748_/X
 _1749_/X
 _1750_/X
 _1751_/X
 _1752_/X
 _1753_/X
 _1754_/X
 _1755_/X
 _1756_/X
 _1757_/Y
 _1758_/X
 _1759_/X
 _1760_/X
 _1761_/X
 _1762_/X
 _1763_/X
 _1764_/X
 _1765_/X
 _1766_/X
 _1767_/X
 _1768_/X
 _1769_/X
 _1770_/X
 _1771_/X
 _1772_/X
 _1773_/X
 _1774_/X
 _1775_/X
 _1776_/X
 _1777_/X
 _1778_/X
 _1779_/X
 _1780_/X
 _1781_/X
 _1782_/X
 _1783_/X
 _1784_/X
 _1785_/X
 _1786_/X
 _1787_/X
 _1788_/X
 _1789_/X
 _1790_/X
 _1791_/Y
 _1792_/X
 _1793_/X
 _1794_/X
 _1795_/X
 _1796_/X
 _1797_/X
 _1798_/X
 _1799_/X
 _1800_/X
 _1801_/X
 _1802_/X
 _1803_/X
 _1804_/X
 _1805_/X
 _1806_/X
 _1807_/X
 _1808_/X
 _1809_/X
 _1810_/X
 _1811_/X
 _1812_/X
 _1813_/X
 _1814_/X
 _1815_/X
 _1816_/X
 _1817_/X
 _1818_/X
 _1819_/X
 _1820_/X
 _1821_/X
 _1822_/X
 _1823_/X
 _1824_/X
 _1825_/Y
 _1826_/X
 _1827_/X
 _1828_/X
 _1829_/X
 _1830_/X
 _1831_/X
 _1832_/X
 _1833_/X
 _1834_/X
 _1835_/X
 _1836_/X
 _1837_/X
 _1838_/X
 _1839_/X
 _1840_/X
 _1841_/X
 _1842_/X
 _1843_/X
 _1844_/X
 _1845_/X
 _1846_/X
 _1847_/X
 _1848_/X
 _1849_/X
 _1850_/X
 _1851_/X
 _1852_/X
 _1853_/X
 _1854_/X
 _1855_/X
 _1856_/X
 _1857_/X
 _1858_/X
 _1859_/Y
 _1860_/X
 _1861_/X
 _1862_/X
 _1863_/X
 _1864_/X
 _1865_/X
 _1866_/X
 _1867_/X
 _1868_/X
 _1869_/X
 _1870_/X
 _1871_/X
 _1872_/X
 _1873_/X
 _1874_/X
 _1875_/X
 _1876_/X
 _1877_/X
 _1878_/X
 _1879_/X
 _1880_/X
 _1881_/X
 _1882_/X
 _1883_/X
 _1884_/X
 _1885_/X
 _1886_/X
 _1887_/X
 _1888_/X
 _1889_/X
 _1890_/X
 _1891_/X
 _1892_/X
 _1893_/X
 _1894_/Y
 _1895_/X
 _1896_/X
 _1897_/X
 _1898_/X
 _1899_/X
 _1900_/X
 _1901_/X
 _1902_/X
 _1903_/X
 _1904_/X
 _1905_/X
 _1906_/X
 _1907_/X
 _1908_/X
 _1909_/X
 _1910_/X
 _1911_/X
 _1912_/X
 _1913_/X
 _1914_/X
 _1915_/X
 _1916_/X
 _1917_/X
 _1918_/X
 _1919_/X
 _1920_/X
 _1921_/X
 _1922_/X
 _1923_/X
 _1924_/X
 _1925_/X
 _1926_/X
 _1927_/X
 _1928_/Y
 _1929_/X
 _1930_/X
 _1931_/X
 _1932_/X
 _1933_/X
 _1934_/X
 _1935_/X
 _1936_/X
 _1937_/X
 _1938_/X
 _1939_/X
 _1940_/X
 _1941_/X
 _1942_/X
 _1943_/X
 _1944_/X
 _1945_/X
 _1946_/X
 _1947_/X
 _1948_/X
 _1949_/X
 _1950_/X
 _1951_/X
 _1952_/X
 _1953_/X
 _1954_/X
 _1955_/X
 _1956_/X
 _1957_/X
 _1958_/X
 _1959_/X
 _1960_/X
 _1961_/X
 _1962_/Y
 _1963_/X
 _1964_/X
 _1965_/X
 _1966_/X
 _1967_/X
 _1968_/X
 _1969_/X
 _1970_/X
 _1971_/X
 _1972_/X
 _1973_/X
 _1974_/X
 _1975_/X
 _1976_/X
 _1977_/X
 _1978_/X
 _1979_/X
 _1980_/X
 _1981_/X
 _1982_/X
 _1983_/X
 _1984_/X
 _1985_/X
 _1986_/X
 _1987_/X
 _1988_/X
 _1989_/X
 _1990_/X
 _1991_/X
 _1992_/X
 _1993_/X
 _1994_/X
 _1995_/X
 _1996_/Y
 _1997_/X
 _1998_/X
 _1999_/X
 _2000_/X
 _2001_/X
 _2002_/X
 _2003_/X
 _2004_/X
 _2005_/X
 _2006_/X
 _2007_/X
 _2008_/X
 _2009_/X
 _2010_/X
 _2011_/X
 _2012_/X
 _2013_/X
 _2014_/X
 _2015_/X
 _2016_/X
 _2017_/X
 _2018_/X
 _2019_/X
 _2020_/X
 _2021_/X
 _2022_/X
 _2023_/X
 _2024_/X
 _2025_/X
 _2026_/X
 _2027_/X
 _2028_/X
 _2029_/X
 _2030_/X
 _2031_/X
 _2032_/X
 _2033_/X
 _2034_/X
 _2035_/X
 _2036_/X
 _2037_/X
 _2038_/X
 _2039_/X
 _2040_/X
 _2041_/X
 _2042_/X
 _2043_/X
 _2044_/X
 _2045_/X
 _2046_/X
 _2047_/X
 _2048_/X
 _2049_/X
 _2050_/X
 _2051_/X
 _2052_/X
 _2053_/X
 _2054_/X
 _2055_/X
 _2056_/X
 _2057_/X
 _2058_/X
 _2059_/X
 _2060_/X
 _2061_/X
 _2062_/X
 _2063_/X
 _2064_/X
 _2065_/X
 _2066_/X
 _2067_/X
 _2068_/X
 _2069_/X
 _2070_/X
 _2071_/X
 _2072_/X
 _2073_/X
 _2074_/X
 _2075_/X
 _2076_/X
 _2077_/X
 _2078_/X
 _2079_/X
 _2080_/X
 _2081_/X
 _2082_/X
 _2083_/X
 _2084_/X
 _2085_/X
 _2086_/X
 _2087_/X
 _2088_/X
 _2089_/X
 _2090_/X
 _2091_/X
 _2092_/X
 _2093_/X
 _2094_/X
 _2095_/X
 _2096_/X
 _2097_/X
 _2098_/X
 _2099_/X
 _2100_/X
 _2101_/X
 _2102_/X
 _2103_/X
 _2104_/X
 _2105_/X
 _2106_/X
 _2107_/X
 _2108_/X
 _2109_/X
 _2110_/X
 _2111_/X
 _2112_/X
 _2113_/X
 _2114_/X
 _2115_/X
 _2116_/X
 _2117_/X
 _2118_/X
 _2119_/X
 _2120_/X
 _2121_/X
 _2122_/X
 _2123_/X
 _2124_/X
 _2125_/X
 _2126_/X
 _2127_/X
 _2128_/X
 _2129_/X
 _2130_/X
 _2131_/X
 _2132_/X
 _2133_/X
 _2134_/X
 _2135_/X
 _2136_/X
 _2137_/X
 _2138_/X
 _2139_/X
 _2140_/X
 _2141_/X
 _2142_/X
 _2143_/X
 _2144_/X
 _2145_/X
 _2146_/X
 _2147_/X
 _2148_/X
 _2149_/X
 _2150_/X
 _2151_/X
 _2152_/X
 _2153_/X
 _2154_/X
 _2155_/X
 _2156_/X
 _2157_/X
 _2158_/X
 _2159_/X
 _2160_/X
 _2161_/X
 _2162_/X
 _2163_/X
 _2164_/X
 _2165_/X
 _2166_/X
 _2167_/X
 _2168_/X
 _2169_/X
 _2170_/X
 _2171_/X
 _2172_/Y
 _2173_/X
 _2174_/X
 _2175_/X
 _2176_/Y
 _2177_/Y
 _2178_/Y
 _2179_/Y
 _2180_/X
 _2181_/X
 _2182_/X
 _2183_/X
 _2184_/X
 _2185_/X
 _2186_/Y
 _2187_/Y
 _2188_/X
 _2189_/X
 _2190_/X
 _2191_/X
 _2192_/X
 _2193_/X
 _2194_/X
 _2195_/Y
 _2196_/X
 _2197_/Y
 _2198_/Y
 _2199_/Y
 _2200_/X
 _2201_/Y
 _2202_/Y
 _2203_/X
 _2204_/Y
 _2205_/X
 _2206_/X
 _2207_/X
 _2208_/Y
 _2209_/Y
 _2210_/Y
 _2211_/X
 _2212_/Y
 _2213_/Y
 _2214_/X
 _2215_/X
 _2216_/Y
 _2217_/X
 _2218_/Y
 _2219_/X
 _2220_/Y
 _2221_/Y
 _2222_/X
 _2223_/X
 _2224_/Y
 _2225_/X
 _2226_/Y
 _2227_/Y
 _2228_/X
 _2229_/X
 _2230_/Y
 _2231_/X
 _2232_/X
 _2233_/X
 _2234_/X
 _2235_/X
 _2236_/X
 _2237_/X
 _2238_/X
 _2239_/X
 _2240_/X
 _2241_/X
 _2242_/X
 _2243_/X
 _2244_/X
 _2245_/X
 _2246_/X
 _2247_/X
 _2248_/X
 _2249_/X
 _2250_/X
 _2251_/X
 _2252_/X
 _2253_/X
 _2254_/X
 _2255_/X
 _2256_/X
 _2257_/X
 _2258_/X
 _2259_/X
 _2260_/X
 _2261_/X
 _2262_/X
 _2263_/X
 _2264_/X
 _2265_/X
 _2266_/X
 _2267_/X
 _2268_/X
 _2269_/X
 _2270_/X
 _2271_/X
 _2272_/X
 _2273_/X
 _2274_/X
 _2275_/X
 _2276_/X
 _2277_/X
 _2278_/X
 _2279_/X
 _2280_/X
 _2281_/X
 _2282_/X
 _2283_/X
 _2284_/X
 _2285_/X
 _2286_/X
 _2287_/X
 _2288_/X
 _2289_/X
 _2290_/X
 _2291_/X
 _2292_/X
 _2293_/X
 _2294_/X
 _2295_/X
 _2296_/X
 _2297_/X
 _2298_/X
 _2299_/X
 _2300_/X
 _2301_/X
 _2302_/X
 _2303_/X
 _2304_/X
 _2305_/X
 _2306_/X
 _2307_/X
 _2308_/X
 _2309_/X
 _2310_/X
 _2311_/X
 _2312_/X
 _2313_/X
 _2314_/X
 _2315_/X
 _2316_/X
 _2317_/X
 _2318_/X
 _2319_/X
 _2320_/X
 _2321_/X
 _2322_/X
 _2323_/X
 _2324_/X
 _2325_/X
 _2326_/X
 _2327_/X
 _2328_/X
 _2329_/X
 _2330_/X
 _2331_/X
 _2332_/X
 _2333_/X
 _2334_/X
 _2335_/X
 _2336_/X
 _2337_/X
 _2338_/X
 _2339_/X
 _2340_/X
 _2341_/X
 _2342_/X
 _2343_/X
 _2344_/X
 _2345_/X
 _2346_/X
 _2347_/X
 _2348_/X
 _2349_/X
 _2350_/X
 _2351_/X
 _2352_/X
 _2353_/X
 _2354_/X
 _2355_/X
 _2356_/X
 _2357_/X
 _2358_/X
 _2359_/X
 _2360_/X
 _2361_/X
 _2362_/X
 _2363_/X
 _2364_/X
 _2365_/X
 _2366_/X
 _2367_/X
 _2368_/X
 _2369_/X
 _2370_/X
 _2371_/X
 _2372_/X
 _2373_/X
 _2374_/X
 _2375_/X
 _2376_/X
 _2377_/X
 _2378_/X
 _2379_/X
 _2380_/X
 _2381_/X
 _2382_/X
 _2383_/X
 _2384_/X
 _2385_/X
 _2386_/X
 _2387_/X
 _2388_/X
 _2389_/X
 _2390_/X
 _2391_/X
 _2392_/X
 _2393_/X
 _2394_/X
 _2395_/X
 _2396_/X
 _2397_/X
 _2398_/X
 _2399_/X
 _2400_/X
 _2401_/X
 _2402_/X
 _2403_/X
 _2404_/X
 _2405_/X
 _2406_/X
 _2407_/X
 _2408_/X
 _2409_/X
 _2410_/X
 _2411_/X
 _2412_/X
 _2413_/X
 _2414_/X
 _2415_/X
 _2416_/X
 _2417_/X
 _2418_/X
 _2419_/X
 _2420_/Y
 _2421_/Y
 _2422_/Y
 _2423_/X
 _2424_/Y
 _2425_/Y
 _2426_/Y
 _2427_/X
 _2428_/Y
 _2429_/X
 _2430_/X
 _2431_/Y
 _2432_/Y
 _2433_/X
 _2434_/Y
 _2435_/X
 _2436_/X
 _2437_/X
 _2438_/X
 _2439_/Y
 _2440_/X
 _2441_/X
 _2442_/Y
 _2443_/X
 _2444_/X
 _2445_/X
 _2446_/Y
 _2447_/X
 _2448_/Y
 _2449_/X
 _2450_/X
 _2451_/X
 _2452_/Y
 _2453_/X
 _2454_/X
 _2455_/X
 _2456_/X
 _2457_/X
 _2458_/Y
 _2459_/X
 _2460_/X
 _2461_/Y
 _2462_/Y
 _2463_/Y
 _2464_/X
 _2465_/X
 _2466_/X
 _2467_/Y
 _2468_/X
 _2469_/X
 _2470_/X
 _2471_/Y
 _2472_/X
 _2473_/Y
 _2474_/X
 _2475_/X
 _2476_/Y
 _2477_/X
 _2478_/X
 _2479_/X
 _2480_/X
 _2481_/Y
 _2482_/X
 _2483_/Y
 _2484_/X
 _2485_/X
 _2486_/Y
 _2487_/Y
 _2488_/Y
 _2489_/Y
 _2490_/X
 _2491_/Y
 _2492_/X
 _2493_/Y
 _2494_/X
 _2495_/X
 _2496_/X
 _2497_/X
 _2498_/Y
 _2499_/Y
 _2500_/X
 _2501_/Y
 _2502_/Y
 _2503_/Y
 _2504_/X
 _2505_/X
 _2506_/Y
 _2507_/Y
 _2508_/X
 _2509_/X
 _2510_/X
 _2511_/X
 _2512_/X
 _2513_/X
 _2514_/X
 _2515_/X
 _2516_/X
 _2517_/X
 _2518_/X
 _2519_/X
 _2520_/X
 _2521_/X
 _2522_/X
 _2523_/X
 _2524_/X
 _2525_/X
 _2526_/X
 _2527_/X
 _2528_/X
 _2529_/X
 _2530_/X
 _2531_/X
 _2532_/X
 _2533_/X
 _2534_/X
 _2535_/X
 _2536_/X
 _2537_/X
 _2538_/X
 _2539_/X
 _2540_/X
 _2541_/X
 _2542_/X
 _2543_/X
 _2544_/X
 _2545_/X
 _2546_/X
 _2547_/X
 _2548_/X
 _2549_/X
 _2550_/X
 _2551_/X
 _2552_/X
 _2553_/X
 _2554_/X
 _2555_/X
 _2556_/X
 _2557_/Y
 _2558_/X
 _2559_/X
 _2560_/X
 _2561_/Y
 _2562_/X
 _2563_/Y
 _2564_/Y
 _2565_/X
 _2566_/X
 _2567_/Y
 _2568_/Y
 _2569_/X
 _2570_/Y
 _2571_/X
 _2572_/X
 _2573_/X
 _2574_/Y
 _2575_/X
 _2576_/Y
 _2577_/X
 _2578_/Y
 _2579_/Y
 _2580_/X
 _2581_/Y
 _2582_/X
 _2583_/X
 _2584_/Y
 _2585_/Y
 _2586_/X
 _2587_/Y
 _2588_/X
 _2589_/Y
 _2590_/X
 _2591_/X
 _2592_/X
 _2593_/X
 _2594_/X
 _2595_/X
 _2596_/X
 _2597_/X
 _2598_/Y
 _2599_/X
 _2600_/Y
 _2601_/Y
 _2602_/X
 _2603_/X
 _2604_/Y
 _2605_/Y
 _2606_/X
 _2607_/X
 _2608_/X
 _2609_/X
 _2610_/X
 _2611_/X
 _2612_/X
 _2613_/X
 _2614_/X
 _2615_/X
 _2616_/X
 _2617_/X
 _2618_/X
 _2619_/X
 _2620_/X
 _2621_/X
 _2622_/X
 _2623_/X
 _2624_/X
 _2625_/X
 _2626_/X
 _2627_/X
 _2628_/X
 _2629_/X
 _2630_/X
 _2631_/X
 _2632_/X
 _2633_/X
 _2634_/X
 _2635_/X
 _2636_/X
 _2637_/X
 _2638_/X
 _2639_/X
 _2640_/X
 _2641_/X
 _2642_/X
 _2643_/X
 _2644_/X
 _2645_/X
 _2646_/X
 _2647_/X
 _2648_/X
 _2649_/X
 _2650_/X
 _2651_/X
 _2652_/X
 _2653_/X
 _2654_/Y
 _2655_/X
 _2656_/Y
 _2657_/X
 _2658_/Y
 _2659_/X
 _2660_/X
 _2661_/Y
 _2662_/X
 _2663_/X
 _2664_/X
 _2665_/X
 _2666_/X
 _2667_/X
 _2668_/X
 _2669_/X
 _2670_/Y
 _2671_/X
 _2672_/X
 _2673_/X
 _2674_/X
 _2675_/X
 _2676_/X
 _2677_/X
 _2678_/X
 _2679_/Y
 _2680_/Y
 _2681_/X
 _2682_/Y
 _2683_/X
 _2684_/X
 _2685_/X
 _2686_/X
 _2687_/X
 _2688_/X
 _2689_/X
 _2690_/X
 _2691_/X
 _2692_/X
 _2693_/X
 _2694_/X
 _2695_/X
 _2696_/X
 _2697_/X
 _2698_/X
 _2699_/X
 _2700_/X
 _2701_/X
 _2702_/X
 _2703_/X
 _2704_/X
 _2705_/X
 _2706_/X
 _2707_/X
 _2708_/X
 _2709_/X
 _2710_/X
 _2711_/X
 _2712_/X
 _2713_/X
 _2714_/X
 _2715_/X
 _2716_/X
 _2717_/Y
 _2718_/Y
 _2719_/X
 _2720_/X
 _2721_/Y
 _2722_/X
 _2723_/X
 _2724_/Y
 _2725_/X
 _2726_/X
 _2727_/Y
 _2728_/Y
 _2729_/Y
 _2730_/X
 _2731_/X
 _2732_/X
 _2733_/X
 _2734_/X
 _2735_/X
 _2736_/X
 _2737_/X
 _2738_/X
 _2739_/X
 _2740_/Y
 _2741_/X
 _2742_/X
 _2743_/X
 _2744_/X
 _2745_/Y
 _2746_/Y
 _2747_/X
 _2748_/Y
 _2749_/X
 _2750_/X
 _2751_/Y
 _2752_/X
 _2753_/X
 _2754_/X
 _2755_/X
 _2756_/X
 _2757_/X
 _2758_/X
 _2759_/Y
 _2760_/Y
 _2761_/X
 _2762_/X
 _2763_/X
 _2764_/Y
 _2765_/X
 _2766_/X
 _2767_/X
 _2768_/X
 _2769_/Y
 _2770_/X
 _2771_/X
 _2772_/X
 _2773_/X
 _2774_/Y
 _2775_/X
 _2776_/X
 _2777_/X
 _2778_/Y
 _2779_/Y
 _2780_/X
 _2781_/X
 _2782_/X
 _2783_/Y
 _2784_/X
 _2785_/X
 _2786_/X
 _2787_/X
 _2788_/Y
 _2789_/X
 _2790_/X
 _2791_/X
 _2792_/Y
 _2793_/X
 _2794_/X
 _2795_/X
 _2796_/X
 _2797_/X
 _2798_/X
 _2799_/X
 _2800_/X
 _2801_/X
 _2802_/X
 _2803_/X
 _2804_/X
 _2805_/X
 _2806_/X
 _2807_/X
 _2808_/X
 _2809_/X
 _2810_/X
 _2811_/X
 _2812_/X
 _2813_/X
 _2814_/X
 _2815_/X
 _2816_/X
 _2817_/X
 _2818_/X
 _2819_/X
 _2820_/X
 _2821_/X
 _2822_/X
 _2823_/X
 _2824_/X
 _2825_/X
 _2826_/X
 _2827_/X
 _2828_/X
 _2829_/X
 _2830_/X
 _2831_/X
 _2832_/X
 _2833_/Y
 _2834_/Y
 _2835_/Y
 _2836_/X
 _2837_/X
 _2838_/Y
 _2839_/Y
 _2840_/Y
 _2841_/Y
 _2842_/Y
 _2843_/X
 _2844_/Y
 _2845_/Y
 _2846_/X
 _2847_/X
 _2848_/X
 _2849_/Y
 _2850_/X
 _2851_/Y
 _2852_/X
 _2853_/X
 _2854_/Y
 _2855_/X
 _2856_/Y
 _2857_/X
 _2858_/Y
 _2859_/X
 _2860_/X
 _2861_/X
 _2862_/Y
 _2863_/Y
 _2864_/X
 _2865_/Y
 _2866_/Y
 _2867_/X
 _2868_/X
 _2869_/X
 _2870_/Y
 _2871_/X
 _2872_/Y
 _2873_/X
 _2874_/X
 _2875_/X
 _2876_/Y
 _2877_/Y
 _2878_/Y
 _2879_/X
 _2880_/Y
 _2881_/X
 _2882_/Y
 _2883_/X
 _2884_/X
 _2885_/X
 _2886_/Y
 _2887_/X
 _2888_/X
 _2889_/X
 _2890_/X
 _2891_/Y
 _2892_/X
 _2893_/X
 _2894_/Y
 _2895_/Y
 _2896_/X
 _2897_/X
 _2898_/Y
 _2899_/X
 _2900_/Y
 _2901_/Y
 _2902_/X
 _2903_/X
 _2904_/X
 _2905_/X
 _2906_/X
 _2907_/X
 _2908_/X
 _2909_/X
 _2910_/Y
 _2911_/X
 _2912_/Y
 _2913_/Y
 _2914_/Y
 _2915_/X
 _2916_/Y
 _2917_/Y
 _2918_/X
 _2919_/X
 _2920_/X
 _2921_/X
 _2922_/X
 _2923_/X
 _2924_/X
 _2925_/X
 _2926_/X
 _2927_/Y
 _2928_/Y
 _2929_/X
 _2930_/Y
 _2931_/X
 _2932_/X
 _2933_/X
 _2934_/Y
 _2935_/X
 _2936_/X
 _2937_/X
 _2938_/Y
 _2939_/X
 _2940_/Y
 _2941_/X
 _2942_/X
 _2943_/X
 _2944_/X
 _2945_/X
 _2946_/X
 _2947_/Y
 _2948_/X
 _2949_/X
 _2950_/X
 _2951_/X
 _2952_/Y
 _2953_/Y
 _2954_/X
 _2955_/X
 _2956_/Y
 _2957_/X
 _2958_/X
 _2959_/X
 _2960_/Y
 _2961_/Y
 _2962_/X
 _2963_/Y
 _2964_/X
 _2965_/Y
 _2966_/X
 _2967_/Y
 _2968_/X
 _2969_/Y
 _2970_/X
 _2971_/Y
 _2972_/X
 _2973_/Y
 _2974_/X
 _2975_/X
 _2976_/Y
 _2977_/Y
 _2978_/X
 _2979_/X
 _2980_/X
 _2981_/X
 _2982_/Y
 _2983_/Y
 _2984_/Y
 _2985_/Y
 _2986_/Y
 _2987_/X
 _2988_/X
 _2989_/Y
 _2990_/X
 _2991_/Y
 _2992_/X
 _2993_/X
 _2994_/Y
 _2995_/Y
 _2996_/X
 _2997_/X
 _2998_/X
 _2999_/Y
 _3000_/X
 _3001_/X
 _3002_/X
 _3003_/X
 _3004_/Y
 _3005_/Y
 _3006_/X
 _3007_/Y
 _3008_/X
 _3009_/Y
 _3010_/X
 _3011_/Y
 _3012_/X
 _3013_/X
 _3014_/X
 _3015_/Y
 _3016_/X
 _3017_/X
 _3018_/X
 _3019_/Y
 _3020_/X
 _3021_/Y
 _3022_/X
 _3023_/Y
 _3024_/Y
 _3025_/Y
 _3026_/Y
 _3027_/X
 _3028_/Y
 _3029_/Y
 _3030_/Y
 _3031_/X
 _3032_/Y
 _3033_/X
 _3034_/Y
 _3035_/Y
 _3036_/Y
 _3037_/X
 _3038_/Y
 _3039_/X
 _3040_/Y
 _3041_/X
 _3042_/X
 _3043_/Y
 _3044_/Y
 _3045_/X
 _3046_/X
 _3047_/X
 _3048_/X
 _3049_/Y
 _3050_/X
 _3051_/X
 _3052_/Y
 _3053_/X
 _3054_/X
 _3055_/X
 _3056_/X
 _3057_/X
 _3058_/Y
 _3059_/Y
 _3060_/Y
 _3061_/Y
 _3062_/Y
 _3063_/X
 _3064_/X
 _3065_/Y
 _3066_/X
 _3067_/Y
 _3068_/Y
 _3069_/X
 _3070_/X
 _3071_/X
 _3072_/X
 _3073_/X
 _3074_/X
 _3075_/X
 _3076_/X
 _3077_/X
 _3078_/X
 _3079_/X
 _3080_/X
 _3081_/X
 _3082_/X
 _3083_/X
 _3084_/X
 _3085_/X
 _3086_/X
 _3087_/X
 _3088_/X
 _3089_/X
 _3090_/X
 _3091_/X
 _3092_/X
 _3093_/X
 _3094_/X
 _3095_/X
 _3096_/X
 _3097_/X
 _3098_/X
 _3099_/X
 _3100_/X
 _3101_/X
 _3102_/X
 _3103_/X
 _3104_/X
 _3105_/X
 _3106_/X
 _3107_/X
 _3108_/X
 _3109_/X
 _3110_/X
 _3111_/X
 _3112_/X
 _3113_/X
 _3114_/X
 _3115_/X
 _3116_/X
 _3117_/X
 _3118_/X
 _3119_/X
 _3120_/X
 _3121_/X
 _3122_/X
 _3123_/X
 _3124_/X
 _3125_/X
 _3126_/X
 _3127_/X
 _3128_/X
 _3129_/X
 _3130_/X
 _3131_/X
 _3132_/X
 _3133_/X
 _3134_/X
 _3135_/X
 _3136_/X
 _3137_/X
 _3138_/X
 _3139_/X
 _3140_/X
 _3141_/X
 _3142_/X
 _3143_/X
 _3144_/X
 _3145_/X
 _3146_/X
 _3147_/X
 _3148_/X
 _3149_/X
 _3150_/X
 _3151_/X
 _3152_/X
 _3153_/X
 _3154_/Y
 _3155_/X
 _3156_/X
 _3157_/Y
 _3158_/Y
 _3159_/X
 _3160_/X
 _3161_/X
 _3162_/Y
 _3163_/Y
 _3164_/Y
 _3165_/Y
 _3166_/X
 _3167_/X
 _3168_/X
 _3169_/X
 _3170_/X
 _3171_/X
 _3172_/X
 _3173_/X
 _3174_/X
 _3175_/X
 _3176_/Y
 _3177_/X
 _3178_/X
 _3179_/Y
 _3180_/Y
 _3181_/X
 _3182_/X
 _3183_/X
 _3184_/X
 _3185_/X
 _3186_/X
 _3187_/X
 _3188_/X
 _3189_/X
 _3190_/X
 _3191_/X
 _3192_/X
 _3193_/X
 _3194_/X
 _3195_/X
 _3196_/X
 _3197_/X
 _3198_/X
 _3199_/X
 _3200_/X
 _3201_/X
 _3202_/X
 _3203_/X
 _3204_/Y
 _3205_/Y
 _3206_/X
 _3207_/X
 _3208_/X
 _3209_/X
 _3210_/X
 _3211_/X
 _3212_/X
 _3213_/X
 _3214_/X
 _3215_/X
 _3216_/X
 _3217_/X
 _3218_/X
 _3219_/X
 _3220_/X
 _3221_/X
 _3222_/X
 _3223_/X
 _3224_/X
 _3225_/X
 _3226_/X
 _3227_/X
 _3228_/X
 _3229_/X
 _3230_/X
 _3231_/X
 _3232_/Y
 _3233_/Q
 _3234_/Q
 _3235_/Q
 _3236_/Q
 _3237_/Q
 _3238_/Q
 _3239_/Q
 _3240_/Q
 _3241_/Q
 _3242_/Q
 _3243_/Q
 _3244_/Q
 _3245_/Q
 _3246_/Q
 _3247_/Q
 _3248_/Q
 _3249_/Q
 _3250_/Q
 _3251_/Q
 _3252_/Q
 _3253_/Q
 _3254_/Q
 _3255_/Q
 _3256_/Q
 _3257_/Q
 _3258_/Q
 _3259_/Q
 _3260_/Q
 _3261_/Q
 _3262_/Q
 _3263_/Q
 _3264_/Q
 _3265_/Q
 _3266_/Q
 _3267_/Q
 _3268_/Q
 _3269_/Q
 _3270_/Q
 _3271_/Q
 _3272_/Q
 _3273_/Q
 _3274_/Q
 _3275_/Q
 _3276_/Q
 _3277_/Q
 _3278_/Q
 _3279_/Q
 _3280_/Q
 _3281_/Q
 _3282_/Q
 _3283_/Q
 _3284_/Q
 _3285_/Q
 _3286_/Q
 _3287_/Q
 _3288_/Q
 _3289_/Q
 _3290_/Q
 _3291_/Q
 _3292_/Q
 _3293_/Q
 _3294_/Q
 _3295_/Q
 _3296_/Q
 _3297_/Q
 _3298_/Q
 _3299_/Q
 _3300_/Q
 _3301_/Q
 _3302_/Q
 _3303_/Q
 _3304_/Q
 _3305_/Q
 _3306_/Q
 _3307_/Q
 _3308_/Q
 _3309_/Q
 _3310_/Q
 _3311_/Q
 _3312_/Q
 _3313_/Q
 _3314_/Q
 _3315_/Q
 _3316_/Q
 _3317_/Q
 _3318_/Q
 _3319_/Q
 _3320_/Q
 _3321_/Q
 _3322_/Q
 _3323_/Q
 _3324_/Q
 _3325_/Q
 _3326_/Q
 _3327_/Q
 _3328_/Q
 _3329_/Q
 _3330_/Q
 _3331_/Q
 _3332_/Q
 _3333_/Q
 _3334_/Q
 _3335_/Q
 _3336_/Q
 _3337_/Q
 _3338_/Q
 _3339_/Q
 _3340_/Q
 _3341_/Q
 _3342_/Q
 _3343_/Q
 _3344_/Q
 _3345_/Q
 _3346_/Q
 _3347_/Q
 _3348_/Q
 _3349_/Q
 _3350_/Q
 _3351_/Q
 _3352_/Q
 _3353_/Q
 _3354_/Q
 _3355_/Q
 _3356_/Q
 _3357_/Q
 _3358_/Q
 _3359_/Q
 _3360_/Q
 _3361_/Q
 _3362_/Q
 _3363_/Q
 _3364_/Q
 _3365_/Q
 _3366_/Q
 _3367_/Q
 _3368_/Q
 _3369_/Q
 _3370_/Q
 _3371_/Q
 _3372_/Q
 _3373_/Q
 _3374_/Q
 _3375_/Q
 _3376_/Q
 _3377_/Q
 _3378_/Q
 _3379_/Q
 _3380_/Q
 _3381_/Q
 _3382_/Q
 _3383_/Q
 _3384_/Q
 _3385_/Q
 _3386_/Q
 _3387_/Q
 _3388_/Q
 _3389_/Q
 _3390_/Q
 _3391_/Q
 _3392_/Q
 _3393_/Q
 _3394_/Q
 _3395_/Q
 _3396_/Q
 _3397_/Q
 _3398_/Q
 _3399_/Q
 _3400_/Q
 _3401_/Q
 _3402_/Q
 _3403_/Q
 _3404_/Q
 _3405_/Q
 _3406_/Q
 _3407_/Q
 _3408_/Q
 _3409_/Q
 _3410_/Q
 _3411_/Q
 _3412_/Q
 _3413_/Q
 _3414_/Q
 _3415_/Q
 _3416_/Q
 _3417_/Q
 _3418_/Q
 _3419_/Q
 _3420_/Q
 _3421_/Q
 _3422_/Q
 _3423_/Q
 _3424_/Q
 _3425_/Q
 _3426_/Q
 _3427_/Q
 _3428_/Q
 _3429_/Q
 _3430_/Q
 _3431_/Q
 _3432_/Q
 _3433_/Q
 _3434_/Q
 _3435_/Q
 _3436_/Q
 _3437_/Q
 _3438_/Q
 _3439_/Q
 _3440_/Q
 _3441_/Q
 _3442_/Q
 _3443_/Q
 _3444_/Q
 _3445_/Q
 _3446_/Q
 _3447_/Q
 _3448_/Q
 _3449_/Q
 _3450_/Q
 _3451_/Q
 _3452_/Q
 _3453_/Q
 _3454_/Q
 _3455_/Q
 _3456_/Q
 _3457_/Q
 _3458_/Q
 _3459_/Q
 _3460_/Q
 _3461_/Q
 _3462_/Q
 _3463_/Q
 _3464_/Q
 _3465_/Q
 _3466_/Q
 _3467_/Q
 _3468_/Q
 _3469_/Q
 _3470_/Q
 _3471_/Q
 _3472_/Q
 _3473_/Q
 _3474_/Q
 _3475_/Q
 _3476_/Q
 _3477_/Q
 _3478_/Q
 _3479_/Q
 _3480_/Q
 _3481_/Q
 _3482_/Q
 _3483_/Q
 _3484_/Q
 _3485_/Q
 _3486_/Q
 _3487_/Q
 _3488_/Q
 _3489_/Q
 _3490_/Q
 _3491_/Q
 _3492_/Q
 _3493_/Q
 _3494_/Q
 _3495_/Q
 _3496_/Q
 _3497_/Q
 _3498_/Q
 _3499_/Q
 _3500_/Q
 _3501_/Q
 _3502_/Q
 _3503_/Q
 _3504_/Q
 _3505_/Q
 _3506_/Q
 _3507_/Q
 _3508_/Q
 _3509_/Q
 _3510_/Q
 _3511_/Q
 _3512_/Q
 _3513_/Q
 _3514_/Q
 _3515_/Q
 _3516_/Q
 _3517_/Q
 _3518_/Q
 _3519_/Q
 _3520_/Q
 _3521_/Q
 _3522_/Q
 _3523_/Q
 _3524_/Q
 _3525_/Q
 _3526_/Q
 _3527_/Q
 _3528_/Q
 _3529_/Q
 _3530_/Q
 _3531_/Q
 _3532_/Q
 _3533_/Q
 _3534_/Q
 _3535_/Q
 _3536_/Q
 _3537_/Q
 _3538_/Q
 _3539_/Q
 _3540_/Q
 _3541_/Q
 _3542_/Q
 _3543_/Q
 _3544_/Q
 _3545_/Q
 _3546_/Q
 _3547_/Q
 _3548_/Q
 _3549_/Q
 _3550_/Q
 _3551_/Q
 _3552_/Q
 _3553_/Q
 _3554_/Q
 _3555_/Q
 _3556_/Q
 _3557_/Q
 _3558_/Q
 _3559_/Q
 _3560_/Q
 _3561_/Q
 _3562_/Q
 _3563_/Q
 _3564_/Q
 _3565_/Q
 _3566_/Q
 _3567_/Q
 _3568_/Q
 _3569_/Q
 _3570_/Q
 _3571_/Q
 _3572_/Q
 _3573_/Q
 _3574_/Q
 _3575_/Q
 _3576_/Q
 _3577_/Q
 _3578_/Q
 _3579_/Q
 _3580_/Q
 _3581_/Q
 _3582_/Q
 _3583_/Q
 _3584_/Q
 _3585_/Q
 _3586_/Q
 _3587_/Q
 _3588_/Q
 _3589_/Q
 _3590_/Q
 _3591_/Q
 _3592_/Q
 _3593_/Q
 _3594_/Q
 _3595_/Q
 _3596_/Q
 _3597_/Q
 _3598_/Q
 _3599_/Q
 _3600_/Q
 _3601_/Q
 _3602_/Q
 _3603_/Q
 _3604_/Q
 _3605_/Q
 _3606_/Q
 _3607_/Q
 _3608_/Q
 _3609_/Q
 _3610_/Q
 _3611_/Q
 _3612_/Q
 _3613_/Q
 _3614_/Q
 _3615_/Q
 _3616_/Q
 _3617_/Q
 _3618_/Q
 _3619_/Q
 _3620_/Q
 _3621_/Q
 _3622_/Q
 _3623_/Q
 _3624_/Q
 _3625_/Q
 _3626_/Q
 _3627_/Q
 _3628_/Q
 _3629_/Q
 _3630_/Q
 _3631_/Q
 _3632_/Q
 _3633_/Q
 _3634_/Q
 _3635_/Q
 _3636_/Q
 _3637_/Q
 _3638_/Q
 _3639_/Q
 _3640_/Q
 _3641_/Q
 _3642_/Q
 _3643_/Q
 _3644_/Q
 _3645_/Q
 _3646_/Q
 _3647_/Q
Found 0 partially unannotated drivers.

===========================================================================
max slew violation count 22
max fanout violation count 1
max cap violation count 0
============================================================================

===========================================================================
check_setup -verbose -unconstrained_endpoints -multiple_clock -no_clock -no_input_delay -loops -generated_clocks
===========================================================================
