\BOOKMARK [0][-]{chapter*.1}{\376\377\000T\000\323\000M\000\040\000T\036\256\000T\000\040\000N\036\330\000I\000\040\000D\000U\000N\000G}{}% 1
\BOOKMARK [0][-]{chapter.1}{\376\377\000T\036\324\000N\000G\000\040\000Q\000U\000A\000N\000\040\000V\036\300\000\040\000M\000\303\000\040\000T\000\315\000C\000H\000\040\000C\000H\036\254\000P\000\040\000V\000\300\000\040\000G\000I\036\242\000I\000\040\000M\000\303\000\040\000V\000I\000T\000E\000R\000B\000I}{}% 2
\BOOKMARK [1][-]{section.1.1}{\376\377\000G\000i\036\333\000i\000\040\000t\000h\000i\036\307\000u\000\040\000m\000\343\000\040\000t\000\355\000c\000h\000\040\000c\000h\036\255\000p}{chapter.1}% 3
\BOOKMARK [1][-]{section.1.2}{\376\377\000N\000g\000u\000y\000\352\000n\000\040\000l\000\375\000\040\000g\000i\036\243\000i\000\040\000m\000\343\000\040\000V\000i\000t\000e\000r\000b\000i}{chapter.1}% 4
\BOOKMARK [0][-]{chapter.2}{\376\377\001\020\036\266\000C\000\040\000T\036\242\000\040\000K\036\370\000\040\000T\000H\000U\036\254\000T\000\040\000V\000\300\000\040\000T\000H\000I\036\276\000T\000\040\000K\036\276\000\040\000R\000T\000L}{}% 5
\BOOKMARK [1][-]{section.2.1}{\376\377\001\020\036\267\000c\000\040\000t\036\243\000\040\000k\036\371\000\040\000t\000h\000u\036\255\000t\000\040\000\050\000S\000p\000e\000c\000i\000f\000i\000c\000a\000t\000i\000o\000n\000s\000\051}{chapter.2}% 6
\BOOKMARK [1][-]{section.2.2}{\376\377\000K\000i\036\277\000n\000\040\000t\000r\000\372\000c\000\040\000h\036\307\000\040\000t\000h\036\321\000n\000g\000\040\000\050\000S\000y\000s\000t\000e\000m\000\040\000A\000r\000c\000h\000i\000t\000e\000c\000t\000u\000r\000e\000\051}{chapter.2}% 7
\BOOKMARK [1][-]{section.2.3}{\376\377\000T\000r\000i\036\303\000n\000\040\000k\000h\000a\000i\000\040\000R\000T\000L\000\040\000\050\000R\000T\000L\000\040\000I\000m\000p\000l\000e\000m\000e\000n\000t\000a\000t\000i\000o\000n\000\051}{chapter.2}% 8
\BOOKMARK [2][-]{subsection.2.3.1}{\376\377\000K\000h\036\321\000i\000\040\000t\000\355\000n\000h\000\040\000t\000o\000\341\000n\000\040\000n\000h\000\341\000n\000h\000\040\000\050\000B\000M\000U\000\051}{section.2.3}% 9
\BOOKMARK [2][-]{subsection.2.3.2}{\376\377\000K\000h\036\321\000i\000\040\000C\036\331\000n\000g\000-\000S\000o\000\040\000s\000\341\000n\000h\000-\000C\000h\036\315\000n\000\040\000\050\000A\000C\000S\000U\000\051}{section.2.3}% 10
\BOOKMARK [2][-]{subsection.2.3.3}{\376\377\000K\000h\036\321\000i\000\040\000t\000r\000u\000y\000\040\000v\036\277\000t\000\040\000S\000u\000r\000v\000i\000v\000o\000r\000\040\000M\000e\000m\000o\000r\000y\000\040\000\050\000T\000B\000U\000\051}{section.2.3}% 11
\BOOKMARK [0][-]{chapter.3}{\376\377\000K\000I\036\302\000M\000\040\000T\000R\000A\000\040\000C\000H\036\350\000C\000\040\000N\001\002\000N\000G\000\040\000M\036\240\000C\000H}{}% 12
\BOOKMARK [1][-]{section.3.1}{\376\377\000M\000\364\000i\000\040\000t\000r\001\260\036\335\000n\000g\000\040\000k\000i\036\303\000m\000\040\000c\000h\036\351\000n\000g\000\040\000\050\000T\000e\000s\000t\000b\000e\000n\000c\000h\000\040\000E\000n\000v\000i\000r\000o\000n\000m\000e\000n\000t\000\051}{chapter.3}% 13
\BOOKMARK [1][-]{section.3.2}{\376\377\000K\036\277\000t\000\040\000q\000u\036\243\000\040\000m\000\364\000\040\000p\000h\036\317\000n\000g\000\040\000\050\000S\000i\000m\000u\000l\000a\000t\000i\000o\000n\000\040\000R\000e\000s\000u\000l\000t\000s\000\051}{chapter.3}% 14
\BOOKMARK [2][-]{subsection.3.2.1}{\376\377\000K\000h\036\321\000i\000\040\001\021\036\307\000m\000\040\000d\036\357\000\040\000l\000i\036\307\000u\000\040\000\050\000F\000I\000F\000O\000\051}{section.3.2}% 15
\BOOKMARK [2][-]{subsection.3.2.2}{\376\377\000K\000h\036\321\000i\000\040\000c\000h\000u\000y\036\303\000n\000\040\001\021\036\325\000i\000\040\000s\000o\000n\000g\000\040\000s\000o\000n\000g\000\040\000s\000a\000n\000g\000\040\000n\036\321\000i\000\040\000t\000i\036\277\000p\000\040\000\050\000P\000I\000S\000O\000\051}{section.3.2}% 16
\BOOKMARK [2][-]{subsection.3.2.3}{\376\377\000K\000h\036\321\000i\000\040\000t\000\355\000n\000h\000\040\000t\000o\000\341\000n\000\040\000n\000h\000\341\000n\000h\000\040\000\050\000B\000M\000U\000\051}{section.3.2}% 17
\BOOKMARK [2][-]{subsection.3.2.4}{\376\377\000K\000h\036\321\000i\000\040\000C\036\331\000n\000g\000\040\000-\000\040\000S\000o\000\040\000s\000\341\000n\000h\000\040\000-\000\040\000C\000h\036\315\000n\000\040\000\050\000A\000C\000S\000U\000\051}{section.3.2}% 18
\BOOKMARK [2][-]{subsection.3.2.5}{\376\377\000K\000h\036\321\000i\000\040\000q\000u\036\243\000n\000\040\000l\000\375\000\040\000M\000e\000t\000r\000i\000c\000\040\000\050\000P\000M\000U\000\051}{section.3.2}% 19
\BOOKMARK [2][-]{subsection.3.2.6}{\376\377\000K\000h\036\321\000i\000\040\000t\000r\000u\000y\000\040\000v\036\277\000t\000\040\000\050\000T\000B\000U\000\051}{section.3.2}% 20
\BOOKMARK [2][-]{subsection.3.2.7}{\376\377\000K\000h\036\321\000i\000\040\000c\000h\000u\000y\036\303\000n\000\040\001\021\036\325\000i\000\040\000n\036\321\000i\000\040\000t\000i\036\277\000p\000\040\000s\000a\000n\000g\000\040\000s\000o\000n\000g\000\040\000s\000o\000n\000g\000\040\000\050\000S\000I\000P\000O\000\051}{section.3.2}% 21
\BOOKMARK [0][-]{chapter.4}{\376\377\000T\036\324\000N\000G\000\040\000H\036\342\000P\000\040\000V\000\300\000\040\000T\000H\000I\036\276\000T\000\040\000K\036\276\000\040\000V\036\254\000T\000\040\000L\000\335}{}% 22
\BOOKMARK [1][-]{section.4.1}{\376\377\000Q\000u\000y\000\040\000t\000r\000\354\000n\000h\000\040\000O\000p\000e\000n\000L\000a\000n\000e\000\040\000F\000l\000o\000w}{chapter.4}% 23
\BOOKMARK [1][-]{section.4.2}{\376\377\000K\036\277\000t\000\040\000q\000u\036\243\000\040\000t\036\325\000n\000g\000\040\000h\036\343\000p\000\040\000\050\000S\000y\000n\000t\000h\000e\000s\000i\000s\000\040\000R\000e\000s\000u\000l\000t\000s\000\051}{chapter.4}% 24
\BOOKMARK [1][-]{section.4.3}{\376\377\000K\036\277\000t\000\040\000q\000u\036\243\000\040\000t\000h\000i\036\277\000t\000\040\000k\036\277\000\040\000v\036\255\000t\000\040\000l\000\375\000\040\000\050\000P\000h\000y\000s\000i\000c\000a\000l\000\040\000L\000a\000y\000o\000u\000t\000\051}{chapter.4}% 25
\BOOKMARK [0][-]{chapter*.31}{\376\377\000K\036\276\000T\000\040\000L\000U\036\254\000N}{}% 26
