[0;34m========================================[0m
[0;34mCHẠY OPENLANE CHO VITERBI DECODER[0m
[0;34m========================================[0m
[0;34mℹ Kiểm tra Docker...[0m
[0;32m✓ Docker OK[0m
[0;34mℹ Kiểm tra design...[0m
[0;32m✓ Design OK[0m
[0;34mℹ Kiểm tra Docker image...[0m
[0;32m✓ Docker image OK[0m
[0;34m========================================[0m
[0;34mCHẠY OPENLANE FLOW[0m
[0;34m========================================[0m
[0;34mℹ Design: viterbi[0m
[0;34mℹ Container: efabless/openlane:latest[0m
[0;34mℹ Thời gian ước tính: 30-60 phút[0m

OpenLane v1.1.1 ()
All rights reserved. (c) 2020-2024 Efabless Corporation and contributors.
Available under the Apache License, version 2.0. See the LICENSE file for more details.

[ERROR]: The version of open_pdks used in building the PDK does not match the version OpenLane was tested on (installed: 0fe599b2afb6708d281543108caf8310912f54af, tested: bdc9412b3e468c102d01b7cf6337be06ec6e9c9a)
This may introduce some issues. You may want to re-install the PDK by invoking `make pdk`.
[ERROR]: Please update your environment. OpenLane will now quit.
