
===========================================================================
 report_power
============================================================================
======================= Fastest Corner ===================================

Group                  Internal  Switching    Leakage      Total
                          Power      Power      Power      Power (Watts)
----------------------------------------------------------------
Sequential             1.52e-03   3.27e-04   5.43e-07   1.84e-03  25.7%
Combinational          2.33e-03   2.18e-03   1.57e-08   4.52e-03  62.9%
Clock                  3.68e-04   4.50e-04   1.24e-08   8.18e-04  11.4%
Macro                  0.00e+00   0.00e+00   0.00e+00   0.00e+00   0.0%
Pad                    0.00e+00   0.00e+00   0.00e+00   0.00e+00   0.0%
----------------------------------------------------------------
Total                  4.22e-03   2.96e-03   5.71e-07   7.18e-03 100.0%
                          58.7%      41.3%       0.0%

======================= Slowest Corner ===================================

Group                  Internal  Switching    Leakage      Total
                          Power      Power      Power      Power (Watts)
----------------------------------------------------------------
Sequential             1.03e-03   2.12e-04   6.74e-06   1.25e-03  25.2%
Combinational          1.71e-03   1.44e-03   1.07e-05   3.16e-03  63.6%
Clock                  2.65e-04   2.92e-04   8.65e-07   5.58e-04  11.2%
Macro                  0.00e+00   0.00e+00   0.00e+00   0.00e+00   0.0%
Pad                    0.00e+00   0.00e+00   0.00e+00   0.00e+00   0.0%
----------------------------------------------------------------
Total                  3.01e-03   1.94e-03   1.83e-05   4.96e-03 100.0%
                          60.6%      39.1%       0.4%

======================= Typical Corner ===================================

Group                  Internal  Switching    Leakage      Total
                          Power      Power      Power      Power (Watts)
----------------------------------------------------------------
Sequential             1.32e-03   2.73e-04   5.40e-07   1.59e-03  25.5%
Combinational          2.10e-03   1.84e-03   7.65e-09   3.94e-03  63.2%
Clock                  3.22e-04   3.79e-04   1.04e-08   7.01e-04  11.3%
Macro                  0.00e+00   0.00e+00   0.00e+00   0.00e+00   0.0%
Pad                    0.00e+00   0.00e+00   0.00e+00   0.00e+00   0.0%
----------------------------------------------------------------
Total                  3.74e-03   2.49e-03   5.59e-07   6.23e-03 100.0%
                          60.0%      39.9%       0.0%

