
===========================================================================
report_checks -unconstrained
===========================================================================
======================= Typical Corner ===================================

Startpoint: _3536_ (rising edge-triggered flip-flop clocked by clk)
Endpoint: _3577_ (rising edge-triggered flip-flop clocked by clk)
Path Group: clk
Path Type: max

Fanout     Cap    Slew   Delay    Time   Description
-----------------------------------------------------------------------------
                          0.00    0.00   clock clk (rise edge)
                          0.00    0.00   clock source latency
     1    0.03    0.00    0.00    0.00 ^ clk (in)
                                         clk (net)
                  0.00    0.00    0.00 ^ clkbuf_0_clk/A (sky130_fd_sc_hd__clkbuf_16)
     4    0.06    0.07    0.14    0.14 ^ clkbuf_0_clk/X (sky130_fd_sc_hd__clkbuf_16)
                                         clknet_0_clk (net)
                  0.07    0.00    0.14 ^ clkbuf_2_2__f_clk/A (sky130_fd_sc_hd__clkbuf_16)
     9    0.09    0.11    0.19    0.33 ^ clkbuf_2_2__f_clk/X (sky130_fd_sc_hd__clkbuf_16)
                                         clknet_2_2__leaf_clk (net)
                  0.11    0.00    0.33 ^ clkbuf_leaf_26_clk/A (sky130_fd_sc_hd__clkbuf_8)
     9    0.03    0.07    0.17    0.49 ^ clkbuf_leaf_26_clk/X (sky130_fd_sc_hd__clkbuf_8)
                                         clknet_leaf_26_clk (net)
                  0.07    0.00    0.49 ^ _3536_/CLK (sky130_fd_sc_hd__dfrtp_4)
     6    0.03    0.09    0.52    1.01 v _3536_/Q (sky130_fd_sc_hd__dfrtp_4)
                                         u_piso.data_serial_o[1] (net)
                  0.09    0.00    1.02 v _2449_/A (sky130_fd_sc_hd__xor2_2)
     4    0.01    0.07    0.20    1.22 v _2449_/X (sky130_fd_sc_hd__xor2_2)
                                         _0879_ (net)
                  0.07    0.00    1.22 v _2459_/A (sky130_fd_sc_hd__buf_2)
    10    0.03    0.07    0.18    1.40 v _2459_/X (sky130_fd_sc_hd__buf_2)
                                         _0889_ (net)
                  0.07    0.00    1.40 v _2460_/A (sky130_fd_sc_hd__or2b_2)
     3    0.02    0.09    0.35    1.75 v _2460_/X (sky130_fd_sc_hd__or2b_2)
                                         _0890_ (net)
                  0.09    0.00    1.75 v _2463_/A1 (sky130_fd_sc_hd__o21ai_4)
     7    0.03    0.24    0.26    2.01 ^ _2463_/Y (sky130_fd_sc_hd__o21ai_4)
                                         _0893_ (net)
                  0.24    0.00    2.01 ^ _2481_/C (sky130_fd_sc_hd__nand3_1)
     4    0.01    0.12    0.16    2.18 v _2481_/Y (sky130_fd_sc_hd__nand3_1)
                                         _0911_ (net)
                  0.12    0.00    2.18 v _2485_/A1 (sky130_fd_sc_hd__a211o_1)
     1    0.00    0.05    0.28    2.45 v _2485_/X (sky130_fd_sc_hd__a211o_1)
                                         _0915_ (net)
                  0.05    0.00    2.45 v _2495_/A2 (sky130_fd_sc_hd__a311o_1)
     1    0.01    0.07    0.33    2.78 v _2495_/X (sky130_fd_sc_hd__a311o_1)
                                         _0925_ (net)
                  0.07    0.00    2.78 v _2508_/A1 (sky130_fd_sc_hd__a221o_1)
     1    0.00    0.05    0.31    3.10 v _2508_/X (sky130_fd_sc_hd__a221o_1)
                                         _0938_ (net)
                  0.05    0.00    3.10 v _2510_/B1 (sky130_fd_sc_hd__a22o_2)
     6    0.03    0.10    0.28    3.37 v _2510_/X (sky130_fd_sc_hd__a22o_2)
                                         _0940_ (net)
                  0.10    0.00    3.37 v _2511_/A (sky130_fd_sc_hd__buf_4)
    10    0.05    0.08    0.21    3.58 v _2511_/X (sky130_fd_sc_hd__buf_4)
                                         _0941_ (net)
                  0.08    0.00    3.59 v _2875_/S (sky130_fd_sc_hd__mux2_1)
     4    0.01    0.10    0.37    3.96 v _2875_/X (sky130_fd_sc_hd__mux2_1)
                                         _1232_ (net)
                  0.10    0.00    3.96 v _2879_/A1 (sky130_fd_sc_hd__a21o_1)
     2    0.00    0.04    0.17    4.13 v _2879_/X (sky130_fd_sc_hd__a21o_1)
                                         _1236_ (net)
                  0.04    0.00    4.13 v _2885_/B (sky130_fd_sc_hd__or4_1)
     2    0.01    0.11    0.53    4.66 v _2885_/X (sky130_fd_sc_hd__or4_1)
                                         _1242_ (net)
                  0.11    0.00    4.66 v _2907_/A1 (sky130_fd_sc_hd__o211a_1)
     2    0.01    0.05    0.26    4.92 v _2907_/X (sky130_fd_sc_hd__o211a_1)
                                         _1264_ (net)
                  0.05    0.00    4.92 v _3047_/A1 (sky130_fd_sc_hd__o221a_1)
     2    0.01    0.08    0.29    5.21 v _3047_/X (sky130_fd_sc_hd__o221a_1)
                                         _1404_ (net)
                  0.08    0.00    5.21 v _3048_/B1 (sky130_fd_sc_hd__a31o_1)
     1    0.00    0.04    0.19    5.40 v _3048_/X (sky130_fd_sc_hd__a31o_1)
                                         _1405_ (net)
                  0.04    0.00    5.40 v _3066_/A2 (sky130_fd_sc_hd__o211a_1)
     1    0.00    0.04    0.20    5.60 v _3066_/X (sky130_fd_sc_hd__o211a_1)
                                         _1423_ (net)
                  0.04    0.00    5.60 v _3068_/B1 (sky130_fd_sc_hd__o22ai_1)
     1    0.00    0.12    0.11    5.71 ^ _3068_/Y (sky130_fd_sc_hd__o22ai_1)
                                         _0345_ (net)
                  0.12    0.00    5.71 ^ _3577_/D (sky130_fd_sc_hd__dfrtp_1)
                                  5.71   data arrival time

                         20.00   20.00   clock clk (rise edge)
                          0.00   20.00   clock source latency
     1    0.03    0.00    0.00   20.00 ^ clk (in)
                                         clk (net)
                  0.00    0.00   20.00 ^ clkbuf_0_clk/A (sky130_fd_sc_hd__clkbuf_16)
     4    0.06    0.07    0.14   20.14 ^ clkbuf_0_clk/X (sky130_fd_sc_hd__clkbuf_16)
                                         clknet_0_clk (net)
                  0.07    0.00   20.14 ^ clkbuf_2_3__f_clk/A (sky130_fd_sc_hd__clkbuf_16)
    12    0.09    0.11    0.19   20.33 ^ clkbuf_2_3__f_clk/X (sky130_fd_sc_hd__clkbuf_16)
                                         clknet_2_3__leaf_clk (net)
                  0.11    0.00   20.33 ^ clkbuf_leaf_23_clk/A (sky130_fd_sc_hd__clkbuf_8)
     9    0.04    0.08    0.18   20.51 ^ clkbuf_leaf_23_clk/X (sky130_fd_sc_hd__clkbuf_8)
                                         clknet_leaf_23_clk (net)
                  0.08    0.00   20.51 ^ _3577_/CLK (sky130_fd_sc_hd__dfrtp_1)
                         -0.25   20.26   clock uncertainty
                          0.00   20.26   clock reconvergence pessimism
                         -0.07   20.19   library setup time
                                 20.19   data required time
-----------------------------------------------------------------------------
                                 20.19   data required time
                                 -5.71   data arrival time
-----------------------------------------------------------------------------
                                 14.48   slack (MET)




===========================================================================
report_checks --slack_max -0.01
============================================================================
======================= Typical Corner ===================================

No paths found.


===========================================================================
 report_check_types -max_slew -max_cap -max_fanout -violators
============================================================================
======================= Typical Corner ===================================

max fanout

Pin                                   Limit Fanout  Slack
---------------------------------------------------------
clkbuf_leaf_15_clk/X                     10     18     -8 (VIOLATED)
clkbuf_leaf_18_clk/X                     10     15     -5 (VIOLATED)
clkbuf_2_0__f_clk/X                      10     14     -4 (VIOLATED)
clkbuf_leaf_11_clk/X                     10     14     -4 (VIOLATED)
clkbuf_leaf_5_clk/X                      10     14     -4 (VIOLATED)
clkbuf_leaf_6_clk/X                      10     14     -4 (VIOLATED)
clkbuf_leaf_7_clk/X                      10     14     -4 (VIOLATED)
clkbuf_leaf_10_clk/X                     10     13     -3 (VIOLATED)
clkbuf_leaf_1_clk/X                      10     13     -3 (VIOLATED)
clkbuf_leaf_21_clk/X                     10     13     -3 (VIOLATED)
clkbuf_leaf_2_clk/X                      10     13     -3 (VIOLATED)
clkbuf_leaf_33_clk/X                     10     13     -3 (VIOLATED)
clkbuf_leaf_34_clk/X                     10     13     -3 (VIOLATED)
clkbuf_leaf_35_clk/X                     10     13     -3 (VIOLATED)
clkbuf_leaf_36_clk/X                     10     13     -3 (VIOLATED)
clkbuf_leaf_39_clk/X                     10     13     -3 (VIOLATED)
clkbuf_2_3__f_clk/X                      10     12     -2 (VIOLATED)
clkbuf_leaf_37_clk/X                     10     12     -2 (VIOLATED)
clkbuf_leaf_38_clk/X                     10     12     -2 (VIOLATED)
clkbuf_2_1__f_clk/X                      10     11        (VIOLATED)
clkbuf_leaf_0_clk/X                      10     11        (VIOLATED)
clkbuf_leaf_16_clk/X                     10     11        (VIOLATED)
clkbuf_leaf_3_clk/X                      10     11        (VIOLATED)
clkbuf_leaf_4_clk/X                      10     11        (VIOLATED)
clkbuf_leaf_9_clk/X                      10     11        (VIOLATED)


max slew violations count Typical: 0
max fanout violations count Typical: 25
max cap violations count Typical: 0

===========================================================================
report_parasitic_annotation -report_unannotated
============================================================================
Found 41 unannotated drivers.
 clkload0/Y
 clkload1/Y
 clkload10/Y
 clkload11/X
 clkload12/Y
 clkload13/Y
 clkload14/Y
 clkload15/X
 clkload16/X
 clkload17/Y
 clkload18/Y
 clkload19/Y
 clkload2/Y
 clkload20/X
 clkload21/Y
 clkload22/Y
 clkload23/Y
 clkload24/Y
 clkload25/Y
 clkload26/Y
 clkload27/Y
 clkload28/Y
 clkload29/Y
 clkload3/Y
 clkload30/Y
 clkload31/Y
 clkload32/Y
 clkload33/Y
 clkload34/Y
 clkload35/Y
 clkload36/Y
 clkload37/Y
 clkload38/Y
 clkload39/Y
 clkload4/X
 clkload40/Y
 clkload5/Y
 clkload6/Y
 clkload7/X
 clkload8/X
 clkload9/Y
Found 0 partially unannotated drivers.

===========================================================================
max slew violation count 0
max fanout violation count 25
max cap violation count 0
============================================================================

===========================================================================
check_setup -verbose -unconstrained_endpoints -multiple_clock -no_clock -no_input_delay -loops -generated_clocks
===========================================================================
