
===========================================================================
report_checks -unconstrained
===========================================================================
======================= Fastest Corner ===================================

Startpoint: _3536_ (rising edge-triggered flip-flop clocked by clk)
Endpoint: _3577_ (rising edge-triggered flip-flop clocked by clk)
Path Group: clk
Path Type: max
Corner: Fastest

Fanout     Cap    Slew   Delay    Time   Description
-----------------------------------------------------------------------------
                          0.00    0.00   clock clk (rise edge)
                          0.00    0.00   clock source latency
     2    0.05    0.00    0.00    0.00 ^ clk (in)
                                         clk (net)
                  0.00    0.00    0.00 ^ clkbuf_0_clk/A (sky130_fd_sc_hd__clkbuf_16)
     8    0.08    0.07    0.11    0.11 ^ clkbuf_0_clk/X (sky130_fd_sc_hd__clkbuf_16)
                                         clknet_0_clk (net)
                  0.07    0.00    0.11 ^ clkbuf_2_2__f_clk/A (sky130_fd_sc_hd__clkbuf_16)
    18    0.11    0.10    0.15    0.26 ^ clkbuf_2_2__f_clk/X (sky130_fd_sc_hd__clkbuf_16)
                                         clknet_2_2__leaf_clk (net)
                  0.10    0.00    0.26 ^ clkbuf_leaf_26_clk/A (sky130_fd_sc_hd__clkbuf_8)
     9    0.04    0.06    0.12    0.38 ^ clkbuf_leaf_26_clk/X (sky130_fd_sc_hd__clkbuf_8)
                                         clknet_leaf_26_clk (net)
                  0.06    0.00    0.38 ^ _3536_/CLK (sky130_fd_sc_hd__dfrtp_4)
     6    0.03    0.07    0.33    0.71 v _3536_/Q (sky130_fd_sc_hd__dfrtp_4)
                                         u_piso.data_serial_o[1] (net)
                  0.07    0.00    0.72 v _2449_/A (sky130_fd_sc_hd__xor2_2)
     4    0.01    0.05    0.14    0.85 v _2449_/X (sky130_fd_sc_hd__xor2_2)
                                         _0879_ (net)
                  0.05    0.00    0.85 v _2459_/A (sky130_fd_sc_hd__buf_2)
    10    0.03    0.06    0.13    0.98 v _2459_/X (sky130_fd_sc_hd__buf_2)
                                         _0889_ (net)
                  0.06    0.00    0.98 v _2460_/A (sky130_fd_sc_hd__or2b_2)
     3    0.02    0.06    0.22    1.20 v _2460_/X (sky130_fd_sc_hd__or2b_2)
                                         _0890_ (net)
                  0.06    0.00    1.20 v _2463_/A1 (sky130_fd_sc_hd__o21ai_4)
     7    0.04    0.21    0.21    1.40 ^ _2463_/Y (sky130_fd_sc_hd__o21ai_4)
                                         _0893_ (net)
                  0.21    0.00    1.40 ^ _2481_/C (sky130_fd_sc_hd__nand3_1)
     4    0.01    0.08    0.09    1.50 v _2481_/Y (sky130_fd_sc_hd__nand3_1)
                                         _0911_ (net)
                  0.08    0.00    1.50 v _2485_/A1 (sky130_fd_sc_hd__a211o_1)
     1    0.00    0.03    0.17    1.67 v _2485_/X (sky130_fd_sc_hd__a211o_1)
                                         _0915_ (net)
                  0.03    0.00    1.67 v _2495_/A2 (sky130_fd_sc_hd__a311o_1)
     1    0.01    0.07    0.22    1.89 v _2495_/X (sky130_fd_sc_hd__a311o_1)
                                         _0925_ (net)
                  0.07    0.00    1.89 v _2508_/A1 (sky130_fd_sc_hd__a221o_1)
     1    0.00    0.03    0.17    2.06 v _2508_/X (sky130_fd_sc_hd__a221o_1)
                                         _0938_ (net)
                  0.03    0.00    2.06 v _2510_/B1 (sky130_fd_sc_hd__a22o_2)
    12    0.04    0.09    0.16    2.22 v _2510_/X (sky130_fd_sc_hd__a22o_2)
                                         _0940_ (net)
                  0.09    0.00    2.22 v _2511_/A (sky130_fd_sc_hd__buf_4)
    20    0.08    0.08    0.17    2.39 v _2511_/X (sky130_fd_sc_hd__buf_4)
                                         _0941_ (net)
                  0.08    0.00    2.39 v _2875_/S (sky130_fd_sc_hd__mux2_1)
     4    0.02    0.08    0.24    2.64 v _2875_/X (sky130_fd_sc_hd__mux2_1)
                                         _1232_ (net)
                  0.08    0.00    2.64 v _2879_/A1 (sky130_fd_sc_hd__a21o_1)
     2    0.00    0.03    0.12    2.76 v _2879_/X (sky130_fd_sc_hd__a21o_1)
                                         _1236_ (net)
                  0.03    0.00    2.76 v _2885_/B (sky130_fd_sc_hd__or4_1)
     2    0.01    0.08    0.31    3.07 v _2885_/X (sky130_fd_sc_hd__or4_1)
                                         _1242_ (net)
                  0.08    0.00    3.07 v _2907_/A1 (sky130_fd_sc_hd__o211a_1)
     2    0.01    0.04    0.17    3.24 v _2907_/X (sky130_fd_sc_hd__o211a_1)
                                         _1264_ (net)
                  0.04    0.00    3.24 v _3047_/A1 (sky130_fd_sc_hd__o221a_1)
     2    0.01    0.06    0.19    3.43 v _3047_/X (sky130_fd_sc_hd__o221a_1)
                                         _1404_ (net)
                  0.06    0.00    3.43 v _3048_/B1 (sky130_fd_sc_hd__a31o_1)
     1    0.00    0.03    0.08    3.51 v _3048_/X (sky130_fd_sc_hd__a31o_1)
                                         _1405_ (net)
                  0.03    0.00    3.51 v _3066_/A2 (sky130_fd_sc_hd__o211a_1)
     1    0.00    0.03    0.13    3.64 v _3066_/X (sky130_fd_sc_hd__o211a_1)
                                         _1423_ (net)
                  0.03    0.00    3.64 v _3068_/B1 (sky130_fd_sc_hd__o22ai_1)
     1    0.00    0.08    0.07    3.72 ^ _3068_/Y (sky130_fd_sc_hd__o22ai_1)
                                         _0345_ (net)
                  0.08    0.00    3.72 ^ hold34/A (sky130_fd_sc_hd__dlygate4sd3_1)
     1    0.00    0.04    0.38    4.10 ^ hold34/X (sky130_fd_sc_hd__dlygate4sd3_1)
                                         net110 (net)
                  0.04    0.00    4.10 ^ _3577_/D (sky130_fd_sc_hd__dfrtp_1)
                                  4.10   data arrival time

                         20.00   20.00   clock clk (rise edge)
                          0.00   20.00   clock source latency
     2    0.05    0.00    0.00   20.00 ^ clk (in)
                                         clk (net)
                  0.00    0.00   20.00 ^ clkbuf_0_clk/A (sky130_fd_sc_hd__clkbuf_16)
     8    0.08    0.07    0.11   20.11 ^ clkbuf_0_clk/X (sky130_fd_sc_hd__clkbuf_16)
                                         clknet_0_clk (net)
                  0.07    0.00   20.11 ^ clkbuf_2_3__f_clk/A (sky130_fd_sc_hd__clkbuf_16)
    24    0.12    0.10    0.15   20.26 ^ clkbuf_2_3__f_clk/X (sky130_fd_sc_hd__clkbuf_16)
                                         clknet_2_3__leaf_clk (net)
                  0.10    0.00   20.27 ^ clkbuf_leaf_23_clk/A (sky130_fd_sc_hd__clkbuf_8)
     9    0.04    0.07    0.13   20.40 ^ clkbuf_leaf_23_clk/X (sky130_fd_sc_hd__clkbuf_8)
                                         clknet_leaf_23_clk (net)
                  0.07    0.00   20.40 ^ _3577_/CLK (sky130_fd_sc_hd__dfrtp_1)
                         -0.25   20.15   clock uncertainty
                          0.00   20.15   clock reconvergence pessimism
                         -0.03   20.11   library setup time
                                 20.11   data required time
-----------------------------------------------------------------------------
                                 20.11   data required time
                                 -4.10   data arrival time
-----------------------------------------------------------------------------
                                 16.02   slack (MET)



======================= Slowest Corner ===================================

Startpoint: _3536_ (rising edge-triggered flip-flop clocked by clk)
Endpoint: _3577_ (rising edge-triggered flip-flop clocked by clk)
Path Group: clk
Path Type: max
Corner: Slowest

Fanout     Cap    Slew   Delay    Time   Description
-----------------------------------------------------------------------------
                          0.00    0.00   clock clk (rise edge)
                          0.00    0.00   clock source latency
     2    0.05    0.00    0.00    0.00 ^ clk (in)
                                         clk (net)
                  0.00    0.00    0.00 ^ clkbuf_0_clk/A (sky130_fd_sc_hd__clkbuf_16)
     8    0.08    0.14    0.26    0.26 ^ clkbuf_0_clk/X (sky130_fd_sc_hd__clkbuf_16)
                                         clknet_0_clk (net)
                  0.14    0.00    0.26 ^ clkbuf_2_2__f_clk/A (sky130_fd_sc_hd__clkbuf_16)
    18    0.11    0.20    0.36    0.63 ^ clkbuf_2_2__f_clk/X (sky130_fd_sc_hd__clkbuf_16)
                                         clknet_2_2__leaf_clk (net)
                  0.20    0.00    0.63 ^ clkbuf_leaf_26_clk/A (sky130_fd_sc_hd__clkbuf_8)
     9    0.03    0.12    0.33    0.95 ^ clkbuf_leaf_26_clk/X (sky130_fd_sc_hd__clkbuf_8)
                                         clknet_leaf_26_clk (net)
                  0.12    0.00    0.96 ^ _3536_/CLK (sky130_fd_sc_hd__dfrtp_4)
     6    0.03    0.18    1.10    2.06 v _3536_/Q (sky130_fd_sc_hd__dfrtp_4)
                                         u_piso.data_serial_o[1] (net)
                  0.18    0.00    2.06 v _2449_/A (sky130_fd_sc_hd__xor2_2)
     4    0.01    0.16    0.40    2.45 v _2449_/X (sky130_fd_sc_hd__xor2_2)
                                         _0879_ (net)
                  0.16    0.00    2.45 v _2459_/A (sky130_fd_sc_hd__buf_2)
    10    0.03    0.16    0.38    2.84 v _2459_/X (sky130_fd_sc_hd__buf_2)
                                         _0889_ (net)
                  0.16    0.00    2.84 v _2460_/A (sky130_fd_sc_hd__or2b_2)
     3    0.02    0.19    0.81    3.65 v _2460_/X (sky130_fd_sc_hd__or2b_2)
                                         _0890_ (net)
                  0.19    0.00    3.65 v _2463_/A1 (sky130_fd_sc_hd__o21ai_4)
     7    0.03    0.44    0.50    4.15 ^ _2463_/Y (sky130_fd_sc_hd__o21ai_4)
                                         _0893_ (net)
                  0.44    0.00    4.15 ^ _2481_/C (sky130_fd_sc_hd__nand3_1)
     4    0.01    0.30    0.41    4.56 v _2481_/Y (sky130_fd_sc_hd__nand3_1)
                                         _0911_ (net)
                  0.30    0.00    4.56 v _2485_/A1 (sky130_fd_sc_hd__a211o_1)
     1    0.00    0.09    0.57    5.13 v _2485_/X (sky130_fd_sc_hd__a211o_1)
                                         _0915_ (net)
                  0.09    0.00    5.13 v _2495_/A2 (sky130_fd_sc_hd__a311o_1)
     1    0.01    0.17    0.67    5.80 v _2495_/X (sky130_fd_sc_hd__a311o_1)
                                         _0925_ (net)
                  0.17    0.00    5.80 v _2508_/A1 (sky130_fd_sc_hd__a221o_1)
     1    0.00    0.10    0.61    6.41 v _2508_/X (sky130_fd_sc_hd__a221o_1)
                                         _0938_ (net)
                  0.10    0.00    6.41 v _2510_/B1 (sky130_fd_sc_hd__a22o_2)
    12    0.04    0.24    0.58    6.99 v _2510_/X (sky130_fd_sc_hd__a22o_2)
                                         _0940_ (net)
                  0.24    0.00    6.99 v _2511_/A (sky130_fd_sc_hd__buf_4)
    20    0.08    0.20    0.47    7.46 v _2511_/X (sky130_fd_sc_hd__buf_4)
                                         _0941_ (net)
                  0.20    0.00    7.46 v _2875_/S (sky130_fd_sc_hd__mux2_1)
     4    0.01    0.22    0.88    8.35 v _2875_/X (sky130_fd_sc_hd__mux2_1)
                                         _1232_ (net)
                  0.22    0.00    8.35 v _2879_/A1 (sky130_fd_sc_hd__a21o_1)
     2    0.00    0.07    0.35    8.70 v _2879_/X (sky130_fd_sc_hd__a21o_1)
                                         _1236_ (net)
                  0.07    0.00    8.70 v _2885_/B (sky130_fd_sc_hd__or4_1)
     2    0.01    0.25    1.28    9.98 v _2885_/X (sky130_fd_sc_hd__or4_1)
                                         _1242_ (net)
                  0.25    0.00    9.98 v _2989_/A (sky130_fd_sc_hd__nor4_1)
     1    0.00    0.38    0.53   10.50 ^ _2989_/Y (sky130_fd_sc_hd__nor4_1)
                                         _1346_ (net)
                  0.38    0.00   10.50 ^ wire29/A (sky130_fd_sc_hd__clkbuf_1)
     1    0.00    0.08    0.26   10.76 ^ wire29/X (sky130_fd_sc_hd__clkbuf_1)
                                         net29 (net)
                  0.08    0.00   10.76 ^ _3047_/A2 (sky130_fd_sc_hd__o221a_1)
     2    0.01    0.25    0.51   11.27 ^ _3047_/X (sky130_fd_sc_hd__o221a_1)
                                         _1404_ (net)
                  0.25    0.00   11.27 ^ _3048_/B1 (sky130_fd_sc_hd__a31o_1)
     1    0.00    0.08    0.23   11.51 ^ _3048_/X (sky130_fd_sc_hd__a31o_1)
                                         _1405_ (net)
                  0.08    0.00   11.51 ^ _3066_/A2 (sky130_fd_sc_hd__o211a_1)
     1    0.00    0.10    0.30   11.81 ^ _3066_/X (sky130_fd_sc_hd__o211a_1)
                                         _1423_ (net)
                  0.10    0.00   11.81 ^ _3068_/B1 (sky130_fd_sc_hd__o22ai_1)
     1    0.00    0.10    0.15   11.96 v _3068_/Y (sky130_fd_sc_hd__o22ai_1)
                                         _0345_ (net)
                  0.10    0.00   11.96 v hold34/A (sky130_fd_sc_hd__dlygate4sd3_1)
     1    0.00    0.11    1.13   13.08 v hold34/X (sky130_fd_sc_hd__dlygate4sd3_1)
                                         net110 (net)
                  0.11    0.00   13.08 v _3577_/D (sky130_fd_sc_hd__dfrtp_1)
                                 13.08   data arrival time

                         20.00   20.00   clock clk (rise edge)
                          0.00   20.00   clock source latency
     2    0.05    0.00    0.00   20.00 ^ clk (in)
                                         clk (net)
                  0.00    0.00   20.00 ^ clkbuf_0_clk/A (sky130_fd_sc_hd__clkbuf_16)
     8    0.08    0.14    0.26   20.26 ^ clkbuf_0_clk/X (sky130_fd_sc_hd__clkbuf_16)
                                         clknet_0_clk (net)
                  0.14    0.00   20.26 ^ clkbuf_2_3__f_clk/A (sky130_fd_sc_hd__clkbuf_16)
    24    0.12    0.21    0.37   20.63 ^ clkbuf_2_3__f_clk/X (sky130_fd_sc_hd__clkbuf_16)
                                         clknet_2_3__leaf_clk (net)
                  0.21    0.00   20.64 ^ clkbuf_leaf_23_clk/A (sky130_fd_sc_hd__clkbuf_8)
     9    0.04    0.14    0.34   20.98 ^ clkbuf_leaf_23_clk/X (sky130_fd_sc_hd__clkbuf_8)
                                         clknet_leaf_23_clk (net)
                  0.14    0.00   20.98 ^ _3577_/CLK (sky130_fd_sc_hd__dfrtp_1)
                         -0.25   20.73   clock uncertainty
                          0.00   20.73   clock reconvergence pessimism
                         -0.27   20.46   library setup time
                                 20.46   data required time
-----------------------------------------------------------------------------
                                 20.46   data required time
                                -13.08   data arrival time
-----------------------------------------------------------------------------
                                  7.37   slack (MET)



======================= Typical Corner ===================================

Startpoint: _3536_ (rising edge-triggered flip-flop clocked by clk)
Endpoint: _3577_ (rising edge-triggered flip-flop clocked by clk)
Path Group: clk
Path Type: max
Corner: Typical

Fanout     Cap    Slew   Delay    Time   Description
-----------------------------------------------------------------------------
                          0.00    0.00   clock clk (rise edge)
                          0.00    0.00   clock source latency
     2    0.05    0.00    0.00    0.00 ^ clk (in)
                                         clk (net)
                  0.00    0.00    0.00 ^ clkbuf_0_clk/A (sky130_fd_sc_hd__clkbuf_16)
     8    0.08    0.09    0.15    0.16 ^ clkbuf_0_clk/X (sky130_fd_sc_hd__clkbuf_16)
                                         clknet_0_clk (net)
                  0.09    0.00    0.16 ^ clkbuf_2_2__f_clk/A (sky130_fd_sc_hd__clkbuf_16)
    18    0.11    0.13    0.21    0.37 ^ clkbuf_2_2__f_clk/X (sky130_fd_sc_hd__clkbuf_16)
                                         clknet_2_2__leaf_clk (net)
                  0.13    0.00    0.37 ^ clkbuf_leaf_26_clk/A (sky130_fd_sc_hd__clkbuf_8)
     9    0.04    0.08    0.18    0.55 ^ clkbuf_leaf_26_clk/X (sky130_fd_sc_hd__clkbuf_8)
                                         clknet_leaf_26_clk (net)
                  0.08    0.00    0.55 ^ _3536_/CLK (sky130_fd_sc_hd__dfrtp_4)
     6    0.03    0.09    0.53    1.08 v _3536_/Q (sky130_fd_sc_hd__dfrtp_4)
                                         u_piso.data_serial_o[1] (net)
                  0.09    0.00    1.08 v _2449_/A (sky130_fd_sc_hd__xor2_2)
     4    0.01    0.08    0.21    1.29 v _2449_/X (sky130_fd_sc_hd__xor2_2)
                                         _0879_ (net)
                  0.08    0.00    1.29 v _2459_/A (sky130_fd_sc_hd__buf_2)
    10    0.03    0.09    0.19    1.49 v _2459_/X (sky130_fd_sc_hd__buf_2)
                                         _0889_ (net)
                  0.09    0.00    1.49 v _2460_/A (sky130_fd_sc_hd__or2b_2)
     3    0.02    0.09    0.36    1.84 v _2460_/X (sky130_fd_sc_hd__or2b_2)
                                         _0890_ (net)
                  0.09    0.00    1.84 v _2463_/A1 (sky130_fd_sc_hd__o21ai_4)
     7    0.04    0.28    0.29    2.14 ^ _2463_/Y (sky130_fd_sc_hd__o21ai_4)
                                         _0893_ (net)
                  0.28    0.00    2.14 ^ _2481_/C (sky130_fd_sc_hd__nand3_1)
     4    0.01    0.13    0.18    2.31 v _2481_/Y (sky130_fd_sc_hd__nand3_1)
                                         _0911_ (net)
                  0.13    0.00    2.31 v _2485_/A1 (sky130_fd_sc_hd__a211o_1)
     1    0.00    0.05    0.28    2.59 v _2485_/X (sky130_fd_sc_hd__a211o_1)
                                         _0915_ (net)
                  0.05    0.00    2.59 v _2495_/A2 (sky130_fd_sc_hd__a311o_1)
     1    0.01    0.09    0.35    2.94 v _2495_/X (sky130_fd_sc_hd__a311o_1)
                                         _0925_ (net)
                  0.09    0.00    2.94 v _2508_/A1 (sky130_fd_sc_hd__a221o_1)
     1    0.00    0.05    0.32    3.27 v _2508_/X (sky130_fd_sc_hd__a221o_1)
                                         _0938_ (net)
                  0.05    0.00    3.27 v _2510_/B1 (sky130_fd_sc_hd__a22o_2)
    12    0.04    0.13    0.31    3.58 v _2510_/X (sky130_fd_sc_hd__a22o_2)
                                         _0940_ (net)
                  0.13    0.00    3.58 v _2511_/A (sky130_fd_sc_hd__buf_4)
    20    0.08    0.11    0.25    3.83 v _2511_/X (sky130_fd_sc_hd__buf_4)
                                         _0941_ (net)
                  0.11    0.00    3.83 v _2875_/S (sky130_fd_sc_hd__mux2_1)
     4    0.02    0.11    0.40    4.23 v _2875_/X (sky130_fd_sc_hd__mux2_1)
                                         _1232_ (net)
                  0.11    0.00    4.23 v _2879_/A1 (sky130_fd_sc_hd__a21o_1)
     2    0.00    0.04    0.18    4.41 v _2879_/X (sky130_fd_sc_hd__a21o_1)
                                         _1236_ (net)
                  0.04    0.00    4.41 v _2885_/B (sky130_fd_sc_hd__or4_1)
     2    0.01    0.12    0.55    4.96 v _2885_/X (sky130_fd_sc_hd__or4_1)
                                         _1242_ (net)
                  0.12    0.00    4.96 v _2907_/A1 (sky130_fd_sc_hd__o211a_1)
     2    0.01    0.06    0.27    5.23 v _2907_/X (sky130_fd_sc_hd__o211a_1)
                                         _1264_ (net)
                  0.06    0.00    5.23 v _3047_/A1 (sky130_fd_sc_hd__o221a_1)
     2    0.01    0.09    0.31    5.54 v _3047_/X (sky130_fd_sc_hd__o221a_1)
                                         _1404_ (net)
                  0.09    0.00    5.54 v _3048_/B1 (sky130_fd_sc_hd__a31o_1)
     1    0.00    0.04    0.19    5.73 v _3048_/X (sky130_fd_sc_hd__a31o_1)
                                         _1405_ (net)
                  0.04    0.00    5.73 v _3066_/A2 (sky130_fd_sc_hd__o211a_1)
     1    0.00    0.05    0.21    5.94 v _3066_/X (sky130_fd_sc_hd__o211a_1)
                                         _1423_ (net)
                  0.05    0.00    5.94 v _3068_/B1 (sky130_fd_sc_hd__o22ai_1)
     1    0.00    0.12    0.11    6.05 ^ _3068_/Y (sky130_fd_sc_hd__o22ai_1)
                                         _0345_ (net)
                  0.12    0.00    6.05 ^ hold34/A (sky130_fd_sc_hd__dlygate4sd3_1)
     1    0.00    0.05    0.55    6.60 ^ hold34/X (sky130_fd_sc_hd__dlygate4sd3_1)
                                         net110 (net)
                  0.05    0.00    6.60 ^ _3577_/D (sky130_fd_sc_hd__dfrtp_1)
                                  6.60   data arrival time

                         20.00   20.00   clock clk (rise edge)
                          0.00   20.00   clock source latency
     2    0.05    0.00    0.00   20.00 ^ clk (in)
                                         clk (net)
                  0.00    0.00   20.00 ^ clkbuf_0_clk/A (sky130_fd_sc_hd__clkbuf_16)
     8    0.08    0.09    0.15   20.16 ^ clkbuf_0_clk/X (sky130_fd_sc_hd__clkbuf_16)
                                         clknet_0_clk (net)
                  0.09    0.00   20.16 ^ clkbuf_2_3__f_clk/A (sky130_fd_sc_hd__clkbuf_16)
    24    0.12    0.13    0.22   20.37 ^ clkbuf_2_3__f_clk/X (sky130_fd_sc_hd__clkbuf_16)
                                         clknet_2_3__leaf_clk (net)
                  0.13    0.00   20.38 ^ clkbuf_leaf_23_clk/A (sky130_fd_sc_hd__clkbuf_8)
     9    0.04    0.09    0.19   20.57 ^ clkbuf_leaf_23_clk/X (sky130_fd_sc_hd__clkbuf_8)
                                         clknet_leaf_23_clk (net)
                  0.09    0.00   20.57 ^ _3577_/CLK (sky130_fd_sc_hd__dfrtp_1)
                         -0.25   20.32   clock uncertainty
                          0.00   20.32   clock reconvergence pessimism
                         -0.05   20.27   library setup time
                                 20.27   data required time
-----------------------------------------------------------------------------
                                 20.27   data required time
                                 -6.60   data arrival time
-----------------------------------------------------------------------------
                                 13.66   slack (MET)




===========================================================================
report_checks --slack_max -0.01
============================================================================
======================= Fastest Corner ===================================

No paths found.

======================= Slowest Corner ===================================

No paths found.

======================= Typical Corner ===================================

No paths found.


===========================================================================
 report_check_types -max_slew -max_cap -max_fanout -violators
============================================================================
======================= Fastest Corner ===================================

max fanout

Pin                                   Limit Fanout  Slack
---------------------------------------------------------
clkbuf_2_0__f_clk/X                      10     28    -18 (VIOLATED)
clkbuf_2_3__f_clk/X                      10     24    -14 (VIOLATED)
clkbuf_2_1__f_clk/X                      10     22    -12 (VIOLATED)
_1620_/X                                 10     20    -10 (VIOLATED)
_1626_/X                                 10     20    -10 (VIOLATED)
_1634_/X                                 10     20    -10 (VIOLATED)
_1640_/X                                 10     20    -10 (VIOLATED)
_1646_/X                                 10     20    -10 (VIOLATED)
_1649_/X                                 10     20    -10 (VIOLATED)
_1652_/X                                 10     20    -10 (VIOLATED)
_1655_/X                                 10     20    -10 (VIOLATED)
_1661_/X                                 10     20    -10 (VIOLATED)
_1667_/X                                 10     20    -10 (VIOLATED)
_1673_/X                                 10     20    -10 (VIOLATED)
_1676_/X                                 10     20    -10 (VIOLATED)
_1685_/X                                 10     20    -10 (VIOLATED)
_1721_/X                                 10     20    -10 (VIOLATED)
_1758_/X                                 10     20    -10 (VIOLATED)
_1792_/X                                 10     20    -10 (VIOLATED)
_1826_/X                                 10     20    -10 (VIOLATED)
_1860_/X                                 10     20    -10 (VIOLATED)
_1895_/X                                 10     20    -10 (VIOLATED)
_1929_/X                                 10     20    -10 (VIOLATED)
_1963_/X                                 10     20    -10 (VIOLATED)
_1997_/X                                 10     20    -10 (VIOLATED)
_2031_/X                                 10     20    -10 (VIOLATED)
_2065_/X                                 10     20    -10 (VIOLATED)
_2099_/X                                 10     20    -10 (VIOLATED)
_2133_/X                                 10     20    -10 (VIOLATED)
_2188_/X                                 10     20    -10 (VIOLATED)
_2194_/X                                 10     20    -10 (VIOLATED)
_2196_/X                                 10     20    -10 (VIOLATED)
_2200_/X                                 10     20    -10 (VIOLATED)
_2203_/X                                 10     20    -10 (VIOLATED)
_2205_/X                                 10     20    -10 (VIOLATED)
_2211_/X                                 10     20    -10 (VIOLATED)
_2217_/X                                 10     20    -10 (VIOLATED)
_2219_/X                                 10     20    -10 (VIOLATED)
_2225_/X                                 10     20    -10 (VIOLATED)
_2228_/X                                 10     20    -10 (VIOLATED)
_2231_/X                                 10     20    -10 (VIOLATED)
_2239_/X                                 10     20    -10 (VIOLATED)
_2242_/X                                 10     20    -10 (VIOLATED)
_2245_/X                                 10     20    -10 (VIOLATED)
_2252_/X                                 10     20    -10 (VIOLATED)
_2259_/X                                 10     20    -10 (VIOLATED)
_2272_/X                                 10     20    -10 (VIOLATED)
_2443_/X                                 10     20    -10 (VIOLATED)
_2511_/X                                 10     20    -10 (VIOLATED)
_2512_/X                                 10     20    -10 (VIOLATED)
_2525_/X                                 10     20    -10 (VIOLATED)
_2611_/X                                 10     20    -10 (VIOLATED)
_2612_/X                                 10     20    -10 (VIOLATED)
_2619_/X                                 10     20    -10 (VIOLATED)
_2650_/X                                 10     20    -10 (VIOLATED)
_2664_/X                                 10     20    -10 (VIOLATED)
_2671_/X                                 10     20    -10 (VIOLATED)
_2683_/X                                 10     20    -10 (VIOLATED)
_3069_/X                                 10     20    -10 (VIOLATED)
_3075_/X                                 10     20    -10 (VIOLATED)
_3106_/X                                 10     20    -10 (VIOLATED)
_3181_/X                                 10     20    -10 (VIOLATED)
fanout58/X                               10     20    -10 (VIOLATED)
fanout59/X                               10     20    -10 (VIOLATED)
fanout60/X                               10     20    -10 (VIOLATED)
clkbuf_2_2__f_clk/X                      10     18     -8 (VIOLATED)
clkbuf_leaf_15_clk/X                     10     18     -8 (VIOLATED)
fanout75/X                               10     16     -6 (VIOLATED)
clkbuf_leaf_18_clk/X                     10     15     -5 (VIOLATED)
_1633_/Y                                 10     14     -4 (VIOLATED)
_1684_/Y                                 10     14     -4 (VIOLATED)
_1720_/Y                                 10     14     -4 (VIOLATED)
_1757_/Y                                 10     14     -4 (VIOLATED)
_1791_/Y                                 10     14     -4 (VIOLATED)
_1825_/Y                                 10     14     -4 (VIOLATED)
_1859_/Y                                 10     14     -4 (VIOLATED)
_1894_/Y                                 10     14     -4 (VIOLATED)
_1928_/Y                                 10     14     -4 (VIOLATED)
_1962_/Y                                 10     14     -4 (VIOLATED)
_1996_/Y                                 10     14     -4 (VIOLATED)
_2030_/X                                 10     14     -4 (VIOLATED)
_2064_/X                                 10     14     -4 (VIOLATED)
_2098_/X                                 10     14     -4 (VIOLATED)
_2132_/X                                 10     14     -4 (VIOLATED)
_2193_/X                                 10     14     -4 (VIOLATED)
_2195_/Y                                 10     14     -4 (VIOLATED)
_2202_/Y                                 10     14     -4 (VIOLATED)
_2204_/Y                                 10     14     -4 (VIOLATED)
_2208_/Y                                 10     14     -4 (VIOLATED)
_2212_/Y                                 10     14     -4 (VIOLATED)
_2216_/Y                                 10     14     -4 (VIOLATED)
_2220_/Y                                 10     14     -4 (VIOLATED)
_2221_/Y                                 10     14     -4 (VIOLATED)
_2227_/Y                                 10     14     -4 (VIOLATED)
_2682_/Y                                 10     14     -4 (VIOLATED)
_2779_/Y                                 10     14     -4 (VIOLATED)
clkbuf_leaf_11_clk/X                     10     14     -4 (VIOLATED)
clkbuf_leaf_5_clk/X                      10     14     -4 (VIOLATED)
clkbuf_leaf_6_clk/X                      10     14     -4 (VIOLATED)
clkbuf_leaf_7_clk/X                      10     14     -4 (VIOLATED)
input1/X                                 10     14     -4 (VIOLATED)
input10/X                                10     14     -4 (VIOLATED)
input11/X                                10     14     -4 (VIOLATED)
input12/X                                10     14     -4 (VIOLATED)
input13/X                                10     14     -4 (VIOLATED)
input14/X                                10     14     -4 (VIOLATED)
input15/X                                10     14     -4 (VIOLATED)
input16/X                                10     14     -4 (VIOLATED)
input2/X                                 10     14     -4 (VIOLATED)
input3/X                                 10     14     -4 (VIOLATED)
input4/X                                 10     14     -4 (VIOLATED)
input5/X                                 10     14     -4 (VIOLATED)
input6/X                                 10     14     -4 (VIOLATED)
input7/X                                 10     14     -4 (VIOLATED)
input8/X                                 10     14     -4 (VIOLATED)
input9/X                                 10     14     -4 (VIOLATED)
wire48/X                                 10     14     -4 (VIOLATED)
clkbuf_leaf_10_clk/X                     10     13     -3 (VIOLATED)
clkbuf_leaf_1_clk/X                      10     13     -3 (VIOLATED)
clkbuf_leaf_21_clk/X                     10     13     -3 (VIOLATED)
clkbuf_leaf_2_clk/X                      10     13     -3 (VIOLATED)
clkbuf_leaf_33_clk/X                     10     13     -3 (VIOLATED)
clkbuf_leaf_34_clk/X                     10     13     -3 (VIOLATED)
clkbuf_leaf_35_clk/X                     10     13     -3 (VIOLATED)
clkbuf_leaf_36_clk/X                     10     13     -3 (VIOLATED)
clkbuf_leaf_39_clk/X                     10     13     -3 (VIOLATED)
_2510_/X                                 10     12     -2 (VIOLATED)
clkbuf_leaf_37_clk/X                     10     12     -2 (VIOLATED)
clkbuf_leaf_38_clk/X                     10     12     -2 (VIOLATED)
fanout67/X                               10     12     -2 (VIOLATED)
max_cap53/X                              10     12     -2 (VIOLATED)
clkbuf_leaf_0_clk/X                      10     11        (VIOLATED)
clkbuf_leaf_16_clk/X                     10     11        (VIOLATED)
clkbuf_leaf_3_clk/X                      10     11        (VIOLATED)
clkbuf_leaf_4_clk/X                      10     11        (VIOLATED)
clkbuf_leaf_9_clk/X                      10     11        (VIOLATED)


max slew violations count Fastest: 0
max fanout violations count Fastest: 136
max cap violations count Fastest: 0
======================= Slowest Corner ===================================

max slew

Pin                                    Limit    Slew   Slack
------------------------------------------------------------
ANTENNA__2402__B1/DIODE                 0.50    0.66   -0.16 (VIOLATED)
_2402_/B1                               0.50    0.66   -0.16 (VIOLATED)
_2366_/B1                               0.50    0.66   -0.16 (VIOLATED)
ANTENNA__2366__B1/DIODE                 0.50    0.66   -0.16 (VIOLATED)
_2219_/A                                0.50    0.66   -0.16 (VIOLATED)
ANTENNA__2219__A/DIODE                  0.50    0.66   -0.16 (VIOLATED)
ANTENNA_max_cap49_A/DIODE               0.50    0.66   -0.16 (VIOLATED)
_2218_/Y                                0.50    0.66   -0.16 (VIOLATED)
max_cap49/A                             0.50    0.66   -0.16 (VIOLATED)
_2399_/A2                               0.50    0.64   -0.14 (VIOLATED)
ANTENNA__2399__A2/DIODE                 0.50    0.64   -0.14 (VIOLATED)
ANTENNA__2364__A2/DIODE                 0.50    0.64   -0.14 (VIOLATED)
_2364_/A2                               0.50    0.64   -0.14 (VIOLATED)
_2217_/A                                0.50    0.64   -0.14 (VIOLATED)
ANTENNA__2217__A/DIODE                  0.50    0.64   -0.14 (VIOLATED)
_2255_/A2                               0.50    0.64   -0.14 (VIOLATED)
ANTENNA__2255__A2/DIODE                 0.50    0.64   -0.14 (VIOLATED)
ANTENNA__2386__A2/DIODE                 0.50    0.64   -0.14 (VIOLATED)
_2386_/A2                               0.50    0.64   -0.14 (VIOLATED)
_2273_/A2                               0.50    0.64   -0.14 (VIOLATED)
ANTENNA__2273__A2/DIODE                 0.50    0.64   -0.14 (VIOLATED)
_2340_/A2                               0.50    0.64   -0.14 (VIOLATED)
ANTENNA__2340__A2/DIODE                 0.50    0.64   -0.14 (VIOLATED)
_2216_/Y                                0.50    0.64   -0.14 (VIOLATED)
_2272_/A                                0.50    0.64   -0.14 (VIOLATED)
ANTENNA__2272__A/DIODE                  0.50    0.64   -0.14 (VIOLATED)
_2410_/B1                               0.50    0.64   -0.14 (VIOLATED)
ANTENNA__2410__B1/DIODE                 0.50    0.64   -0.14 (VIOLATED)
ANTENNA__2362__B1/DIODE                 0.50    0.64   -0.14 (VIOLATED)
_2362_/B1                               0.50    0.64   -0.14 (VIOLATED)
ANTENNA_max_cap47_A/DIODE               0.50    0.64   -0.14 (VIOLATED)
_2226_/Y                                0.50    0.64   -0.14 (VIOLATED)
max_cap47/A                             0.50    0.64   -0.14 (VIOLATED)
_2245_/A                                0.50    0.63   -0.13 (VIOLATED)
ANTENNA__2245__A/DIODE                  0.50    0.63   -0.13 (VIOLATED)
ANTENNA__2400__B1/DIODE                 0.50    0.63   -0.13 (VIOLATED)
_2400_/B1                               0.50    0.63   -0.13 (VIOLATED)
ANTENNA__2378__A2/DIODE                 0.50    0.63   -0.13 (VIOLATED)
_2378_/A2                               0.50    0.63   -0.13 (VIOLATED)
ANTENNA__2340__B1/DIODE                 0.50    0.63   -0.13 (VIOLATED)
_2340_/B1                               0.50    0.63   -0.13 (VIOLATED)
ANTENNA__2317__B1/DIODE                 0.50    0.63   -0.13 (VIOLATED)
_2317_/B1                               0.50    0.63   -0.13 (VIOLATED)
ANTENNA__2270__A2/DIODE                 0.50    0.63   -0.13 (VIOLATED)
_2270_/A2                               0.50    0.63   -0.13 (VIOLATED)
_2215_/A2                               0.50    0.63   -0.13 (VIOLATED)
ANTENNA__2215__A2/DIODE                 0.50    0.63   -0.13 (VIOLATED)
_2208_/Y                                0.50    0.63   -0.13 (VIOLATED)
ANTENNA__2296__A2/DIODE                 0.50    0.63   -0.13 (VIOLATED)
_2296_/A2                               0.50    0.63   -0.13 (VIOLATED)
ANTENNA__2246__A2/DIODE                 0.50    0.63   -0.13 (VIOLATED)
_2246_/A2                               0.50    0.63   -0.13 (VIOLATED)
_2214_/B1                               0.50    0.63   -0.13 (VIOLATED)
ANTENNA__2214__B1/DIODE                 0.50    0.63   -0.13 (VIOLATED)
ANTENNA_max_cap50_A/DIODE               0.50    0.63   -0.13 (VIOLATED)
_2213_/Y                                0.50    0.63   -0.13 (VIOLATED)
max_cap50/A                             0.50    0.63   -0.13 (VIOLATED)
_2412_/A2                               0.50    0.62   -0.12 (VIOLATED)
ANTENNA__2412__A2/DIODE                 0.50    0.62   -0.12 (VIOLATED)
_2402_/A2                               0.50    0.62   -0.12 (VIOLATED)
ANTENNA__2402__A2/DIODE                 0.50    0.62   -0.12 (VIOLATED)
_2386_/B1                               0.50    0.62   -0.12 (VIOLATED)
ANTENNA__2386__B1/DIODE                 0.50    0.62   -0.12 (VIOLATED)
_2203_/A                                0.50    0.62   -0.12 (VIOLATED)
ANTENNA__2203__A/DIODE                  0.50    0.62   -0.12 (VIOLATED)
ANTENNA__2315__A2/DIODE                 0.50    0.62   -0.12 (VIOLATED)
_2315_/A2                               0.50    0.62   -0.12 (VIOLATED)
ANTENNA__2305__A2/DIODE                 0.50    0.62   -0.12 (VIOLATED)
_2305_/A2                               0.50    0.62   -0.12 (VIOLATED)
_2343_/A2                               0.50    0.62   -0.12 (VIOLATED)
ANTENNA__2343__A2/DIODE                 0.50    0.62   -0.12 (VIOLATED)
_2202_/Y                                0.50    0.62   -0.12 (VIOLATED)
_2412_/B1                               0.50    0.62   -0.12 (VIOLATED)
ANTENNA__2412__B1/DIODE                 0.50    0.62   -0.12 (VIOLATED)
ANTENNA__2401__A2/DIODE                 0.50    0.62   -0.12 (VIOLATED)
_2401_/A2                               0.50    0.62   -0.12 (VIOLATED)
_2259_/A                                0.50    0.62   -0.12 (VIOLATED)
ANTENNA__2259__A/DIODE                  0.50    0.62   -0.12 (VIOLATED)
_2377_/A2                               0.50    0.62   -0.12 (VIOLATED)
ANTENNA__2377__A2/DIODE                 0.50    0.62   -0.12 (VIOLATED)
_2327_/A2                               0.50    0.62   -0.12 (VIOLATED)
ANTENNA__2327__A2/DIODE                 0.50    0.62   -0.12 (VIOLATED)
_2222_/B1                               0.50    0.62   -0.12 (VIOLATED)
ANTENNA__2222__B1/DIODE                 0.50    0.62   -0.12 (VIOLATED)
ANTENNA__2240__A2/DIODE                 0.50    0.62   -0.12 (VIOLATED)
_2240_/A2                               0.50    0.62   -0.12 (VIOLATED)
_2221_/Y                                0.50    0.62   -0.12 (VIOLATED)
ANTENNA__2260__A2/DIODE                 0.50    0.62   -0.12 (VIOLATED)
_2260_/A2                               0.50    0.62   -0.12 (VIOLATED)
ANTENNA__2268__A2/DIODE                 0.50    0.62   -0.12 (VIOLATED)
_2268_/A2                               0.50    0.62   -0.12 (VIOLATED)
ANTENNA__2329__B1/DIODE                 0.50    0.62   -0.12 (VIOLATED)
_2329_/B1                               0.50    0.62   -0.12 (VIOLATED)
ANTENNA__2413__A2/DIODE                 0.50    0.62   -0.12 (VIOLATED)
_2413_/A2                               0.50    0.62   -0.12 (VIOLATED)
ANTENNA__2205__A/DIODE                  0.50    0.62   -0.12 (VIOLATED)
_2205_/A                                0.50    0.62   -0.12 (VIOLATED)
ANTENNA__2308__A2/DIODE                 0.50    0.62   -0.12 (VIOLATED)
_2308_/A2                               0.50    0.62   -0.12 (VIOLATED)
ANTENNA__2390__A2/DIODE                 0.50    0.62   -0.12 (VIOLATED)
_2204_/Y                                0.50    0.62   -0.12 (VIOLATED)
_2390_/A2                               0.50    0.62   -0.12 (VIOLATED)
_2400_/A2                               0.50    0.61   -0.11 (VIOLATED)
ANTENNA__2400__A2/DIODE                 0.50    0.61   -0.11 (VIOLATED)
ANTENNA__2362__A2/DIODE                 0.50    0.61   -0.11 (VIOLATED)
_2362_/A2                               0.50    0.61   -0.11 (VIOLATED)
_2239_/A                                0.50    0.61   -0.11 (VIOLATED)
ANTENNA__2239__A/DIODE                  0.50    0.61   -0.11 (VIOLATED)
ANTENNA__2388__B1/DIODE                 0.50    0.61   -0.11 (VIOLATED)
_2388_/B1                               0.50    0.61   -0.11 (VIOLATED)
ANTENNA__2222__A2/DIODE                 0.50    0.61   -0.11 (VIOLATED)
_2222_/A2                               0.50    0.61   -0.11 (VIOLATED)
ANTENNA__2329__A2/DIODE                 0.50    0.61   -0.11 (VIOLATED)
_2329_/A2                               0.50    0.61   -0.11 (VIOLATED)
ANTENNA__2304__A2/DIODE                 0.50    0.61   -0.11 (VIOLATED)
_2304_/A2                               0.50    0.61   -0.11 (VIOLATED)
_2220_/Y                                0.50    0.61   -0.11 (VIOLATED)
_2269_/A2                               0.50    0.60   -0.10 (VIOLATED)
ANTENNA__2269__A2/DIODE                 0.50    0.60   -0.10 (VIOLATED)
_2214_/A2                               0.50    0.60   -0.10 (VIOLATED)
ANTENNA__2214__A2/DIODE                 0.50    0.60   -0.10 (VIOLATED)
_2242_/A                                0.50    0.60   -0.10 (VIOLATED)
ANTENNA__2242__A/DIODE                  0.50    0.60   -0.10 (VIOLATED)
ANTENNA__2414__A2/DIODE                 0.50    0.60   -0.10 (VIOLATED)
_2414_/A2                               0.50    0.60   -0.10 (VIOLATED)
ANTENNA__2316__A2/DIODE                 0.50    0.60   -0.10 (VIOLATED)
_2316_/A2                               0.50    0.60   -0.10 (VIOLATED)
_2328_/A2                               0.50    0.60   -0.10 (VIOLATED)
ANTENNA__2328__A2/DIODE                 0.50    0.60   -0.10 (VIOLATED)
ANTENNA__2375__A2/DIODE                 0.50    0.60   -0.10 (VIOLATED)
_2375_/A2                               0.50    0.60   -0.10 (VIOLATED)
_2212_/Y                                0.50    0.60   -0.10 (VIOLATED)
_2255_/B1                               0.50    0.58   -0.08 (VIOLATED)
ANTENNA__2255__B1/DIODE                 0.50    0.58   -0.08 (VIOLATED)
_2240_/B1                               0.50    0.58   -0.08 (VIOLATED)
ANTENNA__2240__B1/DIODE                 0.50    0.58   -0.08 (VIOLATED)
ANTENNA_max_cap51_A/DIODE               0.50    0.58   -0.08 (VIOLATED)
_2210_/Y                                0.50    0.58   -0.08 (VIOLATED)
max_cap51/A                             0.50    0.58   -0.08 (VIOLATED)
ANTENNA__2243__B1/DIODE                 0.50    0.58   -0.08 (VIOLATED)
_2243_/B1                               0.50    0.58   -0.08 (VIOLATED)
ANTENNA__2260__B1/DIODE                 0.50    0.58   -0.08 (VIOLATED)
_2260_/B1                               0.50    0.58   -0.08 (VIOLATED)
_2273_/B1                               0.50    0.58   -0.08 (VIOLATED)
ANTENNA__2273__B1/DIODE                 0.50    0.58   -0.08 (VIOLATED)
ANTENNA__2228__A/DIODE                  0.50    0.58   -0.08 (VIOLATED)
_2228_/A                                0.50    0.58   -0.08 (VIOLATED)
_2327_/B1                               0.50    0.58   -0.08 (VIOLATED)
ANTENNA__2327__B1/DIODE                 0.50    0.58   -0.08 (VIOLATED)
_2339_/B1                               0.50    0.58   -0.08 (VIOLATED)
ANTENNA__2339__B1/DIODE                 0.50    0.58   -0.08 (VIOLATED)
ANTENNA__2307__B1/DIODE                 0.50    0.58   -0.08 (VIOLATED)
_2307_/B1                               0.50    0.58   -0.08 (VIOLATED)
_2227_/Y                                0.50    0.58   -0.08 (VIOLATED)
ANTENNA__2410__A2/DIODE                 0.50    0.56   -0.06 (VIOLATED)
_2410_/A2                               0.50    0.56   -0.06 (VIOLATED)
ANTENNA__2196__A/DIODE                  0.50    0.56   -0.06 (VIOLATED)
_2196_/A                                0.50    0.56   -0.06 (VIOLATED)
_2376_/A2                               0.50    0.56   -0.06 (VIOLATED)
ANTENNA__2376__A2/DIODE                 0.50    0.56   -0.06 (VIOLATED)
ANTENNA__2339__A2/DIODE                 0.50    0.56   -0.06 (VIOLATED)
_2339_/A2                               0.50    0.56   -0.06 (VIOLATED)
ANTENNA__2331__A2/DIODE                 0.50    0.56   -0.06 (VIOLATED)
_2331_/A2                               0.50    0.56   -0.06 (VIOLATED)
ANTENNA__2319__A2/DIODE                 0.50    0.56   -0.06 (VIOLATED)
_2319_/A2                               0.50    0.56   -0.06 (VIOLATED)
ANTENNA__2303__A2/DIODE                 0.50    0.56   -0.06 (VIOLATED)
_2195_/Y                                0.50    0.56   -0.06 (VIOLATED)
_2303_/A2                               0.50    0.56   -0.06 (VIOLATED)
_3061_/Y                                0.50    0.51   -0.01 (VIOLATED)
wire31/A                                0.50    0.51   -0.01 (VIOLATED)

max fanout

Pin                                   Limit Fanout  Slack
---------------------------------------------------------
clkbuf_2_0__f_clk/X                      10     28    -18 (VIOLATED)
clkbuf_2_3__f_clk/X                      10     24    -14 (VIOLATED)
clkbuf_2_1__f_clk/X                      10     22    -12 (VIOLATED)
_1620_/X                                 10     20    -10 (VIOLATED)
_1626_/X                                 10     20    -10 (VIOLATED)
_1634_/X                                 10     20    -10 (VIOLATED)
_1640_/X                                 10     20    -10 (VIOLATED)
_1646_/X                                 10     20    -10 (VIOLATED)
_1649_/X                                 10     20    -10 (VIOLATED)
_1652_/X                                 10     20    -10 (VIOLATED)
_1655_/X                                 10     20    -10 (VIOLATED)
_1661_/X                                 10     20    -10 (VIOLATED)
_1667_/X                                 10     20    -10 (VIOLATED)
_1673_/X                                 10     20    -10 (VIOLATED)
_1676_/X                                 10     20    -10 (VIOLATED)
_1685_/X                                 10     20    -10 (VIOLATED)
_1721_/X                                 10     20    -10 (VIOLATED)
_1758_/X                                 10     20    -10 (VIOLATED)
_1792_/X                                 10     20    -10 (VIOLATED)
_1826_/X                                 10     20    -10 (VIOLATED)
_1860_/X                                 10     20    -10 (VIOLATED)
_1895_/X                                 10     20    -10 (VIOLATED)
_1929_/X                                 10     20    -10 (VIOLATED)
_1963_/X                                 10     20    -10 (VIOLATED)
_1997_/X                                 10     20    -10 (VIOLATED)
_2031_/X                                 10     20    -10 (VIOLATED)
_2065_/X                                 10     20    -10 (VIOLATED)
_2099_/X                                 10     20    -10 (VIOLATED)
_2133_/X                                 10     20    -10 (VIOLATED)
_2188_/X                                 10     20    -10 (VIOLATED)
_2194_/X                                 10     20    -10 (VIOLATED)
_2196_/X                                 10     20    -10 (VIOLATED)
_2200_/X                                 10     20    -10 (VIOLATED)
_2203_/X                                 10     20    -10 (VIOLATED)
_2205_/X                                 10     20    -10 (VIOLATED)
_2211_/X                                 10     20    -10 (VIOLATED)
_2217_/X                                 10     20    -10 (VIOLATED)
_2219_/X                                 10     20    -10 (VIOLATED)
_2225_/X                                 10     20    -10 (VIOLATED)
_2228_/X                                 10     20    -10 (VIOLATED)
_2231_/X                                 10     20    -10 (VIOLATED)
_2239_/X                                 10     20    -10 (VIOLATED)
_2242_/X                                 10     20    -10 (VIOLATED)
_2245_/X                                 10     20    -10 (VIOLATED)
_2252_/X                                 10     20    -10 (VIOLATED)
_2259_/X                                 10     20    -10 (VIOLATED)
_2272_/X                                 10     20    -10 (VIOLATED)
_2443_/X                                 10     20    -10 (VIOLATED)
_2511_/X                                 10     20    -10 (VIOLATED)
_2512_/X                                 10     20    -10 (VIOLATED)
_2525_/X                                 10     20    -10 (VIOLATED)
_2611_/X                                 10     20    -10 (VIOLATED)
_2612_/X                                 10     20    -10 (VIOLATED)
_2619_/X                                 10     20    -10 (VIOLATED)
_2650_/X                                 10     20    -10 (VIOLATED)
_2664_/X                                 10     20    -10 (VIOLATED)
_2671_/X                                 10     20    -10 (VIOLATED)
_2683_/X                                 10     20    -10 (VIOLATED)
_3069_/X                                 10     20    -10 (VIOLATED)
_3075_/X                                 10     20    -10 (VIOLATED)
_3106_/X                                 10     20    -10 (VIOLATED)
_3181_/X                                 10     20    -10 (VIOLATED)
fanout58/X                               10     20    -10 (VIOLATED)
fanout59/X                               10     20    -10 (VIOLATED)
fanout60/X                               10     20    -10 (VIOLATED)
clkbuf_2_2__f_clk/X                      10     18     -8 (VIOLATED)
clkbuf_leaf_15_clk/X                     10     18     -8 (VIOLATED)
fanout75/X                               10     16     -6 (VIOLATED)
clkbuf_leaf_18_clk/X                     10     15     -5 (VIOLATED)
_1633_/Y                                 10     14     -4 (VIOLATED)
_1684_/Y                                 10     14     -4 (VIOLATED)
_1720_/Y                                 10     14     -4 (VIOLATED)
_1757_/Y                                 10     14     -4 (VIOLATED)
_1791_/Y                                 10     14     -4 (VIOLATED)
_1825_/Y                                 10     14     -4 (VIOLATED)
_1859_/Y                                 10     14     -4 (VIOLATED)
_1894_/Y                                 10     14     -4 (VIOLATED)
_1928_/Y                                 10     14     -4 (VIOLATED)
_1962_/Y                                 10     14     -4 (VIOLATED)
_1996_/Y                                 10     14     -4 (VIOLATED)
_2030_/X                                 10     14     -4 (VIOLATED)
_2064_/X                                 10     14     -4 (VIOLATED)
_2098_/X                                 10     14     -4 (VIOLATED)
_2132_/X                                 10     14     -4 (VIOLATED)
_2193_/X                                 10     14     -4 (VIOLATED)
_2195_/Y                                 10     14     -4 (VIOLATED)
_2202_/Y                                 10     14     -4 (VIOLATED)
_2204_/Y                                 10     14     -4 (VIOLATED)
_2208_/Y                                 10     14     -4 (VIOLATED)
_2212_/Y                                 10     14     -4 (VIOLATED)
_2216_/Y                                 10     14     -4 (VIOLATED)
_2220_/Y                                 10     14     -4 (VIOLATED)
_2221_/Y                                 10     14     -4 (VIOLATED)
_2227_/Y                                 10     14     -4 (VIOLATED)
_2682_/Y                                 10     14     -4 (VIOLATED)
_2779_/Y                                 10     14     -4 (VIOLATED)
clkbuf_leaf_11_clk/X                     10     14     -4 (VIOLATED)
clkbuf_leaf_5_clk/X                      10     14     -4 (VIOLATED)
clkbuf_leaf_6_clk/X                      10     14     -4 (VIOLATED)
clkbuf_leaf_7_clk/X                      10     14     -4 (VIOLATED)
input1/X                                 10     14     -4 (VIOLATED)
input10/X                                10     14     -4 (VIOLATED)
input11/X                                10     14     -4 (VIOLATED)
input12/X                                10     14     -4 (VIOLATED)
input13/X                                10     14     -4 (VIOLATED)
input14/X                                10     14     -4 (VIOLATED)
input15/X                                10     14     -4 (VIOLATED)
input16/X                                10     14     -4 (VIOLATED)
input2/X                                 10     14     -4 (VIOLATED)
input3/X                                 10     14     -4 (VIOLATED)
input4/X                                 10     14     -4 (VIOLATED)
input5/X                                 10     14     -4 (VIOLATED)
input6/X                                 10     14     -4 (VIOLATED)
input7/X                                 10     14     -4 (VIOLATED)
input8/X                                 10     14     -4 (VIOLATED)
input9/X                                 10     14     -4 (VIOLATED)
wire48/X                                 10     14     -4 (VIOLATED)
clkbuf_leaf_10_clk/X                     10     13     -3 (VIOLATED)
clkbuf_leaf_1_clk/X                      10     13     -3 (VIOLATED)
clkbuf_leaf_21_clk/X                     10     13     -3 (VIOLATED)
clkbuf_leaf_2_clk/X                      10     13     -3 (VIOLATED)
clkbuf_leaf_33_clk/X                     10     13     -3 (VIOLATED)
clkbuf_leaf_34_clk/X                     10     13     -3 (VIOLATED)
clkbuf_leaf_35_clk/X                     10     13     -3 (VIOLATED)
clkbuf_leaf_36_clk/X                     10     13     -3 (VIOLATED)
clkbuf_leaf_39_clk/X                     10     13     -3 (VIOLATED)
_2510_/X                                 10     12     -2 (VIOLATED)
clkbuf_leaf_37_clk/X                     10     12     -2 (VIOLATED)
clkbuf_leaf_38_clk/X                     10     12     -2 (VIOLATED)
fanout67/X                               10     12     -2 (VIOLATED)
max_cap53/X                              10     12     -2 (VIOLATED)
clkbuf_leaf_0_clk/X                      10     11        (VIOLATED)
clkbuf_leaf_16_clk/X                     10     11        (VIOLATED)
clkbuf_leaf_3_clk/X                      10     11        (VIOLATED)
clkbuf_leaf_4_clk/X                      10     11        (VIOLATED)
clkbuf_leaf_9_clk/X                      10     11        (VIOLATED)


max slew violations count Slowest: 171
max fanout violations count Slowest: 136
max cap violations count Slowest: 0
======================= Typical Corner ===================================

max fanout

Pin                                   Limit Fanout  Slack
---------------------------------------------------------
clkbuf_2_0__f_clk/X                      10     28    -18 (VIOLATED)
clkbuf_2_3__f_clk/X                      10     24    -14 (VIOLATED)
clkbuf_2_1__f_clk/X                      10     22    -12 (VIOLATED)
_1620_/X                                 10     20    -10 (VIOLATED)
_1626_/X                                 10     20    -10 (VIOLATED)
_1634_/X                                 10     20    -10 (VIOLATED)
_1640_/X                                 10     20    -10 (VIOLATED)
_1646_/X                                 10     20    -10 (VIOLATED)
_1649_/X                                 10     20    -10 (VIOLATED)
_1652_/X                                 10     20    -10 (VIOLATED)
_1655_/X                                 10     20    -10 (VIOLATED)
_1661_/X                                 10     20    -10 (VIOLATED)
_1667_/X                                 10     20    -10 (VIOLATED)
_1673_/X                                 10     20    -10 (VIOLATED)
_1676_/X                                 10     20    -10 (VIOLATED)
_1685_/X                                 10     20    -10 (VIOLATED)
_1721_/X                                 10     20    -10 (VIOLATED)
_1758_/X                                 10     20    -10 (VIOLATED)
_1792_/X                                 10     20    -10 (VIOLATED)
_1826_/X                                 10     20    -10 (VIOLATED)
_1860_/X                                 10     20    -10 (VIOLATED)
_1895_/X                                 10     20    -10 (VIOLATED)
_1929_/X                                 10     20    -10 (VIOLATED)
_1963_/X                                 10     20    -10 (VIOLATED)
_1997_/X                                 10     20    -10 (VIOLATED)
_2031_/X                                 10     20    -10 (VIOLATED)
_2065_/X                                 10     20    -10 (VIOLATED)
_2099_/X                                 10     20    -10 (VIOLATED)
_2133_/X                                 10     20    -10 (VIOLATED)
_2188_/X                                 10     20    -10 (VIOLATED)
_2194_/X                                 10     20    -10 (VIOLATED)
_2196_/X                                 10     20    -10 (VIOLATED)
_2200_/X                                 10     20    -10 (VIOLATED)
_2203_/X                                 10     20    -10 (VIOLATED)
_2205_/X                                 10     20    -10 (VIOLATED)
_2211_/X                                 10     20    -10 (VIOLATED)
_2217_/X                                 10     20    -10 (VIOLATED)
_2219_/X                                 10     20    -10 (VIOLATED)
_2225_/X                                 10     20    -10 (VIOLATED)
_2228_/X                                 10     20    -10 (VIOLATED)
_2231_/X                                 10     20    -10 (VIOLATED)
_2239_/X                                 10     20    -10 (VIOLATED)
_2242_/X                                 10     20    -10 (VIOLATED)
_2245_/X                                 10     20    -10 (VIOLATED)
_2252_/X                                 10     20    -10 (VIOLATED)
_2259_/X                                 10     20    -10 (VIOLATED)
_2272_/X                                 10     20    -10 (VIOLATED)
_2443_/X                                 10     20    -10 (VIOLATED)
_2511_/X                                 10     20    -10 (VIOLATED)
_2512_/X                                 10     20    -10 (VIOLATED)
_2525_/X                                 10     20    -10 (VIOLATED)
_2611_/X                                 10     20    -10 (VIOLATED)
_2612_/X                                 10     20    -10 (VIOLATED)
_2619_/X                                 10     20    -10 (VIOLATED)
_2650_/X                                 10     20    -10 (VIOLATED)
_2664_/X                                 10     20    -10 (VIOLATED)
_2671_/X                                 10     20    -10 (VIOLATED)
_2683_/X                                 10     20    -10 (VIOLATED)
_3069_/X                                 10     20    -10 (VIOLATED)
_3075_/X                                 10     20    -10 (VIOLATED)
_3106_/X                                 10     20    -10 (VIOLATED)
_3181_/X                                 10     20    -10 (VIOLATED)
fanout58/X                               10     20    -10 (VIOLATED)
fanout59/X                               10     20    -10 (VIOLATED)
fanout60/X                               10     20    -10 (VIOLATED)
clkbuf_2_2__f_clk/X                      10     18     -8 (VIOLATED)
clkbuf_leaf_15_clk/X                     10     18     -8 (VIOLATED)
fanout75/X                               10     16     -6 (VIOLATED)
clkbuf_leaf_18_clk/X                     10     15     -5 (VIOLATED)
_1633_/Y                                 10     14     -4 (VIOLATED)
_1684_/Y                                 10     14     -4 (VIOLATED)
_1720_/Y                                 10     14     -4 (VIOLATED)
_1757_/Y                                 10     14     -4 (VIOLATED)
_1791_/Y                                 10     14     -4 (VIOLATED)
_1825_/Y                                 10     14     -4 (VIOLATED)
_1859_/Y                                 10     14     -4 (VIOLATED)
_1894_/Y                                 10     14     -4 (VIOLATED)
_1928_/Y                                 10     14     -4 (VIOLATED)
_1962_/Y                                 10     14     -4 (VIOLATED)
_1996_/Y                                 10     14     -4 (VIOLATED)
_2030_/X                                 10     14     -4 (VIOLATED)
_2064_/X                                 10     14     -4 (VIOLATED)
_2098_/X                                 10     14     -4 (VIOLATED)
_2132_/X                                 10     14     -4 (VIOLATED)
_2193_/X                                 10     14     -4 (VIOLATED)
_2195_/Y                                 10     14     -4 (VIOLATED)
_2202_/Y                                 10     14     -4 (VIOLATED)
_2204_/Y                                 10     14     -4 (VIOLATED)
_2208_/Y                                 10     14     -4 (VIOLATED)
_2212_/Y                                 10     14     -4 (VIOLATED)
_2216_/Y                                 10     14     -4 (VIOLATED)
_2220_/Y                                 10     14     -4 (VIOLATED)
_2221_/Y                                 10     14     -4 (VIOLATED)
_2227_/Y                                 10     14     -4 (VIOLATED)
_2682_/Y                                 10     14     -4 (VIOLATED)
_2779_/Y                                 10     14     -4 (VIOLATED)
clkbuf_leaf_11_clk/X                     10     14     -4 (VIOLATED)
clkbuf_leaf_5_clk/X                      10     14     -4 (VIOLATED)
clkbuf_leaf_6_clk/X                      10     14     -4 (VIOLATED)
clkbuf_leaf_7_clk/X                      10     14     -4 (VIOLATED)
input1/X                                 10     14     -4 (VIOLATED)
input10/X                                10     14     -4 (VIOLATED)
input11/X                                10     14     -4 (VIOLATED)
input12/X                                10     14     -4 (VIOLATED)
input13/X                                10     14     -4 (VIOLATED)
input14/X                                10     14     -4 (VIOLATED)
input15/X                                10     14     -4 (VIOLATED)
input16/X                                10     14     -4 (VIOLATED)
input2/X                                 10     14     -4 (VIOLATED)
input3/X                                 10     14     -4 (VIOLATED)
input4/X                                 10     14     -4 (VIOLATED)
input5/X                                 10     14     -4 (VIOLATED)
input6/X                                 10     14     -4 (VIOLATED)
input7/X                                 10     14     -4 (VIOLATED)
input8/X                                 10     14     -4 (VIOLATED)
input9/X                                 10     14     -4 (VIOLATED)
wire48/X                                 10     14     -4 (VIOLATED)
clkbuf_leaf_10_clk/X                     10     13     -3 (VIOLATED)
clkbuf_leaf_1_clk/X                      10     13     -3 (VIOLATED)
clkbuf_leaf_21_clk/X                     10     13     -3 (VIOLATED)
clkbuf_leaf_2_clk/X                      10     13     -3 (VIOLATED)
clkbuf_leaf_33_clk/X                     10     13     -3 (VIOLATED)
clkbuf_leaf_34_clk/X                     10     13     -3 (VIOLATED)
clkbuf_leaf_35_clk/X                     10     13     -3 (VIOLATED)
clkbuf_leaf_36_clk/X                     10     13     -3 (VIOLATED)
clkbuf_leaf_39_clk/X                     10     13     -3 (VIOLATED)
_2510_/X                                 10     12     -2 (VIOLATED)
clkbuf_leaf_37_clk/X                     10     12     -2 (VIOLATED)
clkbuf_leaf_38_clk/X                     10     12     -2 (VIOLATED)
fanout67/X                               10     12     -2 (VIOLATED)
max_cap53/X                              10     12     -2 (VIOLATED)
clkbuf_leaf_0_clk/X                      10     11        (VIOLATED)
clkbuf_leaf_16_clk/X                     10     11        (VIOLATED)
clkbuf_leaf_3_clk/X                      10     11        (VIOLATED)
clkbuf_leaf_4_clk/X                      10     11        (VIOLATED)
clkbuf_leaf_9_clk/X                      10     11        (VIOLATED)


max slew violations count Typical: 0
max fanout violations count Typical: 136
max cap violations count Typical: 0

===========================================================================
report_parasitic_annotation -report_unannotated
============================================================================
Found 41 unannotated drivers.
 clkload0/Y
 clkload1/Y
 clkload10/Y
 clkload11/X
 clkload12/Y
 clkload13/Y
 clkload14/Y
 clkload15/X
 clkload16/X
 clkload17/Y
 clkload18/Y
 clkload19/Y
 clkload2/Y
 clkload20/X
 clkload21/Y
 clkload22/Y
 clkload23/Y
 clkload24/Y
 clkload25/Y
 clkload26/Y
 clkload27/Y
 clkload28/Y
 clkload29/Y
 clkload3/Y
 clkload30/Y
 clkload31/Y
 clkload32/Y
 clkload33/Y
 clkload34/Y
 clkload35/Y
 clkload36/Y
 clkload37/Y
 clkload38/Y
 clkload39/Y
 clkload4/X
 clkload40/Y
 clkload5/Y
 clkload6/Y
 clkload7/X
 clkload8/X
 clkload9/Y
Found 0 partially unannotated drivers.

===========================================================================
max slew violation count 171
max fanout violation count 136
max cap violation count 0
============================================================================

===========================================================================
check_setup -verbose -unconstrained_endpoints -multiple_clock -no_clock -no_input_delay -loops -generated_clocks
===========================================================================
