
===========================================================================
 report_power
============================================================================
======================= Fastest Corner ===================================

Group                  Internal  Switching    Leakage      Total
                          Power      Power      Power      Power (Watts)
----------------------------------------------------------------
Sequential             1.52e-03   3.37e-04   5.43e-07   1.85e-03  25.4%
Combinational          2.33e-03   2.26e-03   1.57e-08   4.60e-03  63.1%
Clock                  3.68e-04   4.64e-04   1.24e-08   8.32e-04  11.4%
Macro                  0.00e+00   0.00e+00   0.00e+00   0.00e+00   0.0%
Pad                    0.00e+00   0.00e+00   0.00e+00   0.00e+00   0.0%
----------------------------------------------------------------
Total                  4.22e-03   3.06e-03   5.71e-07   7.28e-03 100.0%
                          57.9%      42.1%       0.0%

======================= Slowest Corner ===================================

Group                  Internal  Switching    Leakage      Total
                          Power      Power      Power      Power (Watts)
----------------------------------------------------------------
Sequential             1.03e-03   2.18e-04   6.74e-06   1.26e-03  25.0%
Combinational          1.71e-03   1.49e-03   1.07e-05   3.21e-03  63.7%
Clock                  2.64e-04   3.02e-04   8.65e-07   5.67e-04  11.3%
Macro                  0.00e+00   0.00e+00   0.00e+00   0.00e+00   0.0%
Pad                    0.00e+00   0.00e+00   0.00e+00   0.00e+00   0.0%
----------------------------------------------------------------
Total                  3.01e-03   2.01e-03   1.83e-05   5.03e-03 100.0%
                          59.7%      39.9%       0.4%

======================= Typical Corner ===================================

Group                  Internal  Switching    Leakage      Total
                          Power      Power      Power      Power (Watts)
----------------------------------------------------------------
Sequential             1.32e-03   2.81e-04   5.40e-07   1.60e-03  25.3%
Combinational          2.10e-03   1.90e-03   7.65e-09   4.01e-03  63.4%
Clock                  3.22e-04   3.91e-04   1.04e-08   7.14e-04  11.3%
Macro                  0.00e+00   0.00e+00   0.00e+00   0.00e+00   0.0%
Pad                    0.00e+00   0.00e+00   0.00e+00   0.00e+00   0.0%
----------------------------------------------------------------
Total                  3.74e-03   2.58e-03   5.59e-07   6.32e-03 100.0%
                          59.2%      40.8%       0.0%

