
===========================================================================
 report_power
============================================================================
======================= Fastest Corner ===================================

Group                  Internal  Switching    Leakage      Total
                          Power      Power      Power      Power (Watts)
----------------------------------------------------------------
Sequential             1.52e-03   3.17e-04   5.43e-07   1.83e-03  25.9%
Combinational          2.33e-03   2.10e-03   1.57e-08   4.43e-03  62.7%
Clock                  3.68e-04   4.35e-04   1.24e-08   8.03e-04  11.4%
Macro                  0.00e+00   0.00e+00   0.00e+00   0.00e+00   0.0%
Pad                    0.00e+00   0.00e+00   0.00e+00   0.00e+00   0.0%
----------------------------------------------------------------
Total                  4.21e-03   2.85e-03   5.71e-07   7.06e-03 100.0%
                          59.6%      40.3%       0.0%

======================= Slowest Corner ===================================

Group                  Internal  Switching    Leakage      Total
                          Power      Power      Power      Power (Watts)
----------------------------------------------------------------
Sequential             1.03e-03   2.05e-04   6.74e-06   1.24e-03  25.5%
Combinational          1.71e-03   1.38e-03   1.07e-05   3.10e-03  63.3%
Clock                  2.65e-04   2.82e-04   8.65e-07   5.48e-04  11.2%
Macro                  0.00e+00   0.00e+00   0.00e+00   0.00e+00   0.0%
Pad                    0.00e+00   0.00e+00   0.00e+00   0.00e+00   0.0%
----------------------------------------------------------------
Total                  3.01e-03   1.87e-03   1.83e-05   4.89e-03 100.0%
                          61.5%      38.2%       0.4%

======================= Typical Corner ===================================

Group                  Internal  Switching    Leakage      Total
                          Power      Power      Power      Power (Watts)
----------------------------------------------------------------
Sequential             1.31e-03   2.64e-04   5.40e-07   1.58e-03  25.8%
Combinational          2.10e-03   1.76e-03   7.65e-09   3.87e-03  63.0%
Clock                  3.22e-04   3.66e-04   1.04e-08   6.89e-04  11.2%
Macro                  0.00e+00   0.00e+00   0.00e+00   0.00e+00   0.0%
Pad                    0.00e+00   0.00e+00   0.00e+00   0.00e+00   0.0%
----------------------------------------------------------------
Total                  3.74e-03   2.39e-03   5.59e-07   6.13e-03 100.0%
                          61.0%      39.0%       0.0%

