OpenROAD b16bda7e82721d10566ff7e2b68f1ff0be9f9e38 
Features included (+) or not (-): +Charts +GPU +GUI +Python
This program is licensed under the BSD-3 license. See the LICENSE file for details.
Components of this program may be licensed under more restrictive licenses which must be honored.
define_corners Typical
read_liberty -corner Typical /home/iot/pdk/sky130A/libs.ref/sky130_fd_sc_hd/lib/sky130_fd_sc_hd__tt_025C_1v80.lib
Using 1e-12 for capacitance...
Using 1e+03 for resistance...
Using 1e-09 for time...
Using 1e+00 for voltage...
Using 1e-03 for current...
Using 1e-09 for power...
Using 1e-06 for distance...
[INFO]: Reading ODB at '/openlane/designs/viterbi/runs/RUN_2026.01.21_02.17.41/tmp/routing/22-io_diodes.odb'…
Reading design constraints file at '/openlane/designs/viterbi/constraints.sdc'…
[WARNING STA-0441] set_input_delay relative to a clock defined on the same port/pin not allowed.
[WARNING STA-0441] set_input_delay relative to a clock defined on the same port/pin not allowed.
Placement Analysis
---------------------------------
total displacement         47.7 u
average displacement        0.0 u
max displacement            5.4 u
original HPWL           50824.5 u
legalized HPWL          52387.0 u
delta HPWL                    3 %

[INFO DPL-0020] Mirrored 913 instances
[INFO DPL-0021] HPWL before           52387.0 u
[INFO DPL-0022] HPWL after            50862.0 u
[INFO DPL-0023] HPWL delta               -2.9 %
Setting global connections for newly added cells…
Writing OpenROAD database to '/openlane/designs/viterbi/runs/RUN_2026.01.21_02.17.41/tmp/routing/./22-io_diode_legalized.odb'…
Writing netlist to '/openlane/designs/viterbi/runs/RUN_2026.01.21_02.17.41/tmp/routing/./22-io_diode_legalized.nl.v'…
Writing powered netlist to '/openlane/designs/viterbi/runs/RUN_2026.01.21_02.17.41/tmp/routing/./22-io_diode_legalized.pnl.v'…
Writing layout to '/openlane/designs/viterbi/runs/RUN_2026.01.21_02.17.41/tmp/routing/./22-io_diode_legalized.def'…
