OpenROAD b16bda7e82721d10566ff7e2b68f1ff0be9f9e38 
Features included (+) or not (-): +Charts +GPU +GUI +Python
This program is licensed under the BSD-3 license. See the LICENSE file for details.
Components of this program may be licensed under more restrictive licenses which must be honored.
define_corners Typical
read_liberty -corner Typical /home/iot/pdk/sky130A/libs.ref/sky130_fd_sc_hd/lib/sky130_fd_sc_hd__tt_025C_1v80.lib
Using 1e-12 for capacitance...
Using 1e+03 for resistance...
Using 1e-09 for time...
Using 1e+00 for voltage...
Using 1e-03 for current...
Using 1e-09 for power...
Using 1e-06 for distance...
[INFO]: Reading ODB at '/openlane/designs/viterbi/runs/RUN_2026.01.21_02.17.41/tmp/routing/./24-diodes_legalized.odb'…
Reading design constraints file at '/openlane/designs/viterbi/constraints.sdc'…
[WARNING STA-0441] set_input_delay relative to a clock defined on the same port/pin not allowed.
[WARNING STA-0441] set_input_delay relative to a clock defined on the same port/pin not allowed.
[INFO]: Setting signal min routing layer to: met1 and clock min routing layer to met3. 
[INFO]: Setting signal max routing layer to: met5 and clock max routing layer to met5. 
-congestion_iterations 50 -verbose -congestion_report_file /openlane/designs/viterbi/runs/RUN_2026.01.21_02.17.41/tmp/routing/groute-congestion.rpt
[INFO GRT-0020] Min routing layer: met1
[INFO GRT-0021] Max routing layer: met5
[INFO GRT-0022] Global adjustment: 30%
[INFO GRT-0023] Grid origin: (0, 0)
[INFO GRT-0043] No OR_DEFAULT vias defined.
[INFO GRT-0088] Layer li1     Track-Pitch = 0.4600  line-2-Via Pitch: 0.3400
[INFO GRT-0088] Layer met1    Track-Pitch = 0.3400  line-2-Via Pitch: 0.3400
[INFO GRT-0088] Layer met2    Track-Pitch = 0.4600  line-2-Via Pitch: 0.3500
[INFO GRT-0088] Layer met3    Track-Pitch = 0.6800  line-2-Via Pitch: 0.6150
[INFO GRT-0088] Layer met4    Track-Pitch = 0.9200  line-2-Via Pitch: 1.0400
[INFO GRT-0088] Layer met5    Track-Pitch = 3.4000  line-2-Via Pitch: 3.1100
[INFO GRT-0019] Found 49 clock nets.
[INFO GRT-0001] Minimum degree: 2
[INFO GRT-0002] Maximum degree: 29
[INFO GRT-0003] Macros: 0
[INFO GRT-0043] No OR_DEFAULT vias defined.
[INFO GRT-0004] Blockages: 5898

[INFO GRT-0053] Routing resources analysis:
          Routing      Original      Derated      Resource
Layer     Direction    Resources     Resources    Reduction (%)
---------------------------------------------------------------
li1        Vertical            0             0          0.00%
met1       Horizontal      66120         32152          51.37%
met2       Vertical        49533         32404          34.58%
met3       Horizontal      33060         22652          31.48%
met4       Vertical        19950         12443          37.63%
met5       Horizontal       6612          3080          53.42%
---------------------------------------------------------------

[INFO GRT-0197] Via related to pin nodes: 13577
[INFO GRT-0198] Via related Steiner nodes: 230
[INFO GRT-0199] Via filling finished.
[INFO GRT-0111] Final number of vias: 16681
[INFO GRT-0112] Final usage 3D: 59313

[INFO GRT-0096] Final congestion report:
Layer         Resource        Demand        Usage (%)    Max H / Max V / Total Overflow
---------------------------------------------------------------------------------------
li1                  0             0            0.00%             0 /  0 /  0
met1             32152          4485           13.95%             0 /  0 /  0
met2             32404          4271           13.18%             0 /  0 /  0
met3             22652           330            1.46%             0 /  0 /  0
met4             12443           184            1.48%             0 /  0 /  0
met5              3080             0            0.00%             0 /  0 /  0
---------------------------------------------------------------------------------------
Total           102731          9270            9.02%             0 /  0 /  0

[INFO GRT-0018] Total wirelength: 102851 um
[INFO GRT-0014] Routed nets: 2462
[INFO GRT-0006] Repairing antennas, iteration 1.
[INFO GRT-0043] No OR_DEFAULT vias defined.
[INFO GRT-0012] Found 2 antenna violations.
[INFO GRT-0015] Inserted 2 diodes.
[INFO GRT-0009] rerouting 1641 nets.
[INFO GRT-0001] Minimum degree: 2
[INFO GRT-0002] Maximum degree: 29
[INFO GRT-0006] Repairing antennas, iteration 2.
[INFO GRT-0043] No OR_DEFAULT vias defined.
[INFO GRT-0012] Found 0 antenna violations.
Placement Analysis
---------------------------------
total displacement          0.0 u
average displacement        0.0 u
max displacement            0.0 u
original HPWL           52727.3 u
legalized HPWL          52728.6 u
delta HPWL                    0 %

[INFO DPL-0020] Mirrored 1079 instances
[INFO DPL-0021] HPWL before           52728.6 u
[INFO DPL-0022] HPWL after            51216.9 u
[INFO DPL-0023] HPWL delta               -2.9 %
[INFO]: Setting signal min routing layer to: met1 and clock min routing layer to met3. 
[INFO]: Setting signal max routing layer to: met5 and clock max routing layer to met5. 
-congestion_iterations 50 -verbose -congestion_report_file /openlane/designs/viterbi/runs/RUN_2026.01.21_02.17.41/tmp/routing/groute-congestion.rpt
[INFO GRT-0020] Min routing layer: met1
[INFO GRT-0021] Max routing layer: met5
[INFO GRT-0022] Global adjustment: 30%
[INFO GRT-0023] Grid origin: (0, 0)
[INFO GRT-0043] No OR_DEFAULT vias defined.
[INFO GRT-0088] Layer li1     Track-Pitch = 0.4600  line-2-Via Pitch: 0.3400
[INFO GRT-0088] Layer met1    Track-Pitch = 0.3400  line-2-Via Pitch: 0.3400
[INFO GRT-0088] Layer met2    Track-Pitch = 0.4600  line-2-Via Pitch: 0.3500
[INFO GRT-0088] Layer met3    Track-Pitch = 0.6800  line-2-Via Pitch: 0.6150
[INFO GRT-0088] Layer met4    Track-Pitch = 0.9200  line-2-Via Pitch: 1.0400
[INFO GRT-0088] Layer met5    Track-Pitch = 3.4000  line-2-Via Pitch: 3.1100
[INFO GRT-0019] Found 49 clock nets.
[INFO GRT-0001] Minimum degree: 2
[INFO GRT-0002] Maximum degree: 29
[INFO GRT-0003] Macros: 0
[INFO GRT-0043] No OR_DEFAULT vias defined.
[INFO GRT-0004] Blockages: 5898

[INFO GRT-0053] Routing resources analysis:
          Routing      Original      Derated      Resource
Layer     Direction    Resources     Resources    Reduction (%)
---------------------------------------------------------------
li1        Vertical            0             0          0.00%
met1       Horizontal      66120         32152          51.37%
met2       Vertical        49533         32404          34.58%
met3       Horizontal      33060         22652          31.48%
met4       Vertical        19950         12443          37.63%
met5       Horizontal       6612          3080          53.42%
---------------------------------------------------------------

[INFO GRT-0197] Via related to pin nodes: 13576
[INFO GRT-0198] Via related Steiner nodes: 230
[INFO GRT-0199] Via filling finished.
[INFO GRT-0111] Final number of vias: 16686
[INFO GRT-0112] Final usage 3D: 59326

[INFO GRT-0096] Final congestion report:
Layer         Resource        Demand        Usage (%)    Max H / Max V / Total Overflow
---------------------------------------------------------------------------------------
li1                  0             0            0.00%             0 /  0 /  0
met1             32152          4480           13.93%             0 /  0 /  0
met2             32404          4277           13.20%             0 /  0 /  0
met3             22652           328            1.45%             0 /  0 /  0
met4             12443           183            1.47%             0 /  0 /  0
met5              3080             0            0.00%             0 /  0 /  0
---------------------------------------------------------------------------------------
Total           102731          9268            9.02%             0 /  0 /  0

[INFO GRT-0018] Total wirelength: 102858 um
[INFO GRT-0014] Routed nets: 2462
Setting global connections for newly added cells…
Writing OpenROAD database to '/openlane/designs/viterbi/runs/RUN_2026.01.21_02.17.41/tmp/routing/26-global.odb'…
Writing layout to '/openlane/designs/viterbi/runs/RUN_2026.01.21_02.17.41/tmp/routing/26-global.def'…
Writing routing guides to '/openlane/designs/viterbi/runs/RUN_2026.01.21_02.17.41/tmp/routing/26-global.guide'…
