Netgen 1.5.270 compiled on Sun Jun  2 19:00:27 UTC 2024
Warning: netgen command 'format' use fully-qualified name '::netgen::format'
Warning: netgen command 'global' use fully-qualified name '::netgen::global'
Generating JSON file result
Reading netlist file /openlane/designs/viterbi/runs/RUN_2026.01.21_02.17.41/results/signoff/system_top.spice
Reading netlist file /openlane/designs/viterbi/runs/RUN_2026.01.21_02.17.41/tmp/signoff/42-system_top.pnl.v
Warning:  A case-insensitive file has been read and so the	verilog file must be treated case-insensitive to match.
Creating placeholder cell definition for module sky130_fd_sc_hd__diode_2.
Creating placeholder cell definition for module sky130_fd_sc_hd__decap_3.
Creating placeholder cell definition for module sky130_ef_sc_hd__decap_12.
Creating placeholder cell definition for module sky130_fd_sc_hd__decap_8.
Creating placeholder cell definition for module sky130_fd_sc_hd__fill_1.
Creating placeholder cell definition for module sky130_fd_sc_hd__fill_2.
Creating placeholder cell definition for module sky130_fd_sc_hd__decap_6.
Creating placeholder cell definition for module sky130_fd_sc_hd__decap_4.
Creating placeholder cell definition for module sky130_fd_sc_hd__tapvpwrvgnd_1.
Creating placeholder cell definition for module sky130_fd_sc_hd__inv_2.
Creating placeholder cell definition for module sky130_fd_sc_hd__or4_2.
Creating placeholder cell definition for module sky130_fd_sc_hd__or2_1.
Creating placeholder cell definition for module sky130_fd_sc_hd__clkbuf_4.
Creating placeholder cell definition for module sky130_fd_sc_hd__and2_1.
Creating placeholder cell definition for module sky130_fd_sc_hd__buf_1.
Creating placeholder cell definition for module sky130_fd_sc_hd__and3_1.
Creating placeholder cell definition for module sky130_fd_sc_hd__clkbuf_1.
Creating placeholder cell definition for module sky130_fd_sc_hd__buf_4.
Creating placeholder cell definition for module sky130_fd_sc_hd__and3b_1.
Creating placeholder cell definition for module sky130_fd_sc_hd__a31o_1.
Creating placeholder cell definition for module sky130_fd_sc_hd__clkbuf_2.
Creating placeholder cell definition for module sky130_fd_sc_hd__and3_4.
Creating placeholder cell definition for module sky130_fd_sc_hd__and3b_4.
Creating placeholder cell definition for module sky130_fd_sc_hd__nand2_4.
Creating placeholder cell definition for module sky130_fd_sc_hd__mux2_1.
Creating placeholder cell definition for module sky130_fd_sc_hd__buf_2.
Creating placeholder cell definition for module sky130_fd_sc_hd__nand2_1.
Creating placeholder cell definition for module sky130_fd_sc_hd__nor2_4.
Creating placeholder cell definition for module sky130_fd_sc_hd__nor3_1.
Creating placeholder cell definition for module sky130_fd_sc_hd__or4bb_4.
Creating placeholder cell definition for module sky130_fd_sc_hd__and4bb_4.
Creating placeholder cell definition for module sky130_fd_sc_hd__xnor2_1.
Creating placeholder cell definition for module sky130_fd_sc_hd__o21ai_1.
Creating placeholder cell definition for module sky130_fd_sc_hd__o21a_1.
Creating placeholder cell definition for module sky130_fd_sc_hd__a21o_1.
Creating placeholder cell definition for module sky130_fd_sc_hd__a41o_1.
Creating placeholder cell definition for module sky130_fd_sc_hd__o31a_1.
Creating placeholder cell definition for module sky130_fd_sc_hd__or2_4.
Creating placeholder cell definition for module sky130_fd_sc_hd__nand2b_2.
Creating placeholder cell definition for module sky130_fd_sc_hd__nor2_2.
Creating placeholder cell definition for module sky130_fd_sc_hd__nand2b_4.
Creating placeholder cell definition for module sky130_fd_sc_hd__a22o_1.
Creating placeholder cell definition for module sky130_fd_sc_hd__a221o_1.
Creating placeholder cell definition for module sky130_fd_sc_hd__nor2_1.
Creating placeholder cell definition for module sky130_fd_sc_hd__a211o_1.
Creating placeholder cell definition for module sky130_fd_sc_hd__or3_1.
Creating placeholder cell definition for module sky130_fd_sc_hd__o22a_1.
Creating placeholder cell definition for module sky130_fd_sc_hd__a2111o_1.
Creating placeholder cell definition for module sky130_fd_sc_hd__or4_1.
Creating placeholder cell definition for module sky130_fd_sc_hd__a2bb2o_1.
Creating placeholder cell definition for module sky130_fd_sc_hd__o21bai_1.
Creating placeholder cell definition for module sky130_fd_sc_hd__or4b_1.
Creating placeholder cell definition for module sky130_fd_sc_hd__xor2_1.
Creating placeholder cell definition for module sky130_fd_sc_hd__nor2b_1.
Creating placeholder cell definition for module sky130_fd_sc_hd__xor2_2.
Creating placeholder cell definition for module sky130_fd_sc_hd__and2b_1.
Creating placeholder cell definition for module sky130_fd_sc_hd__nor2b_4.
Creating placeholder cell definition for module sky130_fd_sc_hd__a22o_2.
Creating placeholder cell definition for module sky130_fd_sc_hd__and4_1.
Creating placeholder cell definition for module sky130_fd_sc_hd__or2b_2.
Creating placeholder cell definition for module sky130_fd_sc_hd__xnor2_4.
Creating placeholder cell definition for module sky130_fd_sc_hd__o21ai_4.
Creating placeholder cell definition for module sky130_fd_sc_hd__xnor2_2.
Creating placeholder cell definition for module sky130_fd_sc_hd__nand3_1.
Creating placeholder cell definition for module sky130_fd_sc_hd__a21oi_1.
Creating placeholder cell definition for module sky130_fd_sc_hd__o211a_1.
Creating placeholder cell definition for module sky130_fd_sc_hd__a31oi_1.
Creating placeholder cell definition for module sky130_fd_sc_hd__nand4_2.
Creating placeholder cell definition for module sky130_fd_sc_hd__a311o_1.
Creating placeholder cell definition for module sky130_fd_sc_hd__o2111a_2.
Creating placeholder cell definition for module sky130_fd_sc_hd__o2bb2a_1.
Creating placeholder cell definition for module sky130_fd_sc_hd__o21ai_2.
Creating placeholder cell definition for module sky130_fd_sc_hd__o21ba_1.
Creating placeholder cell definition for module sky130_fd_sc_hd__a22oi_1.
Creating placeholder cell definition for module sky130_fd_sc_hd__o221a_1.
Creating placeholder cell definition for module sky130_fd_sc_hd__o41a_1.
Creating placeholder cell definition for module sky130_fd_sc_hd__or2b_1.
Creating placeholder cell definition for module sky130_fd_sc_hd__nor2b_2.
Creating placeholder cell definition for module sky130_fd_sc_hd__a21bo_1.
Creating placeholder cell definition for module sky130_fd_sc_hd__o2bb2ai_2.
Creating placeholder cell definition for module sky130_fd_sc_hd__and4_2.
Creating placeholder cell definition for module sky130_fd_sc_hd__nand3b_1.
Creating placeholder cell definition for module sky130_fd_sc_hd__a21boi_1.
Creating placeholder cell definition for module sky130_fd_sc_hd__mux2_2.
Creating placeholder cell definition for module sky130_fd_sc_hd__a21boi_2.
Creating placeholder cell definition for module sky130_fd_sc_hd__or3b_1.
Creating placeholder cell definition for module sky130_fd_sc_hd__or4bb_1.
Creating placeholder cell definition for module sky130_fd_sc_hd__o211ai_1.
Creating placeholder cell definition for module sky130_fd_sc_hd__nor4_1.
Creating placeholder cell definition for module sky130_fd_sc_hd__o2111a_1.
Creating placeholder cell definition for module sky130_fd_sc_hd__a211oi_1.
Creating placeholder cell definition for module sky130_fd_sc_hd__and4bb_1.
Creating placeholder cell definition for module sky130_fd_sc_hd__o22ai_1.
Creating placeholder cell definition for module sky130_fd_sc_hd__o211ai_2.
Creating placeholder cell definition for module sky130_fd_sc_hd__a221oi_1.
Creating placeholder cell definition for module sky130_fd_sc_hd__dfrtp_1.
Creating placeholder cell definition for module sky130_fd_sc_hd__dfxtp_1.
Creating placeholder cell definition for module sky130_fd_sc_hd__dfrtp_2.
Creating placeholder cell definition for module sky130_fd_sc_hd__dfrtp_4.
Creating placeholder cell definition for module sky130_fd_sc_hd__dfstp_1.
Creating placeholder cell definition for module sky130_fd_sc_hd__dfstp_2.
Creating placeholder cell definition for module sky130_fd_sc_hd__clkbuf_16.
Creating placeholder cell definition for module sky130_fd_sc_hd__clkbuf_8.
Creating placeholder cell definition for module sky130_fd_sc_hd__inv_8.
Creating placeholder cell definition for module sky130_fd_sc_hd__inv_12.
Creating placeholder cell definition for module sky130_fd_sc_hd__clkinv_1.
Note:  Implicit pin X in instance clkload11 of sky130_fd_sc_hd__clkbuf_4 in cell system_top
Creating placeholder cell definition for module sky130_fd_sc_hd__bufinv_16.
Creating placeholder cell definition for module sky130_fd_sc_hd__clkinvlp_4.
Creating placeholder cell definition for module sky130_fd_sc_hd__clkinv_4.
Note:  Implicit pin X in instance clkload15 of sky130_fd_sc_hd__clkbuf_4 in cell system_top
Note:  Implicit pin X in instance clkload16 of sky130_fd_sc_hd__clkbuf_4 in cell system_top
Creating placeholder cell definition for module sky130_fd_sc_hd__inv_6.
Note:  Implicit pin X in instance clkload20 of sky130_fd_sc_hd__clkbuf_4 in cell system_top
Creating placeholder cell definition for module sky130_fd_sc_hd__clkinvlp_2.
Note:  Implicit pin X in instance clkload4 of sky130_fd_sc_hd__clkbuf_4 in cell system_top
Note:  Implicit pin X in instance clkload7 of sky130_fd_sc_hd__clkbuf_4 in cell system_top
Note:  Implicit pin X in instance clkload8 of sky130_fd_sc_hd__clkbuf_4 in cell system_top
Creating placeholder cell definition for module sky130_fd_sc_hd__dlygate4sd3_1.

Reading setup file /home/iot/pdk/sky130A/libs.tech/netgen/sky130A_setup.tcl

Comparison output logged to file /openlane/designs/viterbi/runs/RUN_2026.01.21_02.17.41/logs/signoff/45-system_top.lef.lvs.log
Logging to file "/openlane/designs/viterbi/runs/RUN_2026.01.21_02.17.41/logs/signoff/45-system_top.lef.lvs.log" enabled

Contents of circuit 1:  Circuit: 'sky130_fd_sc_hd__decap_6'
Circuit sky130_fd_sc_hd__decap_6 contains 0 device instances.
Circuit contains 0 nets, and 4 disconnected pins.
Contents of circuit 2:  Circuit: 'sky130_fd_sc_hd__decap_6'
Circuit sky130_fd_sc_hd__decap_6 contains 0 device instances.
Circuit contains 0 nets.

Circuit sky130_fd_sc_hd__decap_6 contains no devices.

Contents of circuit 1:  Circuit: 'sky130_fd_sc_hd__xor2_1'
Circuit sky130_fd_sc_hd__xor2_1 contains 0 device instances.
Circuit contains 0 nets, and 7 disconnected pins.
Contents of circuit 2:  Circuit: 'sky130_fd_sc_hd__xor2_1'
Circuit sky130_fd_sc_hd__xor2_1 contains 0 device instances.
Circuit contains 0 nets.

Circuit sky130_fd_sc_hd__xor2_1 contains no devices.

Contents of circuit 1:  Circuit: 'sky130_fd_sc_hd__tapvpwrvgnd_1'
Circuit sky130_fd_sc_hd__tapvpwrvgnd_1 contains 0 device instances.
Circuit contains 0 nets, and 2 disconnected pins.
Contents of circuit 2:  Circuit: 'sky130_fd_sc_hd__tapvpwrvgnd_1'
Circuit sky130_fd_sc_hd__tapvpwrvgnd_1 contains 0 device instances.
Circuit contains 0 nets.

Circuit sky130_fd_sc_hd__tapvpwrvgnd_1 contains no devices.

Contents of circuit 1:  Circuit: 'sky130_fd_sc_hd__clkbuf_1'
Circuit sky130_fd_sc_hd__clkbuf_1 contains 0 device instances.
Circuit contains 0 nets, and 6 disconnected pins.
Contents of circuit 2:  Circuit: 'sky130_fd_sc_hd__clkbuf_1'
Circuit sky130_fd_sc_hd__clkbuf_1 contains 0 device instances.
Circuit contains 0 nets.

Circuit sky130_fd_sc_hd__clkbuf_1 contains no devices.

Contents of circuit 1:  Circuit: 'sky130_fd_sc_hd__decap_8'
Circuit sky130_fd_sc_hd__decap_8 contains 0 device instances.
Circuit contains 0 nets, and 4 disconnected pins.
Contents of circuit 2:  Circuit: 'sky130_fd_sc_hd__decap_8'
Circuit sky130_fd_sc_hd__decap_8 contains 0 device instances.
Circuit contains 0 nets.

Circuit sky130_fd_sc_hd__decap_8 contains no devices.

Contents of circuit 1:  Circuit: 'sky130_ef_sc_hd__decap_12'
Circuit sky130_ef_sc_hd__decap_12 contains 0 device instances.
Circuit contains 0 nets, and 4 disconnected pins.
Contents of circuit 2:  Circuit: 'sky130_ef_sc_hd__decap_12'
Circuit sky130_ef_sc_hd__decap_12 contains 0 device instances.
Circuit contains 0 nets.

Circuit sky130_ef_sc_hd__decap_12 contains no devices.

Contents of circuit 1:  Circuit: 'sky130_fd_sc_hd__mux2_1'
Circuit sky130_fd_sc_hd__mux2_1 contains 0 device instances.
Circuit contains 0 nets, and 8 disconnected pins.
Contents of circuit 2:  Circuit: 'sky130_fd_sc_hd__mux2_1'
Circuit sky130_fd_sc_hd__mux2_1 contains 0 device instances.
Circuit contains 0 nets.

Circuit sky130_fd_sc_hd__mux2_1 contains no devices.

Contents of circuit 1:  Circuit: 'sky130_fd_sc_hd__decap_4'
Circuit sky130_fd_sc_hd__decap_4 contains 0 device instances.
Circuit contains 0 nets, and 4 disconnected pins.
Contents of circuit 2:  Circuit: 'sky130_fd_sc_hd__decap_4'
Circuit sky130_fd_sc_hd__decap_4 contains 0 device instances.
Circuit contains 0 nets.

Circuit sky130_fd_sc_hd__decap_4 contains no devices.

Contents of circuit 1:  Circuit: 'sky130_fd_sc_hd__fill_1'
Circuit sky130_fd_sc_hd__fill_1 contains 0 device instances.
Circuit contains 0 nets, and 4 disconnected pins.
Contents of circuit 2:  Circuit: 'sky130_fd_sc_hd__fill_1'
Circuit sky130_fd_sc_hd__fill_1 contains 0 device instances.
Circuit contains 0 nets.

Circuit sky130_fd_sc_hd__fill_1 contains no devices.

Contents of circuit 1:  Circuit: 'sky130_fd_sc_hd__fill_2'
Circuit sky130_fd_sc_hd__fill_2 contains 0 device instances.
Circuit contains 0 nets, and 4 disconnected pins.
Contents of circuit 2:  Circuit: 'sky130_fd_sc_hd__fill_2'
Circuit sky130_fd_sc_hd__fill_2 contains 0 device instances.
Circuit contains 0 nets.

Circuit sky130_fd_sc_hd__fill_2 contains no devices.

Contents of circuit 1:  Circuit: 'sky130_fd_sc_hd__decap_3'
Circuit sky130_fd_sc_hd__decap_3 contains 0 device instances.
Circuit contains 0 nets, and 4 disconnected pins.
Contents of circuit 2:  Circuit: 'sky130_fd_sc_hd__decap_3'
Circuit sky130_fd_sc_hd__decap_3 contains 0 device instances.
Circuit contains 0 nets.

Circuit sky130_fd_sc_hd__decap_3 contains no devices.

Contents of circuit 1:  Circuit: 'sky130_fd_sc_hd__diode_2'
Circuit sky130_fd_sc_hd__diode_2 contains 0 device instances.
Circuit contains 0 nets, and 5 disconnected pins.
Contents of circuit 2:  Circuit: 'sky130_fd_sc_hd__diode_2'
Circuit sky130_fd_sc_hd__diode_2 contains 0 device instances.
Circuit contains 0 nets.

Circuit sky130_fd_sc_hd__diode_2 contains no devices.

Contents of circuit 1:  Circuit: 'sky130_fd_sc_hd__inv_2'
Circuit sky130_fd_sc_hd__inv_2 contains 0 device instances.
Circuit contains 0 nets, and 6 disconnected pins.
Contents of circuit 2:  Circuit: 'sky130_fd_sc_hd__inv_2'
Circuit sky130_fd_sc_hd__inv_2 contains 0 device instances.
Circuit contains 0 nets.

Circuit sky130_fd_sc_hd__inv_2 contains no devices.

Contents of circuit 1:  Circuit: 'sky130_fd_sc_hd__or2_1'
Circuit sky130_fd_sc_hd__or2_1 contains 0 device instances.
Circuit contains 0 nets, and 7 disconnected pins.
Contents of circuit 2:  Circuit: 'sky130_fd_sc_hd__or2_1'
Circuit sky130_fd_sc_hd__or2_1 contains 0 device instances.
Circuit contains 0 nets.

Circuit sky130_fd_sc_hd__or2_1 contains no devices.

Contents of circuit 1:  Circuit: 'sky130_fd_sc_hd__a221o_1'
Circuit sky130_fd_sc_hd__a221o_1 contains 0 device instances.
Circuit contains 0 nets, and 10 disconnected pins.
Contents of circuit 2:  Circuit: 'sky130_fd_sc_hd__a221o_1'
Circuit sky130_fd_sc_hd__a221o_1 contains 0 device instances.
Circuit contains 0 nets.

Circuit sky130_fd_sc_hd__a221o_1 contains no devices.

Contents of circuit 1:  Circuit: 'sky130_fd_sc_hd__clkbuf_4'
Circuit sky130_fd_sc_hd__clkbuf_4 contains 0 device instances.
Circuit contains 0 nets, and 6 disconnected pins.
Contents of circuit 2:  Circuit: 'sky130_fd_sc_hd__clkbuf_4'
Circuit sky130_fd_sc_hd__clkbuf_4 contains 0 device instances.
Circuit contains 0 nets.

Circuit sky130_fd_sc_hd__clkbuf_4 contains no devices.

Contents of circuit 1:  Circuit: 'sky130_fd_sc_hd__dlygate4sd3_1'
Circuit sky130_fd_sc_hd__dlygate4sd3_1 contains 0 device instances.
Circuit contains 0 nets, and 6 disconnected pins.
Contents of circuit 2:  Circuit: 'sky130_fd_sc_hd__dlygate4sd3_1'
Circuit sky130_fd_sc_hd__dlygate4sd3_1 contains 0 device instances.
Circuit contains 0 nets.

Circuit sky130_fd_sc_hd__dlygate4sd3_1 contains no devices.

Contents of circuit 1:  Circuit: 'sky130_fd_sc_hd__a22o_1'
Circuit sky130_fd_sc_hd__a22o_1 contains 0 device instances.
Circuit contains 0 nets, and 9 disconnected pins.
Contents of circuit 2:  Circuit: 'sky130_fd_sc_hd__a22o_1'
Circuit sky130_fd_sc_hd__a22o_1 contains 0 device instances.
Circuit contains 0 nets.

Circuit sky130_fd_sc_hd__a22o_1 contains no devices.

Contents of circuit 1:  Circuit: 'sky130_fd_sc_hd__dfrtp_1'
Circuit sky130_fd_sc_hd__dfrtp_1 contains 0 device instances.
Circuit contains 0 nets, and 8 disconnected pins.
Contents of circuit 2:  Circuit: 'sky130_fd_sc_hd__dfrtp_1'
Circuit sky130_fd_sc_hd__dfrtp_1 contains 0 device instances.
Circuit contains 0 nets.

Circuit sky130_fd_sc_hd__dfrtp_1 contains no devices.

Contents of circuit 1:  Circuit: 'sky130_fd_sc_hd__dfxtp_1'
Circuit sky130_fd_sc_hd__dfxtp_1 contains 0 device instances.
Circuit contains 0 nets, and 7 disconnected pins.
Contents of circuit 2:  Circuit: 'sky130_fd_sc_hd__dfxtp_1'
Circuit sky130_fd_sc_hd__dfxtp_1 contains 0 device instances.
Circuit contains 0 nets.

Circuit sky130_fd_sc_hd__dfxtp_1 contains no devices.

Contents of circuit 1:  Circuit: 'sky130_fd_sc_hd__mux2_2'
Circuit sky130_fd_sc_hd__mux2_2 contains 0 device instances.
Circuit contains 0 nets, and 8 disconnected pins.
Contents of circuit 2:  Circuit: 'sky130_fd_sc_hd__mux2_2'
Circuit sky130_fd_sc_hd__mux2_2 contains 0 device instances.
Circuit contains 0 nets.

Circuit sky130_fd_sc_hd__mux2_2 contains no devices.

Contents of circuit 1:  Circuit: 'sky130_fd_sc_hd__nor2_2'
Circuit sky130_fd_sc_hd__nor2_2 contains 0 device instances.
Circuit contains 0 nets, and 7 disconnected pins.
Contents of circuit 2:  Circuit: 'sky130_fd_sc_hd__nor2_2'
Circuit sky130_fd_sc_hd__nor2_2 contains 0 device instances.
Circuit contains 0 nets.

Circuit sky130_fd_sc_hd__nor2_2 contains no devices.

Contents of circuit 1:  Circuit: 'sky130_fd_sc_hd__a2bb2o_1'
Circuit sky130_fd_sc_hd__a2bb2o_1 contains 0 device instances.
Circuit contains 0 nets, and 9 disconnected pins.
Contents of circuit 2:  Circuit: 'sky130_fd_sc_hd__a2bb2o_1'
Circuit sky130_fd_sc_hd__a2bb2o_1 contains 0 device instances.
Circuit contains 0 nets.

Circuit sky130_fd_sc_hd__a2bb2o_1 contains no devices.

Contents of circuit 1:  Circuit: 'sky130_fd_sc_hd__nand2_1'
Circuit sky130_fd_sc_hd__nand2_1 contains 0 device instances.
Circuit contains 0 nets, and 7 disconnected pins.
Contents of circuit 2:  Circuit: 'sky130_fd_sc_hd__nand2_1'
Circuit sky130_fd_sc_hd__nand2_1 contains 0 device instances.
Circuit contains 0 nets.

Circuit sky130_fd_sc_hd__nand2_1 contains no devices.

Contents of circuit 1:  Circuit: 'sky130_fd_sc_hd__buf_1'
Circuit sky130_fd_sc_hd__buf_1 contains 0 device instances.
Circuit contains 0 nets, and 6 disconnected pins.
Contents of circuit 2:  Circuit: 'sky130_fd_sc_hd__buf_1'
Circuit sky130_fd_sc_hd__buf_1 contains 0 device instances.
Circuit contains 0 nets.

Circuit sky130_fd_sc_hd__buf_1 contains no devices.

Contents of circuit 1:  Circuit: 'sky130_fd_sc_hd__xnor2_2'
Circuit sky130_fd_sc_hd__xnor2_2 contains 0 device instances.
Circuit contains 0 nets, and 7 disconnected pins.
Contents of circuit 2:  Circuit: 'sky130_fd_sc_hd__xnor2_2'
Circuit sky130_fd_sc_hd__xnor2_2 contains 0 device instances.
Circuit contains 0 nets.

Circuit sky130_fd_sc_hd__xnor2_2 contains no devices.

Contents of circuit 1:  Circuit: 'sky130_fd_sc_hd__nor2_1'
Circuit sky130_fd_sc_hd__nor2_1 contains 0 device instances.
Circuit contains 0 nets, and 7 disconnected pins.
Contents of circuit 2:  Circuit: 'sky130_fd_sc_hd__nor2_1'
Circuit sky130_fd_sc_hd__nor2_1 contains 0 device instances.
Circuit contains 0 nets.

Circuit sky130_fd_sc_hd__nor2_1 contains no devices.

Contents of circuit 1:  Circuit: 'sky130_fd_sc_hd__a211o_1'
Circuit sky130_fd_sc_hd__a211o_1 contains 0 device instances.
Circuit contains 0 nets, and 9 disconnected pins.
Contents of circuit 2:  Circuit: 'sky130_fd_sc_hd__a211o_1'
Circuit sky130_fd_sc_hd__a211o_1 contains 0 device instances.
Circuit contains 0 nets.

Circuit sky130_fd_sc_hd__a211o_1 contains no devices.

Contents of circuit 1:  Circuit: 'sky130_fd_sc_hd__nor2b_2'
Circuit sky130_fd_sc_hd__nor2b_2 contains 0 device instances.
Circuit contains 0 nets, and 7 disconnected pins.
Contents of circuit 2:  Circuit: 'sky130_fd_sc_hd__nor2b_2'
Circuit sky130_fd_sc_hd__nor2b_2 contains 0 device instances.
Circuit contains 0 nets.

Circuit sky130_fd_sc_hd__nor2b_2 contains no devices.

Contents of circuit 1:  Circuit: 'sky130_fd_sc_hd__o22ai_1'
Circuit sky130_fd_sc_hd__o22ai_1 contains 0 device instances.
Circuit contains 0 nets, and 9 disconnected pins.
Contents of circuit 2:  Circuit: 'sky130_fd_sc_hd__o22ai_1'
Circuit sky130_fd_sc_hd__o22ai_1 contains 0 device instances.
Circuit contains 0 nets.

Circuit sky130_fd_sc_hd__o22ai_1 contains no devices.

Contents of circuit 1:  Circuit: 'sky130_fd_sc_hd__xnor2_1'
Circuit sky130_fd_sc_hd__xnor2_1 contains 0 device instances.
Circuit contains 0 nets, and 7 disconnected pins.
Contents of circuit 2:  Circuit: 'sky130_fd_sc_hd__xnor2_1'
Circuit sky130_fd_sc_hd__xnor2_1 contains 0 device instances.
Circuit contains 0 nets.

Circuit sky130_fd_sc_hd__xnor2_1 contains no devices.

Contents of circuit 1:  Circuit: 'sky130_fd_sc_hd__o22a_1'
Circuit sky130_fd_sc_hd__o22a_1 contains 0 device instances.
Circuit contains 0 nets, and 9 disconnected pins.
Contents of circuit 2:  Circuit: 'sky130_fd_sc_hd__o22a_1'
Circuit sky130_fd_sc_hd__o22a_1 contains 0 device instances.
Circuit contains 0 nets.

Circuit sky130_fd_sc_hd__o22a_1 contains no devices.

Contents of circuit 1:  Circuit: 'sky130_fd_sc_hd__nand2b_2'
Circuit sky130_fd_sc_hd__nand2b_2 contains 0 device instances.
Circuit contains 0 nets, and 7 disconnected pins.
Contents of circuit 2:  Circuit: 'sky130_fd_sc_hd__nand2b_2'
Circuit sky130_fd_sc_hd__nand2b_2 contains 0 device instances.
Circuit contains 0 nets.

Circuit sky130_fd_sc_hd__nand2b_2 contains no devices.

Contents of circuit 1:  Circuit: 'sky130_fd_sc_hd__or4_1'
Circuit sky130_fd_sc_hd__or4_1 contains 0 device instances.
Circuit contains 0 nets, and 9 disconnected pins.
Contents of circuit 2:  Circuit: 'sky130_fd_sc_hd__or4_1'
Circuit sky130_fd_sc_hd__or4_1 contains 0 device instances.
Circuit contains 0 nets.

Circuit sky130_fd_sc_hd__or4_1 contains no devices.

Contents of circuit 1:  Circuit: 'sky130_fd_sc_hd__and2_1'
Circuit sky130_fd_sc_hd__and2_1 contains 0 device instances.
Circuit contains 0 nets, and 7 disconnected pins.
Contents of circuit 2:  Circuit: 'sky130_fd_sc_hd__and2_1'
Circuit sky130_fd_sc_hd__and2_1 contains 0 device instances.
Circuit contains 0 nets.

Circuit sky130_fd_sc_hd__and2_1 contains no devices.

Contents of circuit 1:  Circuit: 'sky130_fd_sc_hd__o21ba_1'
Circuit sky130_fd_sc_hd__o21ba_1 contains 0 device instances.
Circuit contains 0 nets, and 8 disconnected pins.
Contents of circuit 2:  Circuit: 'sky130_fd_sc_hd__o21ba_1'
Circuit sky130_fd_sc_hd__o21ba_1 contains 0 device instances.
Circuit contains 0 nets.

Circuit sky130_fd_sc_hd__o21ba_1 contains no devices.

Contents of circuit 1:  Circuit: 'sky130_fd_sc_hd__or2b_1'
Circuit sky130_fd_sc_hd__or2b_1 contains 0 device instances.
Circuit contains 0 nets, and 7 disconnected pins.
Contents of circuit 2:  Circuit: 'sky130_fd_sc_hd__or2b_1'
Circuit sky130_fd_sc_hd__or2b_1 contains 0 device instances.
Circuit contains 0 nets.

Circuit sky130_fd_sc_hd__or2b_1 contains no devices.

Contents of circuit 1:  Circuit: 'sky130_fd_sc_hd__a21oi_1'
Circuit sky130_fd_sc_hd__a21oi_1 contains 0 device instances.
Circuit contains 0 nets, and 8 disconnected pins.
Contents of circuit 2:  Circuit: 'sky130_fd_sc_hd__a21oi_1'
Circuit sky130_fd_sc_hd__a21oi_1 contains 0 device instances.
Circuit contains 0 nets.

Circuit sky130_fd_sc_hd__a21oi_1 contains no devices.

Contents of circuit 1:  Circuit: 'sky130_fd_sc_hd__o21ai_1'
Circuit sky130_fd_sc_hd__o21ai_1 contains 0 device instances.
Circuit contains 0 nets, and 8 disconnected pins.
Contents of circuit 2:  Circuit: 'sky130_fd_sc_hd__o21ai_1'
Circuit sky130_fd_sc_hd__o21ai_1 contains 0 device instances.
Circuit contains 0 nets.

Circuit sky130_fd_sc_hd__o21ai_1 contains no devices.

Contents of circuit 1:  Circuit: 'sky130_fd_sc_hd__a2111o_1'
Circuit sky130_fd_sc_hd__a2111o_1 contains 0 device instances.
Circuit contains 0 nets, and 10 disconnected pins.
Contents of circuit 2:  Circuit: 'sky130_fd_sc_hd__a2111o_1'
Circuit sky130_fd_sc_hd__a2111o_1 contains 0 device instances.
Circuit contains 0 nets.

Circuit sky130_fd_sc_hd__a2111o_1 contains no devices.

Contents of circuit 1:  Circuit: 'sky130_fd_sc_hd__buf_4'
Circuit sky130_fd_sc_hd__buf_4 contains 0 device instances.
Circuit contains 0 nets, and 6 disconnected pins.
Contents of circuit 2:  Circuit: 'sky130_fd_sc_hd__buf_4'
Circuit sky130_fd_sc_hd__buf_4 contains 0 device instances.
Circuit contains 0 nets.

Circuit sky130_fd_sc_hd__buf_4 contains no devices.

Contents of circuit 1:  Circuit: 'sky130_fd_sc_hd__or3_1'
Circuit sky130_fd_sc_hd__or3_1 contains 0 device instances.
Circuit contains 0 nets, and 8 disconnected pins.
Contents of circuit 2:  Circuit: 'sky130_fd_sc_hd__or3_1'
Circuit sky130_fd_sc_hd__or3_1 contains 0 device instances.
Circuit contains 0 nets.

Circuit sky130_fd_sc_hd__or3_1 contains no devices.

Contents of circuit 1:  Circuit: 'sky130_fd_sc_hd__and3b_1'
Circuit sky130_fd_sc_hd__and3b_1 contains 0 device instances.
Circuit contains 0 nets, and 8 disconnected pins.
Contents of circuit 2:  Circuit: 'sky130_fd_sc_hd__and3b_1'
Circuit sky130_fd_sc_hd__and3b_1 contains 0 device instances.
Circuit contains 0 nets.

Circuit sky130_fd_sc_hd__and3b_1 contains no devices.

Contents of circuit 1:  Circuit: 'sky130_fd_sc_hd__a21o_1'
Circuit sky130_fd_sc_hd__a21o_1 contains 0 device instances.
Circuit contains 0 nets, and 8 disconnected pins.
Contents of circuit 2:  Circuit: 'sky130_fd_sc_hd__a21o_1'
Circuit sky130_fd_sc_hd__a21o_1 contains 0 device instances.
Circuit contains 0 nets.

Circuit sky130_fd_sc_hd__a21o_1 contains no devices.

Contents of circuit 1:  Circuit: 'sky130_fd_sc_hd__and4_1'
Circuit sky130_fd_sc_hd__and4_1 contains 0 device instances.
Circuit contains 0 nets, and 9 disconnected pins.
Contents of circuit 2:  Circuit: 'sky130_fd_sc_hd__and4_1'
Circuit sky130_fd_sc_hd__and4_1 contains 0 device instances.
Circuit contains 0 nets.

Circuit sky130_fd_sc_hd__and4_1 contains no devices.

Contents of circuit 1:  Circuit: 'sky130_fd_sc_hd__o211a_1'
Circuit sky130_fd_sc_hd__o211a_1 contains 0 device instances.
Circuit contains 0 nets, and 9 disconnected pins.
Contents of circuit 2:  Circuit: 'sky130_fd_sc_hd__o211a_1'
Circuit sky130_fd_sc_hd__o211a_1 contains 0 device instances.
Circuit contains 0 nets.

Circuit sky130_fd_sc_hd__o211a_1 contains no devices.

Contents of circuit 1:  Circuit: 'sky130_fd_sc_hd__a31o_1'
Circuit sky130_fd_sc_hd__a31o_1 contains 0 device instances.
Circuit contains 0 nets, and 9 disconnected pins.
Contents of circuit 2:  Circuit: 'sky130_fd_sc_hd__a31o_1'
Circuit sky130_fd_sc_hd__a31o_1 contains 0 device instances.
Circuit contains 0 nets.

Circuit sky130_fd_sc_hd__a31o_1 contains no devices.

Contents of circuit 1:  Circuit: 'sky130_fd_sc_hd__and3_1'
Circuit sky130_fd_sc_hd__and3_1 contains 0 device instances.
Circuit contains 0 nets, and 8 disconnected pins.
Contents of circuit 2:  Circuit: 'sky130_fd_sc_hd__and3_1'
Circuit sky130_fd_sc_hd__and3_1 contains 0 device instances.
Circuit contains 0 nets.

Circuit sky130_fd_sc_hd__and3_1 contains no devices.

Contents of circuit 1:  Circuit: 'sky130_fd_sc_hd__nand2_4'
Circuit sky130_fd_sc_hd__nand2_4 contains 0 device instances.
Circuit contains 0 nets, and 7 disconnected pins.
Contents of circuit 2:  Circuit: 'sky130_fd_sc_hd__nand2_4'
Circuit sky130_fd_sc_hd__nand2_4 contains 0 device instances.
Circuit contains 0 nets.

Circuit sky130_fd_sc_hd__nand2_4 contains no devices.

Contents of circuit 1:  Circuit: 'sky130_fd_sc_hd__clkbuf_2'
Circuit sky130_fd_sc_hd__clkbuf_2 contains 0 device instances.
Circuit contains 0 nets, and 6 disconnected pins.
Contents of circuit 2:  Circuit: 'sky130_fd_sc_hd__clkbuf_2'
Circuit sky130_fd_sc_hd__clkbuf_2 contains 0 device instances.
Circuit contains 0 nets.

Circuit sky130_fd_sc_hd__clkbuf_2 contains no devices.

Contents of circuit 1:  Circuit: 'sky130_fd_sc_hd__clkbuf_8'
Circuit sky130_fd_sc_hd__clkbuf_8 contains 0 device instances.
Circuit contains 0 nets, and 6 disconnected pins.
Contents of circuit 2:  Circuit: 'sky130_fd_sc_hd__clkbuf_8'
Circuit sky130_fd_sc_hd__clkbuf_8 contains 0 device instances.
Circuit contains 0 nets.

Circuit sky130_fd_sc_hd__clkbuf_8 contains no devices.

Contents of circuit 1:  Circuit: 'sky130_fd_sc_hd__inv_8'
Circuit sky130_fd_sc_hd__inv_8 contains 0 device instances.
Circuit contains 0 nets, and 6 disconnected pins.
Contents of circuit 2:  Circuit: 'sky130_fd_sc_hd__inv_8'
Circuit sky130_fd_sc_hd__inv_8 contains 0 device instances.
Circuit contains 0 nets.

Circuit sky130_fd_sc_hd__inv_8 contains no devices.

Contents of circuit 1:  Circuit: 'sky130_fd_sc_hd__nor2_4'
Circuit sky130_fd_sc_hd__nor2_4 contains 0 device instances.
Circuit contains 0 nets, and 7 disconnected pins.
Contents of circuit 2:  Circuit: 'sky130_fd_sc_hd__nor2_4'
Circuit sky130_fd_sc_hd__nor2_4 contains 0 device instances.
Circuit contains 0 nets.

Circuit sky130_fd_sc_hd__nor2_4 contains no devices.

Contents of circuit 1:  Circuit: 'sky130_fd_sc_hd__a311o_1'
Circuit sky130_fd_sc_hd__a311o_1 contains 0 device instances.
Circuit contains 0 nets, and 10 disconnected pins.
Contents of circuit 2:  Circuit: 'sky130_fd_sc_hd__a311o_1'
Circuit sky130_fd_sc_hd__a311o_1 contains 0 device instances.
Circuit contains 0 nets.

Circuit sky130_fd_sc_hd__a311o_1 contains no devices.

Contents of circuit 1:  Circuit: 'sky130_fd_sc_hd__o221a_1'
Circuit sky130_fd_sc_hd__o221a_1 contains 0 device instances.
Circuit contains 0 nets, and 10 disconnected pins.
Contents of circuit 2:  Circuit: 'sky130_fd_sc_hd__o221a_1'
Circuit sky130_fd_sc_hd__o221a_1 contains 0 device instances.
Circuit contains 0 nets.

Circuit sky130_fd_sc_hd__o221a_1 contains no devices.

Contents of circuit 1:  Circuit: 'sky130_fd_sc_hd__inv_6'
Circuit sky130_fd_sc_hd__inv_6 contains 0 device instances.
Circuit contains 0 nets, and 6 disconnected pins.
Contents of circuit 2:  Circuit: 'sky130_fd_sc_hd__inv_6'
Circuit sky130_fd_sc_hd__inv_6 contains 0 device instances.
Circuit contains 0 nets.

Circuit sky130_fd_sc_hd__inv_6 contains no devices.

Contents of circuit 1:  Circuit: 'sky130_fd_sc_hd__inv_12'
Circuit sky130_fd_sc_hd__inv_12 contains 0 device instances.
Circuit contains 0 nets, and 6 disconnected pins.
Contents of circuit 2:  Circuit: 'sky130_fd_sc_hd__inv_12'
Circuit sky130_fd_sc_hd__inv_12 contains 0 device instances.
Circuit contains 0 nets.

Circuit sky130_fd_sc_hd__inv_12 contains no devices.

Contents of circuit 1:  Circuit: 'sky130_fd_sc_hd__dfrtp_2'
Circuit sky130_fd_sc_hd__dfrtp_2 contains 0 device instances.
Circuit contains 0 nets, and 8 disconnected pins.
Contents of circuit 2:  Circuit: 'sky130_fd_sc_hd__dfrtp_2'
Circuit sky130_fd_sc_hd__dfrtp_2 contains 0 device instances.
Circuit contains 0 nets.

Circuit sky130_fd_sc_hd__dfrtp_2 contains no devices.

Contents of circuit 1:  Circuit: 'sky130_fd_sc_hd__and2b_1'
Circuit sky130_fd_sc_hd__and2b_1 contains 0 device instances.
Circuit contains 0 nets, and 7 disconnected pins.
Contents of circuit 2:  Circuit: 'sky130_fd_sc_hd__and2b_1'
Circuit sky130_fd_sc_hd__and2b_1 contains 0 device instances.
Circuit contains 0 nets.

Circuit sky130_fd_sc_hd__and2b_1 contains no devices.

Contents of circuit 1:  Circuit: 'sky130_fd_sc_hd__or2_4'
Circuit sky130_fd_sc_hd__or2_4 contains 0 device instances.
Circuit contains 0 nets, and 7 disconnected pins.
Contents of circuit 2:  Circuit: 'sky130_fd_sc_hd__or2_4'
Circuit sky130_fd_sc_hd__or2_4 contains 0 device instances.
Circuit contains 0 nets.

Circuit sky130_fd_sc_hd__or2_4 contains no devices.

Contents of circuit 1:  Circuit: 'sky130_fd_sc_hd__or4bb_4'
Circuit sky130_fd_sc_hd__or4bb_4 contains 0 device instances.
Circuit contains 0 nets, and 9 disconnected pins.
Contents of circuit 2:  Circuit: 'sky130_fd_sc_hd__or4bb_4'
Circuit sky130_fd_sc_hd__or4bb_4 contains 0 device instances.
Circuit contains 0 nets.

Circuit sky130_fd_sc_hd__or4bb_4 contains no devices.

Contents of circuit 1:  Circuit: 'sky130_fd_sc_hd__a31oi_1'
Circuit sky130_fd_sc_hd__a31oi_1 contains 0 device instances.
Circuit contains 0 nets, and 9 disconnected pins.
Contents of circuit 2:  Circuit: 'sky130_fd_sc_hd__a31oi_1'
Circuit sky130_fd_sc_hd__a31oi_1 contains 0 device instances.
Circuit contains 0 nets.

Circuit sky130_fd_sc_hd__a31oi_1 contains no devices.

Contents of circuit 1:  Circuit: 'sky130_fd_sc_hd__xor2_2'
Circuit sky130_fd_sc_hd__xor2_2 contains 0 device instances.
Circuit contains 0 nets, and 7 disconnected pins.
Contents of circuit 2:  Circuit: 'sky130_fd_sc_hd__xor2_2'
Circuit sky130_fd_sc_hd__xor2_2 contains 0 device instances.
Circuit contains 0 nets.

Circuit sky130_fd_sc_hd__xor2_2 contains no devices.

Contents of circuit 1:  Circuit: 'sky130_fd_sc_hd__nand4_2'
Circuit sky130_fd_sc_hd__nand4_2 contains 0 device instances.
Circuit contains 0 nets, and 9 disconnected pins.
Contents of circuit 2:  Circuit: 'sky130_fd_sc_hd__nand4_2'
Circuit sky130_fd_sc_hd__nand4_2 contains 0 device instances.
Circuit contains 0 nets.

Circuit sky130_fd_sc_hd__nand4_2 contains no devices.

Contents of circuit 1:  Circuit: 'sky130_fd_sc_hd__and4bb_1'
Circuit sky130_fd_sc_hd__and4bb_1 contains 0 device instances.
Circuit contains 0 nets, and 9 disconnected pins.
Contents of circuit 2:  Circuit: 'sky130_fd_sc_hd__and4bb_1'
Circuit sky130_fd_sc_hd__and4bb_1 contains 0 device instances.
Circuit contains 0 nets.

Circuit sky130_fd_sc_hd__and4bb_1 contains no devices.

Contents of circuit 1:  Circuit: 'sky130_fd_sc_hd__buf_2'
Circuit sky130_fd_sc_hd__buf_2 contains 0 device instances.
Circuit contains 0 nets, and 6 disconnected pins.
Contents of circuit 2:  Circuit: 'sky130_fd_sc_hd__buf_2'
Circuit sky130_fd_sc_hd__buf_2 contains 0 device instances.
Circuit contains 0 nets.

Circuit sky130_fd_sc_hd__buf_2 contains no devices.

Contents of circuit 1:  Circuit: 'sky130_fd_sc_hd__clkinvlp_2'
Circuit sky130_fd_sc_hd__clkinvlp_2 contains 0 device instances.
Circuit contains 0 nets, and 6 disconnected pins.
Contents of circuit 2:  Circuit: 'sky130_fd_sc_hd__clkinvlp_2'
Circuit sky130_fd_sc_hd__clkinvlp_2 contains 0 device instances.
Circuit contains 0 nets.

Circuit sky130_fd_sc_hd__clkinvlp_2 contains no devices.

Contents of circuit 1:  Circuit: 'sky130_fd_sc_hd__dfstp_1'
Circuit sky130_fd_sc_hd__dfstp_1 contains 0 device instances.
Circuit contains 0 nets, and 8 disconnected pins.
Contents of circuit 2:  Circuit: 'sky130_fd_sc_hd__dfstp_1'
Circuit sky130_fd_sc_hd__dfstp_1 contains 0 device instances.
Circuit contains 0 nets.

Circuit sky130_fd_sc_hd__dfstp_1 contains no devices.

Contents of circuit 1:  Circuit: 'sky130_fd_sc_hd__clkbuf_16'
Circuit sky130_fd_sc_hd__clkbuf_16 contains 0 device instances.
Circuit contains 0 nets, and 6 disconnected pins.
Contents of circuit 2:  Circuit: 'sky130_fd_sc_hd__clkbuf_16'
Circuit sky130_fd_sc_hd__clkbuf_16 contains 0 device instances.
Circuit contains 0 nets.

Circuit sky130_fd_sc_hd__clkbuf_16 contains no devices.

Contents of circuit 1:  Circuit: 'sky130_fd_sc_hd__a21boi_1'
Circuit sky130_fd_sc_hd__a21boi_1 contains 0 device instances.
Circuit contains 0 nets, and 8 disconnected pins.
Contents of circuit 2:  Circuit: 'sky130_fd_sc_hd__a21boi_1'
Circuit sky130_fd_sc_hd__a21boi_1 contains 0 device instances.
Circuit contains 0 nets.

Circuit sky130_fd_sc_hd__a21boi_1 contains no devices.

Contents of circuit 1:  Circuit: 'sky130_fd_sc_hd__a221oi_1'
Circuit sky130_fd_sc_hd__a221oi_1 contains 0 device instances.
Circuit contains 0 nets, and 10 disconnected pins.
Contents of circuit 2:  Circuit: 'sky130_fd_sc_hd__a221oi_1'
Circuit sky130_fd_sc_hd__a221oi_1 contains 0 device instances.
Circuit contains 0 nets.

Circuit sky130_fd_sc_hd__a221oi_1 contains no devices.

Contents of circuit 1:  Circuit: 'sky130_fd_sc_hd__nand3_1'
Circuit sky130_fd_sc_hd__nand3_1 contains 0 device instances.
Circuit contains 0 nets, and 8 disconnected pins.
Contents of circuit 2:  Circuit: 'sky130_fd_sc_hd__nand3_1'
Circuit sky130_fd_sc_hd__nand3_1 contains 0 device instances.
Circuit contains 0 nets.

Circuit sky130_fd_sc_hd__nand3_1 contains no devices.

Contents of circuit 1:  Circuit: 'sky130_fd_sc_hd__clkinv_1'
Circuit sky130_fd_sc_hd__clkinv_1 contains 0 device instances.
Circuit contains 0 nets, and 6 disconnected pins.
Contents of circuit 2:  Circuit: 'sky130_fd_sc_hd__clkinv_1'
Circuit sky130_fd_sc_hd__clkinv_1 contains 0 device instances.
Circuit contains 0 nets.

Circuit sky130_fd_sc_hd__clkinv_1 contains no devices.

Contents of circuit 1:  Circuit: 'sky130_fd_sc_hd__clkinv_4'
Circuit sky130_fd_sc_hd__clkinv_4 contains 0 device instances.
Circuit contains 0 nets, and 6 disconnected pins.
Contents of circuit 2:  Circuit: 'sky130_fd_sc_hd__clkinv_4'
Circuit sky130_fd_sc_hd__clkinv_4 contains 0 device instances.
Circuit contains 0 nets.

Circuit sky130_fd_sc_hd__clkinv_4 contains no devices.

Contents of circuit 1:  Circuit: 'sky130_fd_sc_hd__nor2b_1'
Circuit sky130_fd_sc_hd__nor2b_1 contains 0 device instances.
Circuit contains 0 nets, and 7 disconnected pins.
Contents of circuit 2:  Circuit: 'sky130_fd_sc_hd__nor2b_1'
Circuit sky130_fd_sc_hd__nor2b_1 contains 0 device instances.
Circuit contains 0 nets.

Circuit sky130_fd_sc_hd__nor2b_1 contains no devices.

Contents of circuit 1:  Circuit: 'sky130_fd_sc_hd__nor3_1'
Circuit sky130_fd_sc_hd__nor3_1 contains 0 device instances.
Circuit contains 0 nets, and 8 disconnected pins.
Contents of circuit 2:  Circuit: 'sky130_fd_sc_hd__nor3_1'
Circuit sky130_fd_sc_hd__nor3_1 contains 0 device instances.
Circuit contains 0 nets.

Circuit sky130_fd_sc_hd__nor3_1 contains no devices.

Contents of circuit 1:  Circuit: 'sky130_fd_sc_hd__bufinv_16'
Circuit sky130_fd_sc_hd__bufinv_16 contains 0 device instances.
Circuit contains 0 nets, and 6 disconnected pins.
Contents of circuit 2:  Circuit: 'sky130_fd_sc_hd__bufinv_16'
Circuit sky130_fd_sc_hd__bufinv_16 contains 0 device instances.
Circuit contains 0 nets.

Circuit sky130_fd_sc_hd__bufinv_16 contains no devices.

Contents of circuit 1:  Circuit: 'sky130_fd_sc_hd__o31a_1'
Circuit sky130_fd_sc_hd__o31a_1 contains 0 device instances.
Circuit contains 0 nets, and 9 disconnected pins.
Contents of circuit 2:  Circuit: 'sky130_fd_sc_hd__o31a_1'
Circuit sky130_fd_sc_hd__o31a_1 contains 0 device instances.
Circuit contains 0 nets.

Circuit sky130_fd_sc_hd__o31a_1 contains no devices.

Contents of circuit 1:  Circuit: 'sky130_fd_sc_hd__nor4_1'
Circuit sky130_fd_sc_hd__nor4_1 contains 0 device instances.
Circuit contains 0 nets, and 9 disconnected pins.
Contents of circuit 2:  Circuit: 'sky130_fd_sc_hd__nor4_1'
Circuit sky130_fd_sc_hd__nor4_1 contains 0 device instances.
Circuit contains 0 nets.

Circuit sky130_fd_sc_hd__nor4_1 contains no devices.

Contents of circuit 1:  Circuit: 'sky130_fd_sc_hd__clkinvlp_4'
Circuit sky130_fd_sc_hd__clkinvlp_4 contains 0 device instances.
Circuit contains 0 nets, and 6 disconnected pins.
Contents of circuit 2:  Circuit: 'sky130_fd_sc_hd__clkinvlp_4'
Circuit sky130_fd_sc_hd__clkinvlp_4 contains 0 device instances.
Circuit contains 0 nets.

Circuit sky130_fd_sc_hd__clkinvlp_4 contains no devices.

Contents of circuit 1:  Circuit: 'sky130_fd_sc_hd__dfstp_2'
Circuit sky130_fd_sc_hd__dfstp_2 contains 0 device instances.
Circuit contains 0 nets, and 8 disconnected pins.
Contents of circuit 2:  Circuit: 'sky130_fd_sc_hd__dfstp_2'
Circuit sky130_fd_sc_hd__dfstp_2 contains 0 device instances.
Circuit contains 0 nets.

Circuit sky130_fd_sc_hd__dfstp_2 contains no devices.

Contents of circuit 1:  Circuit: 'sky130_fd_sc_hd__or3b_1'
Circuit sky130_fd_sc_hd__or3b_1 contains 0 device instances.
Circuit contains 0 nets, and 8 disconnected pins.
Contents of circuit 2:  Circuit: 'sky130_fd_sc_hd__or3b_1'
Circuit sky130_fd_sc_hd__or3b_1 contains 0 device instances.
Circuit contains 0 nets.

Circuit sky130_fd_sc_hd__or3b_1 contains no devices.

Contents of circuit 1:  Circuit: 'sky130_fd_sc_hd__and4_2'
Circuit sky130_fd_sc_hd__and4_2 contains 0 device instances.
Circuit contains 0 nets, and 9 disconnected pins.
Contents of circuit 2:  Circuit: 'sky130_fd_sc_hd__and4_2'
Circuit sky130_fd_sc_hd__and4_2 contains 0 device instances.
Circuit contains 0 nets.

Circuit sky130_fd_sc_hd__and4_2 contains no devices.

Contents of circuit 1:  Circuit: 'sky130_fd_sc_hd__or4b_1'
Circuit sky130_fd_sc_hd__or4b_1 contains 0 device instances.
Circuit contains 0 nets, and 9 disconnected pins.
Contents of circuit 2:  Circuit: 'sky130_fd_sc_hd__or4b_1'
Circuit sky130_fd_sc_hd__or4b_1 contains 0 device instances.
Circuit contains 0 nets.

Circuit sky130_fd_sc_hd__or4b_1 contains no devices.

Contents of circuit 1:  Circuit: 'sky130_fd_sc_hd__o211ai_2'
Circuit sky130_fd_sc_hd__o211ai_2 contains 0 device instances.
Circuit contains 0 nets, and 9 disconnected pins.
Contents of circuit 2:  Circuit: 'sky130_fd_sc_hd__o211ai_2'
Circuit sky130_fd_sc_hd__o211ai_2 contains 0 device instances.
Circuit contains 0 nets.

Circuit sky130_fd_sc_hd__o211ai_2 contains no devices.

Contents of circuit 1:  Circuit: 'sky130_fd_sc_hd__a22o_2'
Circuit sky130_fd_sc_hd__a22o_2 contains 0 device instances.
Circuit contains 0 nets, and 9 disconnected pins.
Contents of circuit 2:  Circuit: 'sky130_fd_sc_hd__a22o_2'
Circuit sky130_fd_sc_hd__a22o_2 contains 0 device instances.
Circuit contains 0 nets.

Circuit sky130_fd_sc_hd__a22o_2 contains no devices.

Contents of circuit 1:  Circuit: 'sky130_fd_sc_hd__nand3b_1'
Circuit sky130_fd_sc_hd__nand3b_1 contains 0 device instances.
Circuit contains 0 nets, and 8 disconnected pins.
Contents of circuit 2:  Circuit: 'sky130_fd_sc_hd__nand3b_1'
Circuit sky130_fd_sc_hd__nand3b_1 contains 0 device instances.
Circuit contains 0 nets.

Circuit sky130_fd_sc_hd__nand3b_1 contains no devices.

Contents of circuit 1:  Circuit: 'sky130_fd_sc_hd__a21bo_1'
Circuit sky130_fd_sc_hd__a21bo_1 contains 0 device instances.
Circuit contains 0 nets, and 8 disconnected pins.
Contents of circuit 2:  Circuit: 'sky130_fd_sc_hd__a21bo_1'
Circuit sky130_fd_sc_hd__a21bo_1 contains 0 device instances.
Circuit contains 0 nets.

Circuit sky130_fd_sc_hd__a21bo_1 contains no devices.

Contents of circuit 1:  Circuit: 'sky130_fd_sc_hd__nor2b_4'
Circuit sky130_fd_sc_hd__nor2b_4 contains 0 device instances.
Circuit contains 0 nets, and 7 disconnected pins.
Contents of circuit 2:  Circuit: 'sky130_fd_sc_hd__nor2b_4'
Circuit sky130_fd_sc_hd__nor2b_4 contains 0 device instances.
Circuit contains 0 nets.

Circuit sky130_fd_sc_hd__nor2b_4 contains no devices.

Contents of circuit 1:  Circuit: 'sky130_fd_sc_hd__dfrtp_4'
Circuit sky130_fd_sc_hd__dfrtp_4 contains 0 device instances.
Circuit contains 0 nets, and 8 disconnected pins.
Contents of circuit 2:  Circuit: 'sky130_fd_sc_hd__dfrtp_4'
Circuit sky130_fd_sc_hd__dfrtp_4 contains 0 device instances.
Circuit contains 0 nets.

Circuit sky130_fd_sc_hd__dfrtp_4 contains no devices.

Contents of circuit 1:  Circuit: 'sky130_fd_sc_hd__or4_2'
Circuit sky130_fd_sc_hd__or4_2 contains 0 device instances.
Circuit contains 0 nets, and 9 disconnected pins.
Contents of circuit 2:  Circuit: 'sky130_fd_sc_hd__or4_2'
Circuit sky130_fd_sc_hd__or4_2 contains 0 device instances.
Circuit contains 0 nets.

Circuit sky130_fd_sc_hd__or4_2 contains no devices.

Contents of circuit 1:  Circuit: 'sky130_fd_sc_hd__o2bb2ai_2'
Circuit sky130_fd_sc_hd__o2bb2ai_2 contains 0 device instances.
Circuit contains 0 nets, and 9 disconnected pins.
Contents of circuit 2:  Circuit: 'sky130_fd_sc_hd__o2bb2ai_2'
Circuit sky130_fd_sc_hd__o2bb2ai_2 contains 0 device instances.
Circuit contains 0 nets.

Circuit sky130_fd_sc_hd__o2bb2ai_2 contains no devices.

Contents of circuit 1:  Circuit: 'sky130_fd_sc_hd__and4bb_4'
Circuit sky130_fd_sc_hd__and4bb_4 contains 0 device instances.
Circuit contains 0 nets, and 9 disconnected pins.
Contents of circuit 2:  Circuit: 'sky130_fd_sc_hd__and4bb_4'
Circuit sky130_fd_sc_hd__and4bb_4 contains 0 device instances.
Circuit contains 0 nets.

Circuit sky130_fd_sc_hd__and4bb_4 contains no devices.

Contents of circuit 1:  Circuit: 'sky130_fd_sc_hd__o2bb2a_1'
Circuit sky130_fd_sc_hd__o2bb2a_1 contains 0 device instances.
Circuit contains 0 nets, and 9 disconnected pins.
Contents of circuit 2:  Circuit: 'sky130_fd_sc_hd__o2bb2a_1'
Circuit sky130_fd_sc_hd__o2bb2a_1 contains 0 device instances.
Circuit contains 0 nets.

Circuit sky130_fd_sc_hd__o2bb2a_1 contains no devices.

Contents of circuit 1:  Circuit: 'sky130_fd_sc_hd__o21ai_2'
Circuit sky130_fd_sc_hd__o21ai_2 contains 0 device instances.
Circuit contains 0 nets, and 8 disconnected pins.
Contents of circuit 2:  Circuit: 'sky130_fd_sc_hd__o21ai_2'
Circuit sky130_fd_sc_hd__o21ai_2 contains 0 device instances.
Circuit contains 0 nets.

Circuit sky130_fd_sc_hd__o21ai_2 contains no devices.

Contents of circuit 1:  Circuit: 'sky130_fd_sc_hd__o211ai_1'
Circuit sky130_fd_sc_hd__o211ai_1 contains 0 device instances.
Circuit contains 0 nets, and 9 disconnected pins.
Contents of circuit 2:  Circuit: 'sky130_fd_sc_hd__o211ai_1'
Circuit sky130_fd_sc_hd__o211ai_1 contains 0 device instances.
Circuit contains 0 nets.

Circuit sky130_fd_sc_hd__o211ai_1 contains no devices.

Contents of circuit 1:  Circuit: 'sky130_fd_sc_hd__nand2b_4'
Circuit sky130_fd_sc_hd__nand2b_4 contains 0 device instances.
Circuit contains 0 nets, and 7 disconnected pins.
Contents of circuit 2:  Circuit: 'sky130_fd_sc_hd__nand2b_4'
Circuit sky130_fd_sc_hd__nand2b_4 contains 0 device instances.
Circuit contains 0 nets.

Circuit sky130_fd_sc_hd__nand2b_4 contains no devices.

Contents of circuit 1:  Circuit: 'sky130_fd_sc_hd__and3b_4'
Circuit sky130_fd_sc_hd__and3b_4 contains 0 device instances.
Circuit contains 0 nets, and 8 disconnected pins.
Contents of circuit 2:  Circuit: 'sky130_fd_sc_hd__and3b_4'
Circuit sky130_fd_sc_hd__and3b_4 contains 0 device instances.
Circuit contains 0 nets.

Circuit sky130_fd_sc_hd__and3b_4 contains no devices.

Contents of circuit 1:  Circuit: 'sky130_fd_sc_hd__or4bb_1'
Circuit sky130_fd_sc_hd__or4bb_1 contains 0 device instances.
Circuit contains 0 nets, and 9 disconnected pins.
Contents of circuit 2:  Circuit: 'sky130_fd_sc_hd__or4bb_1'
Circuit sky130_fd_sc_hd__or4bb_1 contains 0 device instances.
Circuit contains 0 nets.

Circuit sky130_fd_sc_hd__or4bb_1 contains no devices.

Contents of circuit 1:  Circuit: 'sky130_fd_sc_hd__o21bai_1'
Circuit sky130_fd_sc_hd__o21bai_1 contains 0 device instances.
Circuit contains 0 nets, and 8 disconnected pins.
Contents of circuit 2:  Circuit: 'sky130_fd_sc_hd__o21bai_1'
Circuit sky130_fd_sc_hd__o21bai_1 contains 0 device instances.
Circuit contains 0 nets.

Circuit sky130_fd_sc_hd__o21bai_1 contains no devices.

Contents of circuit 1:  Circuit: 'sky130_fd_sc_hd__and3_4'
Circuit sky130_fd_sc_hd__and3_4 contains 0 device instances.
Circuit contains 0 nets, and 8 disconnected pins.
Contents of circuit 2:  Circuit: 'sky130_fd_sc_hd__and3_4'
Circuit sky130_fd_sc_hd__and3_4 contains 0 device instances.
Circuit contains 0 nets.

Circuit sky130_fd_sc_hd__and3_4 contains no devices.

Contents of circuit 1:  Circuit: 'sky130_fd_sc_hd__o2111a_2'
Circuit sky130_fd_sc_hd__o2111a_2 contains 0 device instances.
Circuit contains 0 nets, and 10 disconnected pins.
Contents of circuit 2:  Circuit: 'sky130_fd_sc_hd__o2111a_2'
Circuit sky130_fd_sc_hd__o2111a_2 contains 0 device instances.
Circuit contains 0 nets.

Circuit sky130_fd_sc_hd__o2111a_2 contains no devices.

Contents of circuit 1:  Circuit: 'sky130_fd_sc_hd__a41o_1'
Circuit sky130_fd_sc_hd__a41o_1 contains 0 device instances.
Circuit contains 0 nets, and 10 disconnected pins.
Contents of circuit 2:  Circuit: 'sky130_fd_sc_hd__a41o_1'
Circuit sky130_fd_sc_hd__a41o_1 contains 0 device instances.
Circuit contains 0 nets.

Circuit sky130_fd_sc_hd__a41o_1 contains no devices.

Contents of circuit 1:  Circuit: 'sky130_fd_sc_hd__o41a_1'
Circuit sky130_fd_sc_hd__o41a_1 contains 0 device instances.
Circuit contains 0 nets, and 10 disconnected pins.
Contents of circuit 2:  Circuit: 'sky130_fd_sc_hd__o41a_1'
Circuit sky130_fd_sc_hd__o41a_1 contains 0 device instances.
Circuit contains 0 nets.

Circuit sky130_fd_sc_hd__o41a_1 contains no devices.

Contents of circuit 1:  Circuit: 'sky130_fd_sc_hd__a21boi_2'
Circuit sky130_fd_sc_hd__a21boi_2 contains 0 device instances.
Circuit contains 0 nets, and 8 disconnected pins.
Contents of circuit 2:  Circuit: 'sky130_fd_sc_hd__a21boi_2'
Circuit sky130_fd_sc_hd__a21boi_2 contains 0 device instances.
Circuit contains 0 nets.

Circuit sky130_fd_sc_hd__a21boi_2 contains no devices.

Contents of circuit 1:  Circuit: 'sky130_fd_sc_hd__a22oi_1'
Circuit sky130_fd_sc_hd__a22oi_1 contains 0 device instances.
Circuit contains 0 nets, and 9 disconnected pins.
Contents of circuit 2:  Circuit: 'sky130_fd_sc_hd__a22oi_1'
Circuit sky130_fd_sc_hd__a22oi_1 contains 0 device instances.
Circuit contains 0 nets.

Circuit sky130_fd_sc_hd__a22oi_1 contains no devices.

Contents of circuit 1:  Circuit: 'sky130_fd_sc_hd__a211oi_1'
Circuit sky130_fd_sc_hd__a211oi_1 contains 0 device instances.
Circuit contains 0 nets, and 9 disconnected pins.
Contents of circuit 2:  Circuit: 'sky130_fd_sc_hd__a211oi_1'
Circuit sky130_fd_sc_hd__a211oi_1 contains 0 device instances.
Circuit contains 0 nets.

Circuit sky130_fd_sc_hd__a211oi_1 contains no devices.

Contents of circuit 1:  Circuit: 'sky130_fd_sc_hd__o21a_1'
Circuit sky130_fd_sc_hd__o21a_1 contains 0 device instances.
Circuit contains 0 nets, and 8 disconnected pins.
Contents of circuit 2:  Circuit: 'sky130_fd_sc_hd__o21a_1'
Circuit sky130_fd_sc_hd__o21a_1 contains 0 device instances.
Circuit contains 0 nets.

Circuit sky130_fd_sc_hd__o21a_1 contains no devices.

Contents of circuit 1:  Circuit: 'sky130_fd_sc_hd__o21ai_4'
Circuit sky130_fd_sc_hd__o21ai_4 contains 0 device instances.
Circuit contains 0 nets, and 8 disconnected pins.
Contents of circuit 2:  Circuit: 'sky130_fd_sc_hd__o21ai_4'
Circuit sky130_fd_sc_hd__o21ai_4 contains 0 device instances.
Circuit contains 0 nets.

Circuit sky130_fd_sc_hd__o21ai_4 contains no devices.

Contents of circuit 1:  Circuit: 'sky130_fd_sc_hd__xnor2_4'
Circuit sky130_fd_sc_hd__xnor2_4 contains 0 device instances.
Circuit contains 0 nets, and 7 disconnected pins.
Contents of circuit 2:  Circuit: 'sky130_fd_sc_hd__xnor2_4'
Circuit sky130_fd_sc_hd__xnor2_4 contains 0 device instances.
Circuit contains 0 nets.

Circuit sky130_fd_sc_hd__xnor2_4 contains no devices.

Contents of circuit 1:  Circuit: 'sky130_fd_sc_hd__o2111a_1'
Circuit sky130_fd_sc_hd__o2111a_1 contains 0 device instances.
Circuit contains 0 nets, and 10 disconnected pins.
Contents of circuit 2:  Circuit: 'sky130_fd_sc_hd__o2111a_1'
Circuit sky130_fd_sc_hd__o2111a_1 contains 0 device instances.
Circuit contains 0 nets.

Circuit sky130_fd_sc_hd__o2111a_1 contains no devices.

Contents of circuit 1:  Circuit: 'sky130_fd_sc_hd__or2b_2'
Circuit sky130_fd_sc_hd__or2b_2 contains 0 device instances.
Circuit contains 0 nets, and 7 disconnected pins.
Contents of circuit 2:  Circuit: 'sky130_fd_sc_hd__or2b_2'
Circuit sky130_fd_sc_hd__or2b_2 contains 0 device instances.
Circuit contains 0 nets.

Circuit sky130_fd_sc_hd__or2b_2 contains no devices.

Contents of circuit 1:  Circuit: 'system_top'
Circuit system_top contains 17961 device instances.
  Class: sky130_fd_sc_hd__bufinv_16 instances:   3
  Class: sky130_fd_sc_hd__a41o_1 instances:   1
  Class: sky130_fd_sc_hd__a31o_1 instances:  11
  Class: sky130_fd_sc_hd__a21o_1 instances:  22
  Class: sky130_fd_sc_hd__clkbuf_16 instances:   5
  Class: sky130_fd_sc_hd__dfxtp_1 instances: 256
  Class: sky130_fd_sc_hd__or4_1 instances:   2
  Class: sky130_fd_sc_hd__or4_2 instances:   1
  Class: sky130_fd_sc_hd__a31oi_1 instances:   2
  Class: sky130_fd_sc_hd__buf_1 instances:  25
  Class: sky130_fd_sc_hd__buf_2 instances:  34
  Class: sky130_fd_sc_hd__nand4_2 instances:   1
  Class: sky130_fd_sc_hd__buf_4 instances:  37
  Class: sky130_fd_sc_hd__a2bb2o_1 instances:   9
  Class: sky130_fd_sc_hd__and3b_1 instances:   3
  Class: sky130_fd_sc_hd__and3b_4 instances:   3
  Class: sky130_fd_sc_hd__xor2_1 instances:  25
  Class: sky130_fd_sc_hd__xor2_2 instances:   3
  Class: sky130_fd_sc_hd__dfstp_1 instances:  17
  Class: sky130_fd_sc_hd__dfstp_2 instances:   7
  Class: sky130_ef_sc_hd__decap_12 instances: 6014
  Class: sky130_fd_sc_hd__dfrtp_1 instances: 120
  Class: sky130_fd_sc_hd__dfrtp_2 instances:   4
  Class: sky130_fd_sc_hd__dfrtp_4 instances:  11
  Class: sky130_fd_sc_hd__and4_1 instances:   8
  Class: sky130_fd_sc_hd__and4_2 instances:   3
  Class: sky130_fd_sc_hd__inv_2 instances:  44
  Class: sky130_fd_sc_hd__inv_6 instances:   9
  Class: sky130_fd_sc_hd__inv_8 instances:   5
  Class: sky130_fd_sc_hd__clkbuf_1 instances: 384
  Class: sky130_fd_sc_hd__clkbuf_2 instances:  24
  Class: sky130_fd_sc_hd__clkbuf_4 instances:  42
  Class: sky130_fd_sc_hd__clkbuf_8 instances:  43
  Class: sky130_fd_sc_hd__or3_1 instances:  16
  Class: sky130_fd_sc_hd__nand3_1 instances:   7
  Class: sky130_fd_sc_hd__o21ba_1 instances:   3
  Class: sky130_fd_sc_hd__and2b_1 instances:  11
  Class: sky130_fd_sc_hd__a21boi_1 instances:   2
  Class: sky130_fd_sc_hd__a21boi_2 instances:   1
  Class: sky130_fd_sc_hd__a21bo_1 instances:   4
  Class: sky130_fd_sc_hd__a221oi_1 instances:   2
  Class: sky130_fd_sc_hd__clkinv_1 instances:   3
  Class: sky130_fd_sc_hd__clkinv_4 instances:   4
  Class: sky130_fd_sc_hd__and3_1 instances:  15
  Class: sky130_fd_sc_hd__and3_4 instances:   1
  Class: sky130_fd_sc_hd__a2111o_1 instances:   4
  Class: sky130_fd_sc_hd__decap_3 instances: 762
  Class: sky130_fd_sc_hd__decap_4 instances: 551
  Class: sky130_fd_sc_hd__decap_6 instances: 1390
  Class: sky130_fd_sc_hd__decap_8 instances: 373
  Class: sky130_fd_sc_hd__dlygate4sd3_1 instances: 285
  Class: sky130_fd_sc_hd__or2_1 instances:  32
  Class: sky130_fd_sc_hd__or2_4 instances:   3
  Class: sky130_fd_sc_hd__nand2_1 instances:  28
  Class: sky130_fd_sc_hd__nand2_4 instances:  15
  Class: sky130_fd_sc_hd__nand3b_1 instances:   2
  Class: sky130_fd_sc_hd__mux2_1 instances: 446
  Class: sky130_fd_sc_hd__mux2_2 instances:  21
  Class: sky130_fd_sc_hd__o2bb2ai_2 instances:   1
  Class: sky130_fd_sc_hd__a211oi_1 instances:   1
  Class: sky130_fd_sc_hd__and2_1 instances:  23
  Class: sky130_fd_sc_hd__or4b_1 instances:   3
  Class: sky130_fd_sc_hd__clkinvlp_2 instances:   3
  Class: sky130_fd_sc_hd__clkinvlp_4 instances:   5
  Class: sky130_fd_sc_hd__nor4_1 instances:   1
  Class: sky130_fd_sc_hd__inv_12 instances:   2
  Class: sky130_fd_sc_hd__o22a_1 instances:  23
  Class: sky130_fd_sc_hd__xnor2_1 instances:  29
  Class: sky130_fd_sc_hd__xnor2_2 instances:   4
  Class: sky130_fd_sc_hd__xnor2_4 instances:   1
  Class: sky130_fd_sc_hd__o221a_1 instances:   5
  Class: sky130_fd_sc_hd__o21bai_1 instances:   1
  Class: sky130_fd_sc_hd__o211a_1 instances:   6
  Class: sky130_fd_sc_hd__nand2b_2 instances:   3
  Class: sky130_fd_sc_hd__nand2b_4 instances:   1
  Class: sky130_fd_sc_hd__diode_2 instances: 1086
  Class: sky130_fd_sc_hd__a221o_1 instances:  51
  Class: sky130_fd_sc_hd__a211o_1 instances:  19
  Class: sky130_fd_sc_hd__o2111a_1 instances:   1
  Class: sky130_fd_sc_hd__o2111a_2 instances:   2
  Class: sky130_fd_sc_hd__or3b_1 instances:   2
  Class: sky130_fd_sc_hd__or4bb_1 instances:   1
  Class: sky130_fd_sc_hd__nor3_1 instances:   3
  Class: sky130_fd_sc_hd__or4bb_4 instances:   1
  Class: sky130_fd_sc_hd__o41a_1 instances:   1
  Class: sky130_fd_sc_hd__a22o_1 instances:  90
  Class: sky130_fd_sc_hd__a22o_2 instances:   2
  Class: sky130_fd_sc_hd__o31a_1 instances:   4
  Class: sky130_fd_sc_hd__o2bb2a_1 instances:   6
  Class: sky130_fd_sc_hd__o21a_1 instances:   5
  Class: sky130_fd_sc_hd__o22ai_1 instances:   3
  Class: sky130_fd_sc_hd__nor2b_1 instances:   2
  Class: sky130_fd_sc_hd__nor2b_2 instances:   3
  Class: sky130_fd_sc_hd__nor2b_4 instances:   1
  Class: sky130_fd_sc_hd__a22oi_1 instances:   2
  Class: sky130_fd_sc_hd__o21ai_1 instances:   9
  Class: sky130_fd_sc_hd__o21ai_2 instances:   2
  Class: sky130_fd_sc_hd__tapvpwrvgnd_1 instances: 2115
  Class: sky130_fd_sc_hd__o21ai_4 instances:   1
  Class: sky130_fd_sc_hd__a21oi_1 instances:  19
  Class: sky130_fd_sc_hd__a311o_1 instances:   3
  Class: sky130_fd_sc_hd__fill_1 instances: 2103
  Class: sky130_fd_sc_hd__fill_2 instances: 1083
  Class: sky130_fd_sc_hd__o211ai_1 instances:   1
  Class: sky130_fd_sc_hd__o211ai_2 instances:   1
  Class: sky130_fd_sc_hd__or2b_1 instances:   7
  Class: sky130_fd_sc_hd__or2b_2 instances:   1
  Class: sky130_fd_sc_hd__and4bb_1 instances:   2
  Class: sky130_fd_sc_hd__and4bb_4 instances:   3
  Class: sky130_fd_sc_hd__nor2_1 instances:  38
  Class: sky130_fd_sc_hd__nor2_2 instances:   7
  Class: sky130_fd_sc_hd__nor2_4 instances:  10
Circuit contains 2505 nets.
Contents of circuit 2:  Circuit: 'system_top'
Circuit system_top contains 17961 device instances.
  Class: sky130_fd_sc_hd__bufinv_16 instances:   3
  Class: sky130_fd_sc_hd__a41o_1 instances:   1
  Class: sky130_fd_sc_hd__a31o_1 instances:  11
  Class: sky130_fd_sc_hd__a21o_1 instances:  22
  Class: sky130_fd_sc_hd__clkbuf_16 instances:   5
  Class: sky130_fd_sc_hd__dfxtp_1 instances: 256
  Class: sky130_fd_sc_hd__or4_1 instances:   2
  Class: sky130_fd_sc_hd__or4_2 instances:   1
  Class: sky130_fd_sc_hd__a31oi_1 instances:   2
  Class: sky130_fd_sc_hd__buf_1 instances:  25
  Class: sky130_fd_sc_hd__nand4_2 instances:   1
  Class: sky130_fd_sc_hd__buf_2 instances:  34
  Class: sky130_fd_sc_hd__buf_4 instances:  37
  Class: sky130_fd_sc_hd__a2bb2o_1 instances:   9
  Class: sky130_fd_sc_hd__and3b_1 instances:   3
  Class: sky130_fd_sc_hd__and3b_4 instances:   3
  Class: sky130_fd_sc_hd__xor2_1 instances:  25
  Class: sky130_fd_sc_hd__xor2_2 instances:   3
  Class: sky130_fd_sc_hd__dfstp_1 instances:  17
  Class: sky130_fd_sc_hd__dfstp_2 instances:   7
  Class: sky130_ef_sc_hd__decap_12 instances: 6014
  Class: sky130_fd_sc_hd__dfrtp_1 instances: 120
  Class: sky130_fd_sc_hd__dfrtp_2 instances:   4
  Class: sky130_fd_sc_hd__dfrtp_4 instances:  11
  Class: sky130_fd_sc_hd__and4_1 instances:   8
  Class: sky130_fd_sc_hd__and4_2 instances:   3
  Class: sky130_fd_sc_hd__inv_2 instances:  44
  Class: sky130_fd_sc_hd__inv_6 instances:   9
  Class: sky130_fd_sc_hd__inv_8 instances:   5
  Class: sky130_fd_sc_hd__clkbuf_1 instances: 384
  Class: sky130_fd_sc_hd__clkbuf_2 instances:  24
  Class: sky130_fd_sc_hd__clkbuf_4 instances:  42
  Class: sky130_fd_sc_hd__clkbuf_8 instances:  43
  Class: sky130_fd_sc_hd__or3_1 instances:  16
  Class: sky130_fd_sc_hd__nand3_1 instances:   7
  Class: sky130_fd_sc_hd__o21ba_1 instances:   3
  Class: sky130_fd_sc_hd__and2b_1 instances:  11
  Class: sky130_fd_sc_hd__a21boi_1 instances:   2
  Class: sky130_fd_sc_hd__a21boi_2 instances:   1
  Class: sky130_fd_sc_hd__a21bo_1 instances:   4
  Class: sky130_fd_sc_hd__a221oi_1 instances:   2
  Class: sky130_fd_sc_hd__clkinv_1 instances:   3
  Class: sky130_fd_sc_hd__clkinv_4 instances:   4
  Class: sky130_fd_sc_hd__and3_1 instances:  15
  Class: sky130_fd_sc_hd__and3_4 instances:   1
  Class: sky130_fd_sc_hd__a2111o_1 instances:   4
  Class: sky130_fd_sc_hd__decap_3 instances: 762
  Class: sky130_fd_sc_hd__decap_4 instances: 551
  Class: sky130_fd_sc_hd__decap_6 instances: 1390
  Class: sky130_fd_sc_hd__decap_8 instances: 373
  Class: sky130_fd_sc_hd__dlygate4sd3_1 instances: 285
  Class: sky130_fd_sc_hd__or2_1 instances:  32
  Class: sky130_fd_sc_hd__or2_4 instances:   3
  Class: sky130_fd_sc_hd__nand2_1 instances:  28
  Class: sky130_fd_sc_hd__nand2_4 instances:  15
  Class: sky130_fd_sc_hd__nand3b_1 instances:   2
  Class: sky130_fd_sc_hd__mux2_1 instances: 446
  Class: sky130_fd_sc_hd__mux2_2 instances:  21
  Class: sky130_fd_sc_hd__o2bb2ai_2 instances:   1
  Class: sky130_fd_sc_hd__a211oi_1 instances:   1
  Class: sky130_fd_sc_hd__and2_1 instances:  23
  Class: sky130_fd_sc_hd__or4b_1 instances:   3
  Class: sky130_fd_sc_hd__clkinvlp_2 instances:   3
  Class: sky130_fd_sc_hd__clkinvlp_4 instances:   5
  Class: sky130_fd_sc_hd__nor4_1 instances:   1
  Class: sky130_fd_sc_hd__inv_12 instances:   2
  Class: sky130_fd_sc_hd__o22a_1 instances:  23
  Class: sky130_fd_sc_hd__xnor2_1 instances:  29
  Class: sky130_fd_sc_hd__xnor2_2 instances:   4
  Class: sky130_fd_sc_hd__xnor2_4 instances:   1
  Class: sky130_fd_sc_hd__o221a_1 instances:   5
  Class: sky130_fd_sc_hd__o21bai_1 instances:   1
  Class: sky130_fd_sc_hd__o211a_1 instances:   6
  Class: sky130_fd_sc_hd__nand2b_2 instances:   3
  Class: sky130_fd_sc_hd__nand2b_4 instances:   1
  Class: sky130_fd_sc_hd__diode_2 instances: 1086
  Class: sky130_fd_sc_hd__a221o_1 instances:  51
  Class: sky130_fd_sc_hd__a211o_1 instances:  19
  Class: sky130_fd_sc_hd__o2111a_1 instances:   1
  Class: sky130_fd_sc_hd__o2111a_2 instances:   2
  Class: sky130_fd_sc_hd__or3b_1 instances:   2
  Class: sky130_fd_sc_hd__or4bb_1 instances:   1
  Class: sky130_fd_sc_hd__nor3_1 instances:   3
  Class: sky130_fd_sc_hd__or4bb_4 instances:   1
  Class: sky130_fd_sc_hd__o41a_1 instances:   1
  Class: sky130_fd_sc_hd__a22o_1 instances:  90
  Class: sky130_fd_sc_hd__a22o_2 instances:   2
  Class: sky130_fd_sc_hd__o31a_1 instances:   4
  Class: sky130_fd_sc_hd__o2bb2a_1 instances:   6
  Class: sky130_fd_sc_hd__o21a_1 instances:   5
  Class: sky130_fd_sc_hd__o22ai_1 instances:   3
  Class: sky130_fd_sc_hd__nor2b_1 instances:   2
  Class: sky130_fd_sc_hd__nor2b_2 instances:   3
  Class: sky130_fd_sc_hd__nor2b_4 instances:   1
  Class: sky130_fd_sc_hd__a22oi_1 instances:   2
  Class: sky130_fd_sc_hd__o21ai_1 instances:   9
  Class: sky130_fd_sc_hd__o21ai_2 instances:   2
  Class: sky130_fd_sc_hd__tapvpwrvgnd_1 instances: 2115
  Class: sky130_fd_sc_hd__o21ai_4 instances:   1
  Class: sky130_fd_sc_hd__a21oi_1 instances:  19
  Class: sky130_fd_sc_hd__a311o_1 instances:   3
  Class: sky130_fd_sc_hd__fill_1 instances: 2103
  Class: sky130_fd_sc_hd__fill_2 instances: 1083
  Class: sky130_fd_sc_hd__o211ai_1 instances:   1
  Class: sky130_fd_sc_hd__o211ai_2 instances:   1
  Class: sky130_fd_sc_hd__or2b_1 instances:   7
  Class: sky130_fd_sc_hd__or2b_2 instances:   1
  Class: sky130_fd_sc_hd__and4bb_1 instances:   2
  Class: sky130_fd_sc_hd__and4bb_4 instances:   3
  Class: sky130_fd_sc_hd__nor2_1 instances:  38
  Class: sky130_fd_sc_hd__nor2_2 instances:   7
  Class: sky130_fd_sc_hd__nor2_4 instances:  10
Circuit contains 2505 nets.

Circuit was modified by parallel/series device merging.
New circuit summary:

Contents of circuit 1:  Circuit: 'system_top'
Circuit system_top contains 2648 device instances.
  Class: sky130_fd_sc_hd__bufinv_16 instances:   3
  Class: sky130_fd_sc_hd__a41o_1 instances:   1
  Class: sky130_fd_sc_hd__a31o_1 instances:  11
  Class: sky130_fd_sc_hd__a21o_1 instances:  22
  Class: sky130_fd_sc_hd__clkbuf_16 instances:   5
  Class: sky130_fd_sc_hd__dfxtp_1 instances: 256
  Class: sky130_fd_sc_hd__or4_1 instances:   2
  Class: sky130_fd_sc_hd__or4_2 instances:   1
  Class: sky130_fd_sc_hd__a31oi_1 instances:   2
  Class: sky130_fd_sc_hd__buf_1 instances:  25
  Class: sky130_fd_sc_hd__buf_2 instances:  34
  Class: sky130_fd_sc_hd__nand4_2 instances:   1
  Class: sky130_fd_sc_hd__buf_4 instances:  37
  Class: sky130_fd_sc_hd__a2bb2o_1 instances:   9
  Class: sky130_fd_sc_hd__and3b_1 instances:   3
  Class: sky130_fd_sc_hd__and3b_4 instances:   3
  Class: sky130_fd_sc_hd__xor2_1 instances:  25
  Class: sky130_fd_sc_hd__xor2_2 instances:   3
  Class: sky130_fd_sc_hd__dfstp_1 instances:  17
  Class: sky130_fd_sc_hd__dfstp_2 instances:   7
  Class: sky130_ef_sc_hd__decap_12 instances:   1
  Class: sky130_fd_sc_hd__dfrtp_1 instances: 120
  Class: sky130_fd_sc_hd__dfrtp_2 instances:   4
  Class: sky130_fd_sc_hd__dfrtp_4 instances:  11
  Class: sky130_fd_sc_hd__and4_1 instances:   8
  Class: sky130_fd_sc_hd__and4_2 instances:   3
  Class: sky130_fd_sc_hd__inv_2 instances:  44
  Class: sky130_fd_sc_hd__inv_6 instances:   9
  Class: sky130_fd_sc_hd__inv_8 instances:   5
  Class: sky130_fd_sc_hd__clkbuf_1 instances: 384
  Class: sky130_fd_sc_hd__clkbuf_2 instances:  24
  Class: sky130_fd_sc_hd__clkbuf_4 instances:  42
  Class: sky130_fd_sc_hd__clkbuf_8 instances:  43
  Class: sky130_fd_sc_hd__or3_1 instances:  16
  Class: sky130_fd_sc_hd__nand3_1 instances:   7
  Class: sky130_fd_sc_hd__o21ba_1 instances:   3
  Class: sky130_fd_sc_hd__and2b_1 instances:  11
  Class: sky130_fd_sc_hd__a21boi_1 instances:   2
  Class: sky130_fd_sc_hd__a21boi_2 instances:   1
  Class: sky130_fd_sc_hd__a21bo_1 instances:   4
  Class: sky130_fd_sc_hd__a221oi_1 instances:   2
  Class: sky130_fd_sc_hd__clkinv_1 instances:   3
  Class: sky130_fd_sc_hd__clkinv_4 instances:   4
  Class: sky130_fd_sc_hd__and3_1 instances:  15
  Class: sky130_fd_sc_hd__and3_4 instances:   1
  Class: sky130_fd_sc_hd__a2111o_1 instances:   4
  Class: sky130_fd_sc_hd__decap_3 instances:   1
  Class: sky130_fd_sc_hd__decap_4 instances:   1
  Class: sky130_fd_sc_hd__decap_6 instances:   1
  Class: sky130_fd_sc_hd__decap_8 instances:   1
  Class: sky130_fd_sc_hd__dlygate4sd3_1 instances: 285
  Class: sky130_fd_sc_hd__or2_1 instances:  32
  Class: sky130_fd_sc_hd__or2_4 instances:   3
  Class: sky130_fd_sc_hd__nand2_1 instances:  28
  Class: sky130_fd_sc_hd__nand2_4 instances:  15
  Class: sky130_fd_sc_hd__nand3b_1 instances:   2
  Class: sky130_fd_sc_hd__mux2_1 instances: 446
  Class: sky130_fd_sc_hd__mux2_2 instances:  21
  Class: sky130_fd_sc_hd__o2bb2ai_2 instances:   1
  Class: sky130_fd_sc_hd__a211oi_1 instances:   1
  Class: sky130_fd_sc_hd__and2_1 instances:  23
  Class: sky130_fd_sc_hd__or4b_1 instances:   3
  Class: sky130_fd_sc_hd__clkinvlp_2 instances:   3
  Class: sky130_fd_sc_hd__clkinvlp_4 instances:   5
  Class: sky130_fd_sc_hd__nor4_1 instances:   1
  Class: sky130_fd_sc_hd__inv_12 instances:   2
  Class: sky130_fd_sc_hd__o22a_1 instances:  23
  Class: sky130_fd_sc_hd__xnor2_1 instances:  29
  Class: sky130_fd_sc_hd__xnor2_2 instances:   4
  Class: sky130_fd_sc_hd__xnor2_4 instances:   1
  Class: sky130_fd_sc_hd__o221a_1 instances:   5
  Class: sky130_fd_sc_hd__o21bai_1 instances:   1
  Class: sky130_fd_sc_hd__o211a_1 instances:   6
  Class: sky130_fd_sc_hd__nand2b_2 instances:   3
  Class: sky130_fd_sc_hd__nand2b_4 instances:   1
  Class: sky130_fd_sc_hd__diode_2 instances: 156
  Class: sky130_fd_sc_hd__a221o_1 instances:  51
  Class: sky130_fd_sc_hd__a211o_1 instances:  19
  Class: sky130_fd_sc_hd__o2111a_1 instances:   1
  Class: sky130_fd_sc_hd__o2111a_2 instances:   2
  Class: sky130_fd_sc_hd__or3b_1 instances:   2
  Class: sky130_fd_sc_hd__or4bb_1 instances:   1
  Class: sky130_fd_sc_hd__nor3_1 instances:   3
  Class: sky130_fd_sc_hd__or4bb_4 instances:   1
  Class: sky130_fd_sc_hd__o41a_1 instances:   1
  Class: sky130_fd_sc_hd__a22o_1 instances:  90
  Class: sky130_fd_sc_hd__a22o_2 instances:   2
  Class: sky130_fd_sc_hd__o31a_1 instances:   4
  Class: sky130_fd_sc_hd__o2bb2a_1 instances:   6
  Class: sky130_fd_sc_hd__o21a_1 instances:   5
  Class: sky130_fd_sc_hd__o22ai_1 instances:   3
  Class: sky130_fd_sc_hd__nor2b_1 instances:   2
  Class: sky130_fd_sc_hd__nor2b_2 instances:   3
  Class: sky130_fd_sc_hd__nor2b_4 instances:   1
  Class: sky130_fd_sc_hd__a22oi_1 instances:   2
  Class: sky130_fd_sc_hd__o21ai_1 instances:   9
  Class: sky130_fd_sc_hd__o21ai_2 instances:   2
  Class: sky130_fd_sc_hd__tapvpwrvgnd_1 instances:   1
  Class: sky130_fd_sc_hd__o21ai_4 instances:   1
  Class: sky130_fd_sc_hd__a21oi_1 instances:  19
  Class: sky130_fd_sc_hd__a311o_1 instances:   3
  Class: sky130_fd_sc_hd__fill_1 instances:   1
  Class: sky130_fd_sc_hd__fill_2 instances:   1
  Class: sky130_fd_sc_hd__o211ai_1 instances:   1
  Class: sky130_fd_sc_hd__o211ai_2 instances:   1
  Class: sky130_fd_sc_hd__or2b_1 instances:   7
  Class: sky130_fd_sc_hd__or2b_2 instances:   1
  Class: sky130_fd_sc_hd__and4bb_1 instances:   2
  Class: sky130_fd_sc_hd__and4bb_4 instances:   3
  Class: sky130_fd_sc_hd__nor2_1 instances:  38
  Class: sky130_fd_sc_hd__nor2_2 instances:   7
  Class: sky130_fd_sc_hd__nor2_4 instances:  10
Circuit contains 2505 nets.
Contents of circuit 2:  Circuit: 'system_top'
Circuit system_top contains 2648 device instances.
  Class: sky130_fd_sc_hd__bufinv_16 instances:   3
  Class: sky130_fd_sc_hd__a41o_1 instances:   1
  Class: sky130_fd_sc_hd__a31o_1 instances:  11
  Class: sky130_fd_sc_hd__a21o_1 instances:  22
  Class: sky130_fd_sc_hd__clkbuf_16 instances:   5
  Class: sky130_fd_sc_hd__dfxtp_1 instances: 256
  Class: sky130_fd_sc_hd__or4_1 instances:   2
  Class: sky130_fd_sc_hd__or4_2 instances:   1
  Class: sky130_fd_sc_hd__a31oi_1 instances:   2
  Class: sky130_fd_sc_hd__buf_1 instances:  25
  Class: sky130_fd_sc_hd__nand4_2 instances:   1
  Class: sky130_fd_sc_hd__buf_2 instances:  34
  Class: sky130_fd_sc_hd__buf_4 instances:  37
  Class: sky130_fd_sc_hd__a2bb2o_1 instances:   9
  Class: sky130_fd_sc_hd__and3b_1 instances:   3
  Class: sky130_fd_sc_hd__and3b_4 instances:   3
  Class: sky130_fd_sc_hd__xor2_1 instances:  25
  Class: sky130_fd_sc_hd__xor2_2 instances:   3
  Class: sky130_fd_sc_hd__dfstp_1 instances:  17
  Class: sky130_fd_sc_hd__dfstp_2 instances:   7
  Class: sky130_ef_sc_hd__decap_12 instances:   1
  Class: sky130_fd_sc_hd__dfrtp_1 instances: 120
  Class: sky130_fd_sc_hd__dfrtp_2 instances:   4
  Class: sky130_fd_sc_hd__dfrtp_4 instances:  11
  Class: sky130_fd_sc_hd__and4_1 instances:   8
  Class: sky130_fd_sc_hd__and4_2 instances:   3
  Class: sky130_fd_sc_hd__inv_2 instances:  44
  Class: sky130_fd_sc_hd__inv_6 instances:   9
  Class: sky130_fd_sc_hd__inv_8 instances:   5
  Class: sky130_fd_sc_hd__clkbuf_1 instances: 384
  Class: sky130_fd_sc_hd__clkbuf_2 instances:  24
  Class: sky130_fd_sc_hd__clkbuf_4 instances:  42
  Class: sky130_fd_sc_hd__clkbuf_8 instances:  43
  Class: sky130_fd_sc_hd__or3_1 instances:  16
  Class: sky130_fd_sc_hd__nand3_1 instances:   7
  Class: sky130_fd_sc_hd__o21ba_1 instances:   3
  Class: sky130_fd_sc_hd__and2b_1 instances:  11
  Class: sky130_fd_sc_hd__a21boi_1 instances:   2
  Class: sky130_fd_sc_hd__a21boi_2 instances:   1
  Class: sky130_fd_sc_hd__a21bo_1 instances:   4
  Class: sky130_fd_sc_hd__a221oi_1 instances:   2
  Class: sky130_fd_sc_hd__clkinv_1 instances:   3
  Class: sky130_fd_sc_hd__clkinv_4 instances:   4
  Class: sky130_fd_sc_hd__and3_1 instances:  15
  Class: sky130_fd_sc_hd__and3_4 instances:   1
  Class: sky130_fd_sc_hd__a2111o_1 instances:   4
  Class: sky130_fd_sc_hd__decap_3 instances:   1
  Class: sky130_fd_sc_hd__decap_4 instances:   1
  Class: sky130_fd_sc_hd__decap_6 instances:   1
  Class: sky130_fd_sc_hd__decap_8 instances:   1
  Class: sky130_fd_sc_hd__dlygate4sd3_1 instances: 285
  Class: sky130_fd_sc_hd__or2_1 instances:  32
  Class: sky130_fd_sc_hd__or2_4 instances:   3
  Class: sky130_fd_sc_hd__nand2_1 instances:  28
  Class: sky130_fd_sc_hd__nand2_4 instances:  15
  Class: sky130_fd_sc_hd__nand3b_1 instances:   2
  Class: sky130_fd_sc_hd__mux2_1 instances: 446
  Class: sky130_fd_sc_hd__mux2_2 instances:  21
  Class: sky130_fd_sc_hd__o2bb2ai_2 instances:   1
  Class: sky130_fd_sc_hd__a211oi_1 instances:   1
  Class: sky130_fd_sc_hd__and2_1 instances:  23
  Class: sky130_fd_sc_hd__or4b_1 instances:   3
  Class: sky130_fd_sc_hd__clkinvlp_2 instances:   3
  Class: sky130_fd_sc_hd__clkinvlp_4 instances:   5
  Class: sky130_fd_sc_hd__nor4_1 instances:   1
  Class: sky130_fd_sc_hd__inv_12 instances:   2
  Class: sky130_fd_sc_hd__o22a_1 instances:  23
  Class: sky130_fd_sc_hd__xnor2_1 instances:  29
  Class: sky130_fd_sc_hd__xnor2_2 instances:   4
  Class: sky130_fd_sc_hd__xnor2_4 instances:   1
  Class: sky130_fd_sc_hd__o221a_1 instances:   5
  Class: sky130_fd_sc_hd__o21bai_1 instances:   1
  Class: sky130_fd_sc_hd__o211a_1 instances:   6
  Class: sky130_fd_sc_hd__nand2b_2 instances:   3
  Class: sky130_fd_sc_hd__nand2b_4 instances:   1
  Class: sky130_fd_sc_hd__diode_2 instances: 156
  Class: sky130_fd_sc_hd__a221o_1 instances:  51
  Class: sky130_fd_sc_hd__a211o_1 instances:  19
  Class: sky130_fd_sc_hd__o2111a_1 instances:   1
  Class: sky130_fd_sc_hd__o2111a_2 instances:   2
  Class: sky130_fd_sc_hd__or3b_1 instances:   2
  Class: sky130_fd_sc_hd__or4bb_1 instances:   1
  Class: sky130_fd_sc_hd__nor3_1 instances:   3
  Class: sky130_fd_sc_hd__or4bb_4 instances:   1
  Class: sky130_fd_sc_hd__o41a_1 instances:   1
  Class: sky130_fd_sc_hd__a22o_1 instances:  90
  Class: sky130_fd_sc_hd__a22o_2 instances:   2
  Class: sky130_fd_sc_hd__o31a_1 instances:   4
  Class: sky130_fd_sc_hd__o2bb2a_1 instances:   6
  Class: sky130_fd_sc_hd__o21a_1 instances:   5
  Class: sky130_fd_sc_hd__o22ai_1 instances:   3
  Class: sky130_fd_sc_hd__nor2b_1 instances:   2
  Class: sky130_fd_sc_hd__nor2b_2 instances:   3
  Class: sky130_fd_sc_hd__nor2b_4 instances:   1
  Class: sky130_fd_sc_hd__a22oi_1 instances:   2
  Class: sky130_fd_sc_hd__o21ai_1 instances:   9
  Class: sky130_fd_sc_hd__o21ai_2 instances:   2
  Class: sky130_fd_sc_hd__tapvpwrvgnd_1 instances:   1
  Class: sky130_fd_sc_hd__o21ai_4 instances:   1
  Class: sky130_fd_sc_hd__a21oi_1 instances:  19
  Class: sky130_fd_sc_hd__a311o_1 instances:   3
  Class: sky130_fd_sc_hd__fill_1 instances:   1
  Class: sky130_fd_sc_hd__fill_2 instances:   1
  Class: sky130_fd_sc_hd__o211ai_1 instances:   1
  Class: sky130_fd_sc_hd__o211ai_2 instances:   1
  Class: sky130_fd_sc_hd__or2b_1 instances:   7
  Class: sky130_fd_sc_hd__or2b_2 instances:   1
  Class: sky130_fd_sc_hd__and4bb_1 instances:   2
  Class: sky130_fd_sc_hd__and4bb_4 instances:   3
  Class: sky130_fd_sc_hd__nor2_1 instances:  38
  Class: sky130_fd_sc_hd__nor2_2 instances:   7
  Class: sky130_fd_sc_hd__nor2_4 instances:  10
Circuit contains 2505 nets.

Circuit 1 contains 2648 devices, Circuit 2 contains 2648 devices.
Circuit 1 contains 2505 nets,    Circuit 2 contains 2505 nets.


Final result: 
Circuits match uniquely.
.
Logging to file "/openlane/designs/viterbi/runs/RUN_2026.01.21_02.17.41/logs/signoff/45-system_top.lef.lvs.log" disabled
LVS Done.
