
===========================================================================
report_checks -unconstrained
===========================================================================
======================= Typical Corner ===================================

Startpoint: _3536_ (rising edge-triggered flip-flop clocked by clk)
Endpoint: _3577_ (rising edge-triggered flip-flop clocked by clk)
Path Group: clk
Path Type: max

Fanout     Cap    Slew   Delay    Time   Description
-----------------------------------------------------------------------------
                          0.00    0.00   clock clk (rise edge)
                          0.00    0.00   clock source latency
     1    0.01    0.00    0.00    0.00 ^ clk (in)
                                         clk (net)
                  0.00    0.00    0.00 ^ clkbuf_0_clk/A (sky130_fd_sc_hd__clkbuf_16)
     4    0.03    0.05    0.12    0.12 ^ clkbuf_0_clk/X (sky130_fd_sc_hd__clkbuf_16)
                                         clknet_0_clk (net)
                  0.05    0.00    0.12 ^ clkbuf_2_2__f_clk/A (sky130_fd_sc_hd__clkbuf_16)
     9    0.06    0.08    0.16    0.28 ^ clkbuf_2_2__f_clk/X (sky130_fd_sc_hd__clkbuf_16)
                                         clknet_2_2__leaf_clk (net)
                  0.08    0.00    0.28 ^ clkbuf_leaf_26_clk/A (sky130_fd_sc_hd__clkbuf_8)
     9    0.04    0.07    0.16    0.44 ^ clkbuf_leaf_26_clk/X (sky130_fd_sc_hd__clkbuf_8)
                                         clknet_leaf_26_clk (net)
                  0.07    0.00    0.45 ^ _3536_/CLK (sky130_fd_sc_hd__dfrtp_4)
     6    0.03    0.09    0.53    0.97 v _3536_/Q (sky130_fd_sc_hd__dfrtp_4)
                                         u_piso.data_serial_o[1] (net)
                  0.09    0.00    0.97 v _2449_/A (sky130_fd_sc_hd__xor2_2)
     4    0.01    0.06    0.19    1.16 v _2449_/X (sky130_fd_sc_hd__xor2_2)
                                         _0879_ (net)
                  0.06    0.00    1.16 v _2459_/A (sky130_fd_sc_hd__buf_2)
    10    0.02    0.06    0.16    1.32 v _2459_/X (sky130_fd_sc_hd__buf_2)
                                         _0889_ (net)
                  0.06    0.00    1.32 v _2460_/A (sky130_fd_sc_hd__or2b_2)
     3    0.02    0.09    0.34    1.66 v _2460_/X (sky130_fd_sc_hd__or2b_2)
                                         _0890_ (net)
                  0.09    0.00    1.66 v _2463_/A1 (sky130_fd_sc_hd__o21ai_4)
     7    0.02    0.21    0.24    1.90 ^ _2463_/Y (sky130_fd_sc_hd__o21ai_4)
                                         _0893_ (net)
                  0.21    0.00    1.90 ^ _2481_/C (sky130_fd_sc_hd__nand3_1)
     4    0.01    0.12    0.16    2.06 v _2481_/Y (sky130_fd_sc_hd__nand3_1)
                                         _0911_ (net)
                  0.12    0.00    2.06 v _2485_/A1 (sky130_fd_sc_hd__a211o_1)
     1    0.00    0.05    0.28    2.34 v _2485_/X (sky130_fd_sc_hd__a211o_1)
                                         _0915_ (net)
                  0.05    0.00    2.34 v _2495_/A2 (sky130_fd_sc_hd__a311o_1)
     1    0.01    0.08    0.34    2.69 v _2495_/X (sky130_fd_sc_hd__a311o_1)
                                         _0925_ (net)
                  0.08    0.00    2.69 v _2508_/A1 (sky130_fd_sc_hd__a221o_1)
     1    0.00    0.05    0.32    3.01 v _2508_/X (sky130_fd_sc_hd__a221o_1)
                                         _0938_ (net)
                  0.05    0.00    3.01 v _2510_/B1 (sky130_fd_sc_hd__a22o_2)
     6    0.03    0.10    0.28    3.28 v _2510_/X (sky130_fd_sc_hd__a22o_2)
                                         _0940_ (net)
                  0.10    0.00    3.28 v _2511_/A (sky130_fd_sc_hd__buf_4)
    10    0.03    0.06    0.19    3.47 v _2511_/X (sky130_fd_sc_hd__buf_4)
                                         _0941_ (net)
                  0.06    0.00    3.47 v _2875_/S (sky130_fd_sc_hd__mux2_1)
     4    0.01    0.08    0.34    3.81 v _2875_/X (sky130_fd_sc_hd__mux2_1)
                                         _1232_ (net)
                  0.08    0.00    3.81 v _2879_/A1 (sky130_fd_sc_hd__a21o_1)
     2    0.01    0.05    0.18    3.99 v _2879_/X (sky130_fd_sc_hd__a21o_1)
                                         _1236_ (net)
                  0.05    0.00    3.99 v _2885_/B (sky130_fd_sc_hd__or4_1)
     2    0.01    0.11    0.54    4.53 v _2885_/X (sky130_fd_sc_hd__or4_1)
                                         _1242_ (net)
                  0.11    0.00    4.53 v _2907_/A1 (sky130_fd_sc_hd__o211a_1)
     2    0.01    0.06    0.27    4.80 v _2907_/X (sky130_fd_sc_hd__o211a_1)
                                         _1264_ (net)
                  0.06    0.00    4.80 v _3047_/A1 (sky130_fd_sc_hd__o221a_1)
     2    0.00    0.05    0.27    5.07 v _3047_/X (sky130_fd_sc_hd__o221a_1)
                                         _1404_ (net)
                  0.05    0.00    5.07 v _3048_/B1 (sky130_fd_sc_hd__a31o_1)
     1    0.00    0.04    0.18    5.25 v _3048_/X (sky130_fd_sc_hd__a31o_1)
                                         _1405_ (net)
                  0.04    0.00    5.25 v _3066_/A2 (sky130_fd_sc_hd__o211a_1)
     1    0.00    0.05    0.21    5.46 v _3066_/X (sky130_fd_sc_hd__o211a_1)
                                         _1423_ (net)
                  0.05    0.00    5.46 v _3068_/B1 (sky130_fd_sc_hd__o22ai_1)
     1    0.00    0.12    0.11    5.57 ^ _3068_/Y (sky130_fd_sc_hd__o22ai_1)
                                         _0345_ (net)
                  0.12    0.00    5.57 ^ hold34/A (sky130_fd_sc_hd__dlygate4sd3_1)
     1    0.00    0.05    0.56    6.12 ^ hold34/X (sky130_fd_sc_hd__dlygate4sd3_1)
                                         net110 (net)
                  0.05    0.00    6.12 ^ _3577_/D (sky130_fd_sc_hd__dfrtp_1)
                                  6.12   data arrival time

                         20.00   20.00   clock clk (rise edge)
                          0.00   20.00   clock source latency
     1    0.01    0.00    0.00   20.00 ^ clk (in)
                                         clk (net)
                  0.00    0.00   20.00 ^ clkbuf_0_clk/A (sky130_fd_sc_hd__clkbuf_16)
     4    0.03    0.05    0.12   20.12 ^ clkbuf_0_clk/X (sky130_fd_sc_hd__clkbuf_16)
                                         clknet_0_clk (net)
                  0.05    0.00   20.12 ^ clkbuf_2_3__f_clk/A (sky130_fd_sc_hd__clkbuf_16)
    12    0.06    0.08    0.16   20.28 ^ clkbuf_2_3__f_clk/X (sky130_fd_sc_hd__clkbuf_16)
                                         clknet_2_3__leaf_clk (net)
                  0.08    0.00   20.28 ^ clkbuf_leaf_23_clk/A (sky130_fd_sc_hd__clkbuf_8)
     9    0.04    0.09    0.17   20.45 ^ clkbuf_leaf_23_clk/X (sky130_fd_sc_hd__clkbuf_8)
                                         clknet_leaf_23_clk (net)
                  0.09    0.00   20.45 ^ _3577_/CLK (sky130_fd_sc_hd__dfrtp_1)
                         -0.25   20.20   clock uncertainty
                          0.00   20.20   clock reconvergence pessimism
                         -0.06   20.15   library setup time
                                 20.15   data required time
-----------------------------------------------------------------------------
                                 20.15   data required time
                                 -6.12   data arrival time
-----------------------------------------------------------------------------
                                 14.03   slack (MET)




===========================================================================
report_checks --slack_max -0.01
============================================================================
======================= Typical Corner ===================================

No paths found.


===========================================================================
 report_check_types -max_slew -max_cap -max_fanout -violators
============================================================================
======================= Typical Corner ===================================

max fanout

Pin                                   Limit Fanout  Slack
---------------------------------------------------------
clkbuf_leaf_15_clk/X                     10     18     -8 (VIOLATED)
clkbuf_leaf_18_clk/X                     10     15     -5 (VIOLATED)
clkbuf_2_0__f_clk/X                      10     14     -4 (VIOLATED)
clkbuf_leaf_11_clk/X                     10     14     -4 (VIOLATED)
clkbuf_leaf_5_clk/X                      10     14     -4 (VIOLATED)
clkbuf_leaf_6_clk/X                      10     14     -4 (VIOLATED)
clkbuf_leaf_7_clk/X                      10     14     -4 (VIOLATED)
clkbuf_leaf_10_clk/X                     10     13     -3 (VIOLATED)
clkbuf_leaf_1_clk/X                      10     13     -3 (VIOLATED)
clkbuf_leaf_21_clk/X                     10     13     -3 (VIOLATED)
clkbuf_leaf_2_clk/X                      10     13     -3 (VIOLATED)
clkbuf_leaf_33_clk/X                     10     13     -3 (VIOLATED)
clkbuf_leaf_34_clk/X                     10     13     -3 (VIOLATED)
clkbuf_leaf_35_clk/X                     10     13     -3 (VIOLATED)
clkbuf_leaf_36_clk/X                     10     13     -3 (VIOLATED)
clkbuf_leaf_39_clk/X                     10     13     -3 (VIOLATED)
clkbuf_2_3__f_clk/X                      10     12     -2 (VIOLATED)
clkbuf_leaf_37_clk/X                     10     12     -2 (VIOLATED)
clkbuf_leaf_38_clk/X                     10     12     -2 (VIOLATED)
clkbuf_2_1__f_clk/X                      10     11        (VIOLATED)
clkbuf_leaf_0_clk/X                      10     11        (VIOLATED)
clkbuf_leaf_16_clk/X                     10     11        (VIOLATED)
clkbuf_leaf_3_clk/X                      10     11        (VIOLATED)
clkbuf_leaf_4_clk/X                      10     11        (VIOLATED)
clkbuf_leaf_9_clk/X                      10     11        (VIOLATED)


max slew violations count Typical: 0
max fanout violations count Typical: 25
max cap violations count Typical: 0

===========================================================================
report_parasitic_annotation -report_unannotated
============================================================================
Found 41 unannotated drivers.
 clkload0/Y
 clkload1/Y
 clkload10/Y
 clkload11/X
 clkload12/Y
 clkload13/Y
 clkload14/Y
 clkload15/X
 clkload16/X
 clkload17/Y
 clkload18/Y
 clkload19/Y
 clkload2/Y
 clkload20/X
 clkload21/Y
 clkload22/Y
 clkload23/Y
 clkload24/Y
 clkload25/Y
 clkload26/Y
 clkload27/Y
 clkload28/Y
 clkload29/Y
 clkload3/Y
 clkload30/Y
 clkload31/Y
 clkload32/Y
 clkload33/Y
 clkload34/Y
 clkload35/Y
 clkload36/Y
 clkload37/Y
 clkload38/Y
 clkload39/Y
 clkload4/X
 clkload40/Y
 clkload5/Y
 clkload6/Y
 clkload7/X
 clkload8/X
 clkload9/Y
Found 225 partially unannotated drivers.
 clk
 _1620_/X
 _1626_/X
 _1633_/Y
 _1634_/X
 _1643_/X
 _1649_/X
 _1667_/X
 _1679_/X
 _1684_/Y
 _1685_/X
 _1720_/Y
 _1721_/X
 _1757_/Y
 _1758_/X
 _1791_/Y
 _1792_/X
 _1825_/Y
 _1826_/X
 _1859_/Y
 _1860_/X
 _1894_/Y
 _1895_/X
 _1928_/Y
 _1929_/X
 _1962_/Y
 _1963_/X
 _1996_/Y
 _1997_/X
 _2030_/X
 _2031_/X
 _2064_/X
 _2065_/X
 _2098_/X
 _2099_/X
 _2132_/X
 _2133_/X
 _2182_/X
 _2188_/X
 _2193_/X
 _2194_/X
 _2195_/Y
 _2196_/X
 _2200_/X
 _2202_/Y
 _2203_/X
 _2204_/Y
 _2205_/X
 _2208_/Y
 _2210_/Y
 _2211_/X
 _2212_/Y
 _2213_/Y
 _2216_/Y
 _2217_/X
 _2218_/Y
 _2219_/X
 _2221_/Y
 _2224_/Y
 _2225_/X
 _2227_/Y
 _2228_/X
 _2229_/X
 _2231_/X
 _2239_/X
 _2242_/X
 _2245_/X
 _2252_/X
 _2257_/X
 _2258_/X
 _2259_/X
 _2272_/X
 _2276_/X
 _2332_/X
 _2334_/X
 _2345_/X
 _2349_/X
 _2350_/X
 _2354_/X
 _2368_/X
 _2369_/X
 _2376_/X
 _2384_/X
 _2399_/X
 _2405_/X
 _2443_/X
 _2448_/Y
 _2449_/X
 _2451_/X
 _2452_/Y
 _2459_/X
 _2460_/X
 _2463_/Y
 _2468_/X
 _2479_/X
 _2510_/X
 _2511_/X
 _2512_/X
 _2525_/X
 _2552_/X
 _2557_/Y
 _2563_/Y
 _2565_/X
 _2576_/Y
 _2584_/Y
 _2607_/X
 _2611_/X
 _2612_/X
 _2619_/X
 _2650_/X
 _2653_/X
 _2654_/Y
 _2656_/Y
 _2658_/Y
 _2664_/X
 _2665_/X
 _2671_/X
 _2673_/X
 _2676_/X
 _2682_/Y
 _2683_/X
 _2770_/X
 _2775_/X
 _2784_/X
 _2789_/X
 _2837_/X
 _2843_/X
 _2846_/X
 _2850_/X
 _2855_/X
 _2856_/Y
 _2859_/X
 _2873_/X
 _2875_/X
 _2876_/Y
 _2917_/Y
 _2928_/Y
 _2945_/X
 _2946_/X
 _2948_/X
 _2955_/X
 _2957_/X
 _2962_/X
 _2966_/X
 _2972_/X
 _2974_/X
 _3000_/X
 _3027_/X
 _3032_/Y
 _3047_/X
 _3060_/Y
 _3069_/X
 _3106_/X
 _3139_/X
 _3181_/X
 _3332_/Q
 _3408_/Q
 _3409_/Q
 _3425_/Q
 _3441_/Q
 _3476_/Q
 _3496_/Q
 _3497_/Q
 _3498_/Q
 _3524_/Q
 _3525_/Q
 _3527_/Q
 _3528_/Q
 _3549_/Q
 _3570_/Q
 _3572_/Q
 _3585_/Q
 _3587_/Q
 _3590_/Q
 _3615_/Q
 _3616_/Q
 _3627_/Q
 _3629_/Q
 _3630_/Q
 _3632_/Q
 _3634_/Q
 clkbuf_0_clk/X
 clkbuf_2_0__f_clk/X
 clkbuf_2_1__f_clk/X
 clkbuf_2_2__f_clk/X
 clkbuf_2_3__f_clk/X
 clkbuf_leaf_11_clk/X
 clkbuf_leaf_19_clk/X
 clkbuf_leaf_25_clk/X
 clkbuf_leaf_27_clk/X
 clkbuf_leaf_33_clk/X
 clkbuf_leaf_36_clk/X
 clkbuf_leaf_37_clk/X
 clkbuf_leaf_3_clk/X
 clkbuf_leaf_4_clk/X
 clkbuf_leaf_5_clk/X
 fanout58/X
 fanout59/X
 fanout61/X
 fanout67/X
 fanout69/X
 fanout70/X
 fanout71/X
 fanout72/X
 fanout75/X
 hold193/X
 input10/X
 input11/X
 input17/X
 input2/X
 input3/X
 input4/X
 input5/X
 input6/X
 input7/X
 max_cap33/X
 max_cap34/X
 max_cap43/X
 max_cap47/X
 max_cap49/X
 max_cap51/X
 max_cap52/X
 max_cap53/X
 wire40/X
 wire55/X

===========================================================================
max slew violation count 0
max fanout violation count 25
max cap violation count 0
============================================================================

===========================================================================
check_setup -verbose -unconstrained_endpoints -multiple_clock -no_clock -no_input_delay -loops -generated_clocks
===========================================================================
